2024/08/19 04:52:25 - mmengine - INFO - 
------------------------------------------------------------
System environment:
    sys.platform: linux
    Python: 3.8.19 (default, Mar 20 2024, 19:58:24) [GCC 11.2.0]
    CUDA available: True
    MUSA available: False
    numpy_random_seed: 148941312
    GPU 0: NVIDIA TITAN X (Pascal)
    CUDA_HOME: /usr
    NVCC: Cuda compilation tools, release 11.2, V11.2.152
    GCC: gcc (Debian 10.2.1-6) 10.2.1 20210110
    PyTorch: 1.12.1
    PyTorch compiling details: PyTorch built with:
  - GCC 9.3
  - C++ Version: 201402
  - Intel(R) oneAPI Math Kernel Library Version 2023.1-Product Build 20230303 for Intel(R) 64 architecture applications
  - Intel(R) MKL-DNN v2.6.0 (Git Hash 52b5f107dd9cf10910aaa19cb47f3abf9b349815)
  - OpenMP 201511 (a.k.a. OpenMP 4.5)
  - LAPACK is enabled (usually provided by MKL)
  - NNPACK is enabled
  - CPU capability usage: AVX2
  - CUDA Runtime 11.3
  - NVCC architecture flags: -gencode;arch=compute_37,code=sm_37;-gencode;arch=compute_50,code=sm_50;-gencode;arch=compute_60,code=sm_60;-gencode;arch=compute_61,code=sm_61;-gencode;arch=compute_70,code=sm_70;-gencode;arch=compute_75,code=sm_75;-gencode;arch=compute_80,code=sm_80;-gencode;arch=compute_86,code=sm_86;-gencode;arch=compute_37,code=compute_37
  - CuDNN 8.3.2  (built against CUDA 11.5)
  - Magma 2.5.2
  - Build settings: BLAS_INFO=mkl, BUILD_TYPE=Release, CUDA_VERSION=11.3, CUDNN_VERSION=8.3.2, CXX_COMPILER=/opt/rh/devtoolset-9/root/usr/bin/c++, CXX_FLAGS= -fabi-version=11 -Wno-deprecated -fvisibility-inlines-hidden -DUSE_PTHREADPOOL -fopenmp -DNDEBUG -DUSE_KINETO -DUSE_FBGEMM -DUSE_QNNPACK -DUSE_PYTORCH_QNNPACK -DUSE_XNNPACK -DSYMBOLICATE_MOBILE_DEBUG_HANDLE -DEDGE_PROFILER_USE_KINETO -O2 -fPIC -Wno-narrowing -Wall -Wextra -Werror=return-type -Wno-missing-field-initializers -Wno-type-limits -Wno-array-bounds -Wno-unknown-pragmas -Wno-unused-parameter -Wno-unused-function -Wno-unused-result -Wno-unused-local-typedefs -Wno-strict-overflow -Wno-strict-aliasing -Wno-error=deprecated-declarations -Wno-stringop-overflow -Wno-psabi -Wno-error=pedantic -Wno-error=redundant-decls -Wno-error=old-style-cast -fdiagnostics-color=always -faligned-new -Wno-unused-but-set-variable -Wno-maybe-uninitialized -fno-math-errno -fno-trapping-math -Werror=format -Werror=cast-function-type -Wno-stringop-overflow, LAPACK_INFO=mkl, PERF_WITH_AVX=1, PERF_WITH_AVX2=1, PERF_WITH_AVX512=1, TORCH_VERSION=1.12.1, USE_CUDA=ON, USE_CUDNN=ON, USE_EXCEPTION_PTR=1, USE_GFLAGS=OFF, USE_GLOG=OFF, USE_MKL=ON, USE_MKLDNN=OFF, USE_MPI=OFF, USE_NCCL=ON, USE_NNPACK=ON, USE_OPENMP=ON, USE_ROCM=OFF, 

    TorchVision: 0.13.1
    OpenCV: 4.10.0
    MMEngine: 0.10.4

Runtime environment:
    cudnn_benchmark: False
    dist_cfg: {'backend': 'nccl'}
    mp_cfg: {'mp_start_method': 'fork', 'opencv_num_threads': 0}
    seed: 148941312
    Distributed launcher: none
    Distributed training: False
    GPU number: 1
------------------------------------------------------------

2024/08/19 04:52:25 - mmengine - INFO - Config:
auto_scale_lr = dict(base_batch_size=16, enable=False)
backend_args = None
data_root = '/scratch/hshang/moody/final_training_set'
dataset_type = 'CocoDataset'
default_hooks = dict(
    checkpoint=dict(interval=3, type='CheckpointHook'),
    logger=dict(interval=100, type='LoggerHook'),
    param_scheduler=dict(type='ParamSchedulerHook'),
    sampler_seed=dict(type='DistSamplerSeedHook'),
    timer=dict(type='IterTimerHook'),
    visualization=dict(type='DetVisualizationHook'))
default_scope = 'mmdet'
env_cfg = dict(
    cudnn_benchmark=False,
    dist_cfg=dict(backend='nccl'),
    mp_cfg=dict(mp_start_method='fork', opencv_num_threads=0))
launcher = 'none'
load_from = '/scratch/hshang/moody/final_phase_submission/official-phase-mins-eth/TeamCode/src/checkpoints/mask_rcnn_r101_caffe_fpn_1x_coco_20200601_095758-805e06c1.pth'
log_level = 'INFO'
log_processor = dict(by_epoch=True, type='LogProcessor', window_size=50)
metainfo = dict(
    classes=('ecg_lead', ), palette=[
        (
            220,
            20,
            60,
        ),
    ])
model = dict(
    backbone=dict(
        depth=101,
        frozen_stages=1,
        init_cfg=dict(
            checkpoint='TeamCode/src/checkpoints/resnet101_msra-6cc46731.pth',
            type='Pretrained'),
        norm_cfg=dict(requires_grad=False, type='BN'),
        norm_eval=True,
        num_stages=4,
        out_indices=(
            0,
            1,
            2,
            3,
        ),
        style='caffe',
        type='ResNet'),
    data_preprocessor=dict(
        bgr_to_rgb=False,
        mean=[
            103.53,
            116.28,
            123.675,
        ],
        pad_mask=True,
        pad_size_divisor=32,
        std=[
            1.0,
            1.0,
            1.0,
        ],
        type='DetDataPreprocessor'),
    neck=dict(
        in_channels=[
            256,
            512,
            1024,
            2048,
        ],
        num_outs=5,
        out_channels=256,
        type='FPN'),
    roi_head=dict(
        bbox_head=dict(
            bbox_coder=dict(
                target_means=[
                    0.0,
                    0.0,
                    0.0,
                    0.0,
                ],
                target_stds=[
                    0.1,
                    0.1,
                    0.2,
                    0.2,
                ],
                type='DeltaXYWHBBoxCoder'),
            fc_out_channels=1024,
            in_channels=256,
            loss_bbox=dict(loss_weight=2.0, type='L1Loss'),
            loss_cls=dict(
                loss_weight=0.5, type='CrossEntropyLoss', use_sigmoid=False),
            num_classes=1,
            reg_class_agnostic=False,
            roi_feat_size=7,
            type='Shared2FCBBoxHead'),
        bbox_roi_extractor=dict(
            featmap_strides=[
                4,
                8,
                16,
                32,
            ],
            out_channels=256,
            roi_layer=dict(output_size=7, sampling_ratio=0, type='RoIAlign'),
            type='SingleRoIExtractor'),
        type='StandardRoIHead'),
    rpn_head=dict(
        anchor_generator=dict(
            ratios=[
                0.1,
                0.3,
                0.5,
                1.0,
                2.0,
            ],
            scales=[
                8,
            ],
            strides=[
                4,
                8,
                16,
                32,
                64,
            ],
            type='AnchorGenerator'),
        bbox_coder=dict(
            target_means=[
                0.0,
                0.0,
                0.0,
                0.0,
            ],
            target_stds=[
                1.0,
                1.0,
                1.0,
                1.0,
            ],
            type='DeltaXYWHBBoxCoder'),
        feat_channels=256,
        in_channels=256,
        loss_bbox=dict(loss_weight=1.0, type='L1Loss'),
        loss_cls=dict(
            loss_weight=1.0, type='CrossEntropyLoss', use_sigmoid=True),
        type='RPNHead'),
    test_cfg=dict(
        rcnn=dict(
            mask_thr_binary=0.5,
            max_per_img=100,
            nms=dict(iou_threshold=0.5, type='nms'),
            score_thr=0.05),
        rpn=dict(
            max_per_img=100,
            min_bbox_size=10,
            nms=dict(iou_threshold=0.7, type='nms'),
            nms_pre=500)),
    train_cfg=dict(
        rcnn=dict(
            assigner=dict(
                ignore_iof_thr=-1,
                match_low_quality=True,
                min_pos_iou=0.8,
                neg_iou_thr=0.7,
                pos_iou_thr=0.8,
                type='MaxIoUAssigner'),
            debug=False,
            mask_size=112,
            pos_weight=2.0,
            sampler=dict(
                add_gt_as_proposals=True,
                neg_pos_ub=-1,
                num=1028,
                pos_fraction=0.6,
                type='RandomSampler')),
        rpn=dict(
            allowed_border=-1,
            assigner=dict(
                ignore_iof_thr=-1,
                match_low_quality=True,
                min_pos_iou=0.3,
                neg_iou_thr=0.2,
                pos_iou_thr=0.7,
                type='MaxIoUAssigner'),
            debug=False,
            pos_weight=2.0,
            sampler=dict(
                add_gt_as_proposals=False,
                neg_pos_ub=-1,
                num=256,
                pos_fraction=0.6,
                type='RandomSampler')),
        rpn_proposal=dict(
            max_per_img=200,
            min_bbox_size=10,
            nms=dict(iou_threshold=0.6, type='nms'),
            nms_pre=500)),
    type='MaskRCNN')
optim_wrapper = dict(
    loss_scale='dynamic',
    optimizer=dict(lr=0.0025, momentum=0.9, type='SGD', weight_decay=0.0001),
    type='AmpOptimWrapper')
param_scheduler = [
    dict(
        begin=0, by_epoch=False, end=500, start_factor=0.001, type='LinearLR'),
    dict(
        begin=0,
        by_epoch=True,
        end=12,
        gamma=0.1,
        milestones=[
            8,
            11,
        ],
        type='MultiStepLR'),
]
resume = False
test_cfg = dict(type='TestLoop')
test_dataloader = dict(
    batch_size=1,
    dataset=dict(
        ann_file='annotation_coco.json',
        backend_args=None,
        data_prefix=dict(img=''),
        data_root='/scratch/hshang/moody/train_set/00000',
        metainfo=dict(classes=('ecg_lead', ), palette=[
            (
                220,
                20,
                60,
            ),
        ]),
        pipeline=[
            dict(backend_args=None, type='LoadImageFromFile'),
            dict(keep_ratio=True, scale=(
                1333,
                800,
            ), type='Resize'),
            dict(
                poly2mask=True,
                type='LoadAnnotations',
                with_bbox=True,
                with_mask=True),
            dict(
                meta_keys=(
                    'img_id',
                    'img_path',
                    'ori_shape',
                    'img_shape',
                    'scale_factor',
                ),
                type='PackDetInputs'),
        ],
        test_mode=True,
        type='CocoDataset'),
    drop_last=False,
    num_workers=2,
    persistent_workers=True,
    sampler=dict(shuffle=False, type='DefaultSampler'))
test_evaluator = dict(
    ann_file='/scratch/hshang/moody/train_set/00000/annotation_coco.json',
    backend_args=None,
    format_only=False,
    metric=[
        'bbox',
        'segm',
    ],
    type='CocoMetric')
test_pipeline = [
    dict(backend_args=None, type='LoadImageFromFile'),
    dict(keep_ratio=True, scale=(
        1333,
        800,
    ), type='Resize'),
    dict(
        poly2mask=True, type='LoadAnnotations', with_bbox=True,
        with_mask=True),
    dict(
        meta_keys=(
            'img_id',
            'img_path',
            'ori_shape',
            'img_shape',
            'scale_factor',
        ),
        type='PackDetInputs'),
]
train_cfg = dict(max_epochs=24, type='EpochBasedTrainLoop', val_interval=3)
train_dataloader = dict(
    batch_sampler=dict(type='AspectRatioBatchSampler'),
    batch_size=1,
    dataset=dict(
        ann_file='annotation_coco.json',
        backend_args=None,
        data_prefix=dict(img=''),
        data_root='/scratch/hshang/moody/final_training_set',
        filter_cfg=dict(filter_empty_gt=True, min_size=32),
        metainfo=dict(classes=('ecg_lead', ), palette=[
            (
                220,
                20,
                60,
            ),
        ]),
        pipeline=[
            dict(backend_args=None, type='LoadImageFromFile'),
            dict(
                poly2mask=True,
                type='LoadAnnotations',
                with_bbox=True,
                with_mask=True),
            dict(
                keep_ratio=True,
                scales=[
                    (
                        1333,
                        640,
                    ),
                    (
                        1333,
                        672,
                    ),
                    (
                        1333,
                        704,
                    ),
                    (
                        1333,
                        736,
                    ),
                    (
                        1333,
                        768,
                    ),
                    (
                        1333,
                        800,
                    ),
                ],
                type='RandomChoiceResize'),
            dict(prob=0.5, type='RandomFlip'),
            dict(type='PackDetInputs'),
        ],
        type='CocoDataset'),
    num_workers=2,
    persistent_workers=True,
    sampler=dict(shuffle=True, type='DefaultSampler'))
train_pipeline = [
    dict(backend_args=None, type='LoadImageFromFile'),
    dict(
        poly2mask=True, type='LoadAnnotations', with_bbox=True,
        with_mask=True),
    dict(
        keep_ratio=True,
        scales=[
            (
                1333,
                640,
            ),
            (
                1333,
                672,
            ),
            (
                1333,
                704,
            ),
            (
                1333,
                736,
            ),
            (
                1333,
                768,
            ),
            (
                1333,
                800,
            ),
        ],
        type='RandomChoiceResize'),
    dict(prob=0.5, type='RandomFlip'),
    dict(type='PackDetInputs'),
]
val_cfg = None
val_dataloader = None
val_evaluator = None
vis_backends = [
    dict(type='LocalVisBackend'),
]
visualizer = dict(
    name='visualizer',
    type='DetLocalVisualizer',
    vis_backends=[
        dict(type='LocalVisBackend'),
    ])
work_dir = '/scratch/hshang/moody/final_phase_submission/official-phase-mins-eth/model'

2024/08/19 04:52:28 - mmengine - INFO - Distributed training is not used, all SyncBatchNorm (SyncBN) layers in the model will be automatically reverted to BatchNormXd layers if they are used.
2024/08/19 04:52:28 - mmengine - INFO - Hooks will be executed in the following order:
before_run:
(VERY_HIGH   ) RuntimeInfoHook                    
(BELOW_NORMAL) LoggerHook                         
 -------------------- 
before_train:
(VERY_HIGH   ) RuntimeInfoHook                    
(NORMAL      ) IterTimerHook                      
(VERY_LOW    ) CheckpointHook                     
 -------------------- 
before_train_epoch:
(VERY_HIGH   ) RuntimeInfoHook                    
(NORMAL      ) IterTimerHook                      
(NORMAL      ) DistSamplerSeedHook                
 -------------------- 
before_train_iter:
(VERY_HIGH   ) RuntimeInfoHook                    
(NORMAL      ) IterTimerHook                      
 -------------------- 
after_train_iter:
(VERY_HIGH   ) RuntimeInfoHook                    
(NORMAL      ) IterTimerHook                      
(BELOW_NORMAL) LoggerHook                         
(LOW         ) ParamSchedulerHook                 
(VERY_LOW    ) CheckpointHook                     
 -------------------- 
after_train_epoch:
(NORMAL      ) IterTimerHook                      
(LOW         ) ParamSchedulerHook                 
(VERY_LOW    ) CheckpointHook                     
 -------------------- 
before_val:
(VERY_HIGH   ) RuntimeInfoHook                    
 -------------------- 
before_val_epoch:
(NORMAL      ) IterTimerHook                      
 -------------------- 
before_val_iter:
(NORMAL      ) IterTimerHook                      
 -------------------- 
after_val_iter:
(NORMAL      ) IterTimerHook                      
(NORMAL      ) DetVisualizationHook               
(BELOW_NORMAL) LoggerHook                         
 -------------------- 
after_val_epoch:
(VERY_HIGH   ) RuntimeInfoHook                    
(NORMAL      ) IterTimerHook                      
(BELOW_NORMAL) LoggerHook                         
(LOW         ) ParamSchedulerHook                 
(VERY_LOW    ) CheckpointHook                     
 -------------------- 
after_val:
(VERY_HIGH   ) RuntimeInfoHook                    
 -------------------- 
after_train:
(VERY_HIGH   ) RuntimeInfoHook                    
(VERY_LOW    ) CheckpointHook                     
 -------------------- 
before_test:
(VERY_HIGH   ) RuntimeInfoHook                    
 -------------------- 
before_test_epoch:
(NORMAL      ) IterTimerHook                      
 -------------------- 
before_test_iter:
(NORMAL      ) IterTimerHook                      
 -------------------- 
after_test_iter:
(NORMAL      ) IterTimerHook                      
(NORMAL      ) DetVisualizationHook               
(BELOW_NORMAL) LoggerHook                         
 -------------------- 
after_test_epoch:
(VERY_HIGH   ) RuntimeInfoHook                    
(NORMAL      ) IterTimerHook                      
(BELOW_NORMAL) LoggerHook                         
 -------------------- 
after_test:
(VERY_HIGH   ) RuntimeInfoHook                    
 -------------------- 
after_run:
(BELOW_NORMAL) LoggerHook                         
 -------------------- 
2024/08/19 04:52:29 - mmengine - INFO - load model from: TeamCode/src/checkpoints/resnet101_msra-6cc46731.pth
2024/08/19 04:52:29 - mmengine - INFO - Loads checkpoint by local backend from path: TeamCode/src/checkpoints/resnet101_msra-6cc46731.pth
Name of parameter - Initialization information

backbone.conv1.weight - torch.Size([64, 3, 7, 7]): 
PretrainedInit: load from TeamCode/src/checkpoints/resnet101_msra-6cc46731.pth 

backbone.bn1.weight - torch.Size([64]): 
PretrainedInit: load from TeamCode/src/checkpoints/resnet101_msra-6cc46731.pth 

backbone.bn1.bias - torch.Size([64]): 
PretrainedInit: load from TeamCode/src/checkpoints/resnet101_msra-6cc46731.pth 

backbone.layer1.0.conv1.weight - torch.Size([64, 64, 1, 1]): 
PretrainedInit: load from TeamCode/src/checkpoints/resnet101_msra-6cc46731.pth 

backbone.layer1.0.bn1.weight - torch.Size([64]): 
PretrainedInit: load from TeamCode/src/checkpoints/resnet101_msra-6cc46731.pth 

backbone.layer1.0.bn1.bias - torch.Size([64]): 
PretrainedInit: load from TeamCode/src/checkpoints/resnet101_msra-6cc46731.pth 

backbone.layer1.0.conv2.weight - torch.Size([64, 64, 3, 3]): 
PretrainedInit: load from TeamCode/src/checkpoints/resnet101_msra-6cc46731.pth 

backbone.layer1.0.bn2.weight - torch.Size([64]): 
PretrainedInit: load from TeamCode/src/checkpoints/resnet101_msra-6cc46731.pth 

backbone.layer1.0.bn2.bias - torch.Size([64]): 
PretrainedInit: load from TeamCode/src/checkpoints/resnet101_msra-6cc46731.pth 

backbone.layer1.0.conv3.weight - torch.Size([256, 64, 1, 1]): 
PretrainedInit: load from TeamCode/src/checkpoints/resnet101_msra-6cc46731.pth 

backbone.layer1.0.bn3.weight - torch.Size([256]): 
PretrainedInit: load from TeamCode/src/checkpoints/resnet101_msra-6cc46731.pth 

backbone.layer1.0.bn3.bias - torch.Size([256]): 
PretrainedInit: load from TeamCode/src/checkpoints/resnet101_msra-6cc46731.pth 

backbone.layer1.0.downsample.0.weight - torch.Size([256, 64, 1, 1]): 
PretrainedInit: load from TeamCode/src/checkpoints/resnet101_msra-6cc46731.pth 

backbone.layer1.0.downsample.1.weight - torch.Size([256]): 
PretrainedInit: load from TeamCode/src/checkpoints/resnet101_msra-6cc46731.pth 

backbone.layer1.0.downsample.1.bias - torch.Size([256]): 
PretrainedInit: load from TeamCode/src/checkpoints/resnet101_msra-6cc46731.pth 

backbone.layer1.1.conv1.weight - torch.Size([64, 256, 1, 1]): 
PretrainedInit: load from TeamCode/src/checkpoints/resnet101_msra-6cc46731.pth 

backbone.layer1.1.bn1.weight - torch.Size([64]): 
PretrainedInit: load from TeamCode/src/checkpoints/resnet101_msra-6cc46731.pth 

backbone.layer1.1.bn1.bias - torch.Size([64]): 
PretrainedInit: load from TeamCode/src/checkpoints/resnet101_msra-6cc46731.pth 

backbone.layer1.1.conv2.weight - torch.Size([64, 64, 3, 3]): 
PretrainedInit: load from TeamCode/src/checkpoints/resnet101_msra-6cc46731.pth 

backbone.layer1.1.bn2.weight - torch.Size([64]): 
PretrainedInit: load from TeamCode/src/checkpoints/resnet101_msra-6cc46731.pth 

backbone.layer1.1.bn2.bias - torch.Size([64]): 
PretrainedInit: load from TeamCode/src/checkpoints/resnet101_msra-6cc46731.pth 

backbone.layer1.1.conv3.weight - torch.Size([256, 64, 1, 1]): 
PretrainedInit: load from TeamCode/src/checkpoints/resnet101_msra-6cc46731.pth 

backbone.layer1.1.bn3.weight - torch.Size([256]): 
PretrainedInit: load from TeamCode/src/checkpoints/resnet101_msra-6cc46731.pth 

backbone.layer1.1.bn3.bias - torch.Size([256]): 
PretrainedInit: load from TeamCode/src/checkpoints/resnet101_msra-6cc46731.pth 

backbone.layer1.2.conv1.weight - torch.Size([64, 256, 1, 1]): 
PretrainedInit: load from TeamCode/src/checkpoints/resnet101_msra-6cc46731.pth 

backbone.layer1.2.bn1.weight - torch.Size([64]): 
PretrainedInit: load from TeamCode/src/checkpoints/resnet101_msra-6cc46731.pth 

backbone.layer1.2.bn1.bias - torch.Size([64]): 
PretrainedInit: load from TeamCode/src/checkpoints/resnet101_msra-6cc46731.pth 

backbone.layer1.2.conv2.weight - torch.Size([64, 64, 3, 3]): 
PretrainedInit: load from TeamCode/src/checkpoints/resnet101_msra-6cc46731.pth 

backbone.layer1.2.bn2.weight - torch.Size([64]): 
PretrainedInit: load from TeamCode/src/checkpoints/resnet101_msra-6cc46731.pth 

backbone.layer1.2.bn2.bias - torch.Size([64]): 
PretrainedInit: load from TeamCode/src/checkpoints/resnet101_msra-6cc46731.pth 

backbone.layer1.2.conv3.weight - torch.Size([256, 64, 1, 1]): 
PretrainedInit: load from TeamCode/src/checkpoints/resnet101_msra-6cc46731.pth 

backbone.layer1.2.bn3.weight - torch.Size([256]): 
PretrainedInit: load from TeamCode/src/checkpoints/resnet101_msra-6cc46731.pth 

backbone.layer1.2.bn3.bias - torch.Size([256]): 
PretrainedInit: load from TeamCode/src/checkpoints/resnet101_msra-6cc46731.pth 

backbone.layer2.0.conv1.weight - torch.Size([128, 256, 1, 1]): 
PretrainedInit: load from TeamCode/src/checkpoints/resnet101_msra-6cc46731.pth 

backbone.layer2.0.bn1.weight - torch.Size([128]): 
PretrainedInit: load from TeamCode/src/checkpoints/resnet101_msra-6cc46731.pth 

backbone.layer2.0.bn1.bias - torch.Size([128]): 
PretrainedInit: load from TeamCode/src/checkpoints/resnet101_msra-6cc46731.pth 

backbone.layer2.0.conv2.weight - torch.Size([128, 128, 3, 3]): 
PretrainedInit: load from TeamCode/src/checkpoints/resnet101_msra-6cc46731.pth 

backbone.layer2.0.bn2.weight - torch.Size([128]): 
PretrainedInit: load from TeamCode/src/checkpoints/resnet101_msra-6cc46731.pth 

backbone.layer2.0.bn2.bias - torch.Size([128]): 
PretrainedInit: load from TeamCode/src/checkpoints/resnet101_msra-6cc46731.pth 

backbone.layer2.0.conv3.weight - torch.Size([512, 128, 1, 1]): 
PretrainedInit: load from TeamCode/src/checkpoints/resnet101_msra-6cc46731.pth 

backbone.layer2.0.bn3.weight - torch.Size([512]): 
PretrainedInit: load from TeamCode/src/checkpoints/resnet101_msra-6cc46731.pth 

backbone.layer2.0.bn3.bias - torch.Size([512]): 
PretrainedInit: load from TeamCode/src/checkpoints/resnet101_msra-6cc46731.pth 

backbone.layer2.0.downsample.0.weight - torch.Size([512, 256, 1, 1]): 
PretrainedInit: load from TeamCode/src/checkpoints/resnet101_msra-6cc46731.pth 

backbone.layer2.0.downsample.1.weight - torch.Size([512]): 
PretrainedInit: load from TeamCode/src/checkpoints/resnet101_msra-6cc46731.pth 

backbone.layer2.0.downsample.1.bias - torch.Size([512]): 
PretrainedInit: load from TeamCode/src/checkpoints/resnet101_msra-6cc46731.pth 

backbone.layer2.1.conv1.weight - torch.Size([128, 512, 1, 1]): 
PretrainedInit: load from TeamCode/src/checkpoints/resnet101_msra-6cc46731.pth 

backbone.layer2.1.bn1.weight - torch.Size([128]): 
PretrainedInit: load from TeamCode/src/checkpoints/resnet101_msra-6cc46731.pth 

backbone.layer2.1.bn1.bias - torch.Size([128]): 
PretrainedInit: load from TeamCode/src/checkpoints/resnet101_msra-6cc46731.pth 

backbone.layer2.1.conv2.weight - torch.Size([128, 128, 3, 3]): 
PretrainedInit: load from TeamCode/src/checkpoints/resnet101_msra-6cc46731.pth 

backbone.layer2.1.bn2.weight - torch.Size([128]): 
PretrainedInit: load from TeamCode/src/checkpoints/resnet101_msra-6cc46731.pth 

backbone.layer2.1.bn2.bias - torch.Size([128]): 
PretrainedInit: load from TeamCode/src/checkpoints/resnet101_msra-6cc46731.pth 

backbone.layer2.1.conv3.weight - torch.Size([512, 128, 1, 1]): 
PretrainedInit: load from TeamCode/src/checkpoints/resnet101_msra-6cc46731.pth 

backbone.layer2.1.bn3.weight - torch.Size([512]): 
PretrainedInit: load from TeamCode/src/checkpoints/resnet101_msra-6cc46731.pth 

backbone.layer2.1.bn3.bias - torch.Size([512]): 
PretrainedInit: load from TeamCode/src/checkpoints/resnet101_msra-6cc46731.pth 

backbone.layer2.2.conv1.weight - torch.Size([128, 512, 1, 1]): 
PretrainedInit: load from TeamCode/src/checkpoints/resnet101_msra-6cc46731.pth 

backbone.layer2.2.bn1.weight - torch.Size([128]): 
PretrainedInit: load from TeamCode/src/checkpoints/resnet101_msra-6cc46731.pth 

backbone.layer2.2.bn1.bias - torch.Size([128]): 
PretrainedInit: load from TeamCode/src/checkpoints/resnet101_msra-6cc46731.pth 

backbone.layer2.2.conv2.weight - torch.Size([128, 128, 3, 3]): 
PretrainedInit: load from TeamCode/src/checkpoints/resnet101_msra-6cc46731.pth 

backbone.layer2.2.bn2.weight - torch.Size([128]): 
PretrainedInit: load from TeamCode/src/checkpoints/resnet101_msra-6cc46731.pth 

backbone.layer2.2.bn2.bias - torch.Size([128]): 
PretrainedInit: load from TeamCode/src/checkpoints/resnet101_msra-6cc46731.pth 

backbone.layer2.2.conv3.weight - torch.Size([512, 128, 1, 1]): 
PretrainedInit: load from TeamCode/src/checkpoints/resnet101_msra-6cc46731.pth 

backbone.layer2.2.bn3.weight - torch.Size([512]): 
PretrainedInit: load from TeamCode/src/checkpoints/resnet101_msra-6cc46731.pth 

backbone.layer2.2.bn3.bias - torch.Size([512]): 
PretrainedInit: load from TeamCode/src/checkpoints/resnet101_msra-6cc46731.pth 

backbone.layer2.3.conv1.weight - torch.Size([128, 512, 1, 1]): 
PretrainedInit: load from TeamCode/src/checkpoints/resnet101_msra-6cc46731.pth 

backbone.layer2.3.bn1.weight - torch.Size([128]): 
PretrainedInit: load from TeamCode/src/checkpoints/resnet101_msra-6cc46731.pth 

backbone.layer2.3.bn1.bias - torch.Size([128]): 
PretrainedInit: load from TeamCode/src/checkpoints/resnet101_msra-6cc46731.pth 

backbone.layer2.3.conv2.weight - torch.Size([128, 128, 3, 3]): 
PretrainedInit: load from TeamCode/src/checkpoints/resnet101_msra-6cc46731.pth 

backbone.layer2.3.bn2.weight - torch.Size([128]): 
PretrainedInit: load from TeamCode/src/checkpoints/resnet101_msra-6cc46731.pth 

backbone.layer2.3.bn2.bias - torch.Size([128]): 
PretrainedInit: load from TeamCode/src/checkpoints/resnet101_msra-6cc46731.pth 

backbone.layer2.3.conv3.weight - torch.Size([512, 128, 1, 1]): 
PretrainedInit: load from TeamCode/src/checkpoints/resnet101_msra-6cc46731.pth 

backbone.layer2.3.bn3.weight - torch.Size([512]): 
PretrainedInit: load from TeamCode/src/checkpoints/resnet101_msra-6cc46731.pth 

backbone.layer2.3.bn3.bias - torch.Size([512]): 
PretrainedInit: load from TeamCode/src/checkpoints/resnet101_msra-6cc46731.pth 

backbone.layer3.0.conv1.weight - torch.Size([256, 512, 1, 1]): 
PretrainedInit: load from TeamCode/src/checkpoints/resnet101_msra-6cc46731.pth 

backbone.layer3.0.bn1.weight - torch.Size([256]): 
PretrainedInit: load from TeamCode/src/checkpoints/resnet101_msra-6cc46731.pth 

backbone.layer3.0.bn1.bias - torch.Size([256]): 
PretrainedInit: load from TeamCode/src/checkpoints/resnet101_msra-6cc46731.pth 

backbone.layer3.0.conv2.weight - torch.Size([256, 256, 3, 3]): 
PretrainedInit: load from TeamCode/src/checkpoints/resnet101_msra-6cc46731.pth 

backbone.layer3.0.bn2.weight - torch.Size([256]): 
PretrainedInit: load from TeamCode/src/checkpoints/resnet101_msra-6cc46731.pth 

backbone.layer3.0.bn2.bias - torch.Size([256]): 
PretrainedInit: load from TeamCode/src/checkpoints/resnet101_msra-6cc46731.pth 

backbone.layer3.0.conv3.weight - torch.Size([1024, 256, 1, 1]): 
PretrainedInit: load from TeamCode/src/checkpoints/resnet101_msra-6cc46731.pth 

backbone.layer3.0.bn3.weight - torch.Size([1024]): 
PretrainedInit: load from TeamCode/src/checkpoints/resnet101_msra-6cc46731.pth 

backbone.layer3.0.bn3.bias - torch.Size([1024]): 
PretrainedInit: load from TeamCode/src/checkpoints/resnet101_msra-6cc46731.pth 

backbone.layer3.0.downsample.0.weight - torch.Size([1024, 512, 1, 1]): 
PretrainedInit: load from TeamCode/src/checkpoints/resnet101_msra-6cc46731.pth 

backbone.layer3.0.downsample.1.weight - torch.Size([1024]): 
PretrainedInit: load from TeamCode/src/checkpoints/resnet101_msra-6cc46731.pth 

backbone.layer3.0.downsample.1.bias - torch.Size([1024]): 
PretrainedInit: load from TeamCode/src/checkpoints/resnet101_msra-6cc46731.pth 

backbone.layer3.1.conv1.weight - torch.Size([256, 1024, 1, 1]): 
PretrainedInit: load from TeamCode/src/checkpoints/resnet101_msra-6cc46731.pth 

backbone.layer3.1.bn1.weight - torch.Size([256]): 
PretrainedInit: load from TeamCode/src/checkpoints/resnet101_msra-6cc46731.pth 

backbone.layer3.1.bn1.bias - torch.Size([256]): 
PretrainedInit: load from TeamCode/src/checkpoints/resnet101_msra-6cc46731.pth 

backbone.layer3.1.conv2.weight - torch.Size([256, 256, 3, 3]): 
PretrainedInit: load from TeamCode/src/checkpoints/resnet101_msra-6cc46731.pth 

backbone.layer3.1.bn2.weight - torch.Size([256]): 
PretrainedInit: load from TeamCode/src/checkpoints/resnet101_msra-6cc46731.pth 

backbone.layer3.1.bn2.bias - torch.Size([256]): 
PretrainedInit: load from TeamCode/src/checkpoints/resnet101_msra-6cc46731.pth 

backbone.layer3.1.conv3.weight - torch.Size([1024, 256, 1, 1]): 
PretrainedInit: load from TeamCode/src/checkpoints/resnet101_msra-6cc46731.pth 

backbone.layer3.1.bn3.weight - torch.Size([1024]): 
PretrainedInit: load from TeamCode/src/checkpoints/resnet101_msra-6cc46731.pth 

backbone.layer3.1.bn3.bias - torch.Size([1024]): 
PretrainedInit: load from TeamCode/src/checkpoints/resnet101_msra-6cc46731.pth 

backbone.layer3.2.conv1.weight - torch.Size([256, 1024, 1, 1]): 
PretrainedInit: load from TeamCode/src/checkpoints/resnet101_msra-6cc46731.pth 

backbone.layer3.2.bn1.weight - torch.Size([256]): 
PretrainedInit: load from TeamCode/src/checkpoints/resnet101_msra-6cc46731.pth 

backbone.layer3.2.bn1.bias - torch.Size([256]): 
PretrainedInit: load from TeamCode/src/checkpoints/resnet101_msra-6cc46731.pth 

backbone.layer3.2.conv2.weight - torch.Size([256, 256, 3, 3]): 
PretrainedInit: load from TeamCode/src/checkpoints/resnet101_msra-6cc46731.pth 

backbone.layer3.2.bn2.weight - torch.Size([256]): 
PretrainedInit: load from TeamCode/src/checkpoints/resnet101_msra-6cc46731.pth 

backbone.layer3.2.bn2.bias - torch.Size([256]): 
PretrainedInit: load from TeamCode/src/checkpoints/resnet101_msra-6cc46731.pth 

backbone.layer3.2.conv3.weight - torch.Size([1024, 256, 1, 1]): 
PretrainedInit: load from TeamCode/src/checkpoints/resnet101_msra-6cc46731.pth 

backbone.layer3.2.bn3.weight - torch.Size([1024]): 
PretrainedInit: load from TeamCode/src/checkpoints/resnet101_msra-6cc46731.pth 

backbone.layer3.2.bn3.bias - torch.Size([1024]): 
PretrainedInit: load from TeamCode/src/checkpoints/resnet101_msra-6cc46731.pth 

backbone.layer3.3.conv1.weight - torch.Size([256, 1024, 1, 1]): 
PretrainedInit: load from TeamCode/src/checkpoints/resnet101_msra-6cc46731.pth 

backbone.layer3.3.bn1.weight - torch.Size([256]): 
PretrainedInit: load from TeamCode/src/checkpoints/resnet101_msra-6cc46731.pth 

backbone.layer3.3.bn1.bias - torch.Size([256]): 
PretrainedInit: load from TeamCode/src/checkpoints/resnet101_msra-6cc46731.pth 

backbone.layer3.3.conv2.weight - torch.Size([256, 256, 3, 3]): 
PretrainedInit: load from TeamCode/src/checkpoints/resnet101_msra-6cc46731.pth 

backbone.layer3.3.bn2.weight - torch.Size([256]): 
PretrainedInit: load from TeamCode/src/checkpoints/resnet101_msra-6cc46731.pth 

backbone.layer3.3.bn2.bias - torch.Size([256]): 
PretrainedInit: load from TeamCode/src/checkpoints/resnet101_msra-6cc46731.pth 

backbone.layer3.3.conv3.weight - torch.Size([1024, 256, 1, 1]): 
PretrainedInit: load from TeamCode/src/checkpoints/resnet101_msra-6cc46731.pth 

backbone.layer3.3.bn3.weight - torch.Size([1024]): 
PretrainedInit: load from TeamCode/src/checkpoints/resnet101_msra-6cc46731.pth 

backbone.layer3.3.bn3.bias - torch.Size([1024]): 
PretrainedInit: load from TeamCode/src/checkpoints/resnet101_msra-6cc46731.pth 

backbone.layer3.4.conv1.weight - torch.Size([256, 1024, 1, 1]): 
PretrainedInit: load from TeamCode/src/checkpoints/resnet101_msra-6cc46731.pth 

backbone.layer3.4.bn1.weight - torch.Size([256]): 
PretrainedInit: load from TeamCode/src/checkpoints/resnet101_msra-6cc46731.pth 

backbone.layer3.4.bn1.bias - torch.Size([256]): 
PretrainedInit: load from TeamCode/src/checkpoints/resnet101_msra-6cc46731.pth 

backbone.layer3.4.conv2.weight - torch.Size([256, 256, 3, 3]): 
PretrainedInit: load from TeamCode/src/checkpoints/resnet101_msra-6cc46731.pth 

backbone.layer3.4.bn2.weight - torch.Size([256]): 
PretrainedInit: load from TeamCode/src/checkpoints/resnet101_msra-6cc46731.pth 

backbone.layer3.4.bn2.bias - torch.Size([256]): 
PretrainedInit: load from TeamCode/src/checkpoints/resnet101_msra-6cc46731.pth 

backbone.layer3.4.conv3.weight - torch.Size([1024, 256, 1, 1]): 
PretrainedInit: load from TeamCode/src/checkpoints/resnet101_msra-6cc46731.pth 

backbone.layer3.4.bn3.weight - torch.Size([1024]): 
PretrainedInit: load from TeamCode/src/checkpoints/resnet101_msra-6cc46731.pth 

backbone.layer3.4.bn3.bias - torch.Size([1024]): 
PretrainedInit: load from TeamCode/src/checkpoints/resnet101_msra-6cc46731.pth 

backbone.layer3.5.conv1.weight - torch.Size([256, 1024, 1, 1]): 
PretrainedInit: load from TeamCode/src/checkpoints/resnet101_msra-6cc46731.pth 

backbone.layer3.5.bn1.weight - torch.Size([256]): 
PretrainedInit: load from TeamCode/src/checkpoints/resnet101_msra-6cc46731.pth 

backbone.layer3.5.bn1.bias - torch.Size([256]): 
PretrainedInit: load from TeamCode/src/checkpoints/resnet101_msra-6cc46731.pth 

backbone.layer3.5.conv2.weight - torch.Size([256, 256, 3, 3]): 
PretrainedInit: load from TeamCode/src/checkpoints/resnet101_msra-6cc46731.pth 

backbone.layer3.5.bn2.weight - torch.Size([256]): 
PretrainedInit: load from TeamCode/src/checkpoints/resnet101_msra-6cc46731.pth 

backbone.layer3.5.bn2.bias - torch.Size([256]): 
PretrainedInit: load from TeamCode/src/checkpoints/resnet101_msra-6cc46731.pth 

backbone.layer3.5.conv3.weight - torch.Size([1024, 256, 1, 1]): 
PretrainedInit: load from TeamCode/src/checkpoints/resnet101_msra-6cc46731.pth 

backbone.layer3.5.bn3.weight - torch.Size([1024]): 
PretrainedInit: load from TeamCode/src/checkpoints/resnet101_msra-6cc46731.pth 

backbone.layer3.5.bn3.bias - torch.Size([1024]): 
PretrainedInit: load from TeamCode/src/checkpoints/resnet101_msra-6cc46731.pth 

backbone.layer3.6.conv1.weight - torch.Size([256, 1024, 1, 1]): 
PretrainedInit: load from TeamCode/src/checkpoints/resnet101_msra-6cc46731.pth 

backbone.layer3.6.bn1.weight - torch.Size([256]): 
PretrainedInit: load from TeamCode/src/checkpoints/resnet101_msra-6cc46731.pth 

backbone.layer3.6.bn1.bias - torch.Size([256]): 
PretrainedInit: load from TeamCode/src/checkpoints/resnet101_msra-6cc46731.pth 

backbone.layer3.6.conv2.weight - torch.Size([256, 256, 3, 3]): 
PretrainedInit: load from TeamCode/src/checkpoints/resnet101_msra-6cc46731.pth 

backbone.layer3.6.bn2.weight - torch.Size([256]): 
PretrainedInit: load from TeamCode/src/checkpoints/resnet101_msra-6cc46731.pth 

backbone.layer3.6.bn2.bias - torch.Size([256]): 
PretrainedInit: load from TeamCode/src/checkpoints/resnet101_msra-6cc46731.pth 

backbone.layer3.6.conv3.weight - torch.Size([1024, 256, 1, 1]): 
PretrainedInit: load from TeamCode/src/checkpoints/resnet101_msra-6cc46731.pth 

backbone.layer3.6.bn3.weight - torch.Size([1024]): 
PretrainedInit: load from TeamCode/src/checkpoints/resnet101_msra-6cc46731.pth 

backbone.layer3.6.bn3.bias - torch.Size([1024]): 
PretrainedInit: load from TeamCode/src/checkpoints/resnet101_msra-6cc46731.pth 

backbone.layer3.7.conv1.weight - torch.Size([256, 1024, 1, 1]): 
PretrainedInit: load from TeamCode/src/checkpoints/resnet101_msra-6cc46731.pth 

backbone.layer3.7.bn1.weight - torch.Size([256]): 
PretrainedInit: load from TeamCode/src/checkpoints/resnet101_msra-6cc46731.pth 

backbone.layer3.7.bn1.bias - torch.Size([256]): 
PretrainedInit: load from TeamCode/src/checkpoints/resnet101_msra-6cc46731.pth 

backbone.layer3.7.conv2.weight - torch.Size([256, 256, 3, 3]): 
PretrainedInit: load from TeamCode/src/checkpoints/resnet101_msra-6cc46731.pth 

backbone.layer3.7.bn2.weight - torch.Size([256]): 
PretrainedInit: load from TeamCode/src/checkpoints/resnet101_msra-6cc46731.pth 

backbone.layer3.7.bn2.bias - torch.Size([256]): 
PretrainedInit: load from TeamCode/src/checkpoints/resnet101_msra-6cc46731.pth 

backbone.layer3.7.conv3.weight - torch.Size([1024, 256, 1, 1]): 
PretrainedInit: load from TeamCode/src/checkpoints/resnet101_msra-6cc46731.pth 

backbone.layer3.7.bn3.weight - torch.Size([1024]): 
PretrainedInit: load from TeamCode/src/checkpoints/resnet101_msra-6cc46731.pth 

backbone.layer3.7.bn3.bias - torch.Size([1024]): 
PretrainedInit: load from TeamCode/src/checkpoints/resnet101_msra-6cc46731.pth 

backbone.layer3.8.conv1.weight - torch.Size([256, 1024, 1, 1]): 
PretrainedInit: load from TeamCode/src/checkpoints/resnet101_msra-6cc46731.pth 

backbone.layer3.8.bn1.weight - torch.Size([256]): 
PretrainedInit: load from TeamCode/src/checkpoints/resnet101_msra-6cc46731.pth 

backbone.layer3.8.bn1.bias - torch.Size([256]): 
PretrainedInit: load from TeamCode/src/checkpoints/resnet101_msra-6cc46731.pth 

backbone.layer3.8.conv2.weight - torch.Size([256, 256, 3, 3]): 
PretrainedInit: load from TeamCode/src/checkpoints/resnet101_msra-6cc46731.pth 

backbone.layer3.8.bn2.weight - torch.Size([256]): 
PretrainedInit: load from TeamCode/src/checkpoints/resnet101_msra-6cc46731.pth 

backbone.layer3.8.bn2.bias - torch.Size([256]): 
PretrainedInit: load from TeamCode/src/checkpoints/resnet101_msra-6cc46731.pth 

backbone.layer3.8.conv3.weight - torch.Size([1024, 256, 1, 1]): 
PretrainedInit: load from TeamCode/src/checkpoints/resnet101_msra-6cc46731.pth 

backbone.layer3.8.bn3.weight - torch.Size([1024]): 
PretrainedInit: load from TeamCode/src/checkpoints/resnet101_msra-6cc46731.pth 

backbone.layer3.8.bn3.bias - torch.Size([1024]): 
PretrainedInit: load from TeamCode/src/checkpoints/resnet101_msra-6cc46731.pth 

backbone.layer3.9.conv1.weight - torch.Size([256, 1024, 1, 1]): 
PretrainedInit: load from TeamCode/src/checkpoints/resnet101_msra-6cc46731.pth 

backbone.layer3.9.bn1.weight - torch.Size([256]): 
PretrainedInit: load from TeamCode/src/checkpoints/resnet101_msra-6cc46731.pth 

backbone.layer3.9.bn1.bias - torch.Size([256]): 
PretrainedInit: load from TeamCode/src/checkpoints/resnet101_msra-6cc46731.pth 

backbone.layer3.9.conv2.weight - torch.Size([256, 256, 3, 3]): 
PretrainedInit: load from TeamCode/src/checkpoints/resnet101_msra-6cc46731.pth 

backbone.layer3.9.bn2.weight - torch.Size([256]): 
PretrainedInit: load from TeamCode/src/checkpoints/resnet101_msra-6cc46731.pth 

backbone.layer3.9.bn2.bias - torch.Size([256]): 
PretrainedInit: load from TeamCode/src/checkpoints/resnet101_msra-6cc46731.pth 

backbone.layer3.9.conv3.weight - torch.Size([1024, 256, 1, 1]): 
PretrainedInit: load from TeamCode/src/checkpoints/resnet101_msra-6cc46731.pth 

backbone.layer3.9.bn3.weight - torch.Size([1024]): 
PretrainedInit: load from TeamCode/src/checkpoints/resnet101_msra-6cc46731.pth 

backbone.layer3.9.bn3.bias - torch.Size([1024]): 
PretrainedInit: load from TeamCode/src/checkpoints/resnet101_msra-6cc46731.pth 

backbone.layer3.10.conv1.weight - torch.Size([256, 1024, 1, 1]): 
PretrainedInit: load from TeamCode/src/checkpoints/resnet101_msra-6cc46731.pth 

backbone.layer3.10.bn1.weight - torch.Size([256]): 
PretrainedInit: load from TeamCode/src/checkpoints/resnet101_msra-6cc46731.pth 

backbone.layer3.10.bn1.bias - torch.Size([256]): 
PretrainedInit: load from TeamCode/src/checkpoints/resnet101_msra-6cc46731.pth 

backbone.layer3.10.conv2.weight - torch.Size([256, 256, 3, 3]): 
PretrainedInit: load from TeamCode/src/checkpoints/resnet101_msra-6cc46731.pth 

backbone.layer3.10.bn2.weight - torch.Size([256]): 
PretrainedInit: load from TeamCode/src/checkpoints/resnet101_msra-6cc46731.pth 

backbone.layer3.10.bn2.bias - torch.Size([256]): 
PretrainedInit: load from TeamCode/src/checkpoints/resnet101_msra-6cc46731.pth 

backbone.layer3.10.conv3.weight - torch.Size([1024, 256, 1, 1]): 
PretrainedInit: load from TeamCode/src/checkpoints/resnet101_msra-6cc46731.pth 

backbone.layer3.10.bn3.weight - torch.Size([1024]): 
PretrainedInit: load from TeamCode/src/checkpoints/resnet101_msra-6cc46731.pth 

backbone.layer3.10.bn3.bias - torch.Size([1024]): 
PretrainedInit: load from TeamCode/src/checkpoints/resnet101_msra-6cc46731.pth 

backbone.layer3.11.conv1.weight - torch.Size([256, 1024, 1, 1]): 
PretrainedInit: load from TeamCode/src/checkpoints/resnet101_msra-6cc46731.pth 

backbone.layer3.11.bn1.weight - torch.Size([256]): 
PretrainedInit: load from TeamCode/src/checkpoints/resnet101_msra-6cc46731.pth 

backbone.layer3.11.bn1.bias - torch.Size([256]): 
PretrainedInit: load from TeamCode/src/checkpoints/resnet101_msra-6cc46731.pth 

backbone.layer3.11.conv2.weight - torch.Size([256, 256, 3, 3]): 
PretrainedInit: load from TeamCode/src/checkpoints/resnet101_msra-6cc46731.pth 

backbone.layer3.11.bn2.weight - torch.Size([256]): 
PretrainedInit: load from TeamCode/src/checkpoints/resnet101_msra-6cc46731.pth 

backbone.layer3.11.bn2.bias - torch.Size([256]): 
PretrainedInit: load from TeamCode/src/checkpoints/resnet101_msra-6cc46731.pth 

backbone.layer3.11.conv3.weight - torch.Size([1024, 256, 1, 1]): 
PretrainedInit: load from TeamCode/src/checkpoints/resnet101_msra-6cc46731.pth 

backbone.layer3.11.bn3.weight - torch.Size([1024]): 
PretrainedInit: load from TeamCode/src/checkpoints/resnet101_msra-6cc46731.pth 

backbone.layer3.11.bn3.bias - torch.Size([1024]): 
PretrainedInit: load from TeamCode/src/checkpoints/resnet101_msra-6cc46731.pth 

backbone.layer3.12.conv1.weight - torch.Size([256, 1024, 1, 1]): 
PretrainedInit: load from TeamCode/src/checkpoints/resnet101_msra-6cc46731.pth 

backbone.layer3.12.bn1.weight - torch.Size([256]): 
PretrainedInit: load from TeamCode/src/checkpoints/resnet101_msra-6cc46731.pth 

backbone.layer3.12.bn1.bias - torch.Size([256]): 
PretrainedInit: load from TeamCode/src/checkpoints/resnet101_msra-6cc46731.pth 

backbone.layer3.12.conv2.weight - torch.Size([256, 256, 3, 3]): 
PretrainedInit: load from TeamCode/src/checkpoints/resnet101_msra-6cc46731.pth 

backbone.layer3.12.bn2.weight - torch.Size([256]): 
PretrainedInit: load from TeamCode/src/checkpoints/resnet101_msra-6cc46731.pth 

backbone.layer3.12.bn2.bias - torch.Size([256]): 
PretrainedInit: load from TeamCode/src/checkpoints/resnet101_msra-6cc46731.pth 

backbone.layer3.12.conv3.weight - torch.Size([1024, 256, 1, 1]): 
PretrainedInit: load from TeamCode/src/checkpoints/resnet101_msra-6cc46731.pth 

backbone.layer3.12.bn3.weight - torch.Size([1024]): 
PretrainedInit: load from TeamCode/src/checkpoints/resnet101_msra-6cc46731.pth 

backbone.layer3.12.bn3.bias - torch.Size([1024]): 
PretrainedInit: load from TeamCode/src/checkpoints/resnet101_msra-6cc46731.pth 

backbone.layer3.13.conv1.weight - torch.Size([256, 1024, 1, 1]): 
PretrainedInit: load from TeamCode/src/checkpoints/resnet101_msra-6cc46731.pth 

backbone.layer3.13.bn1.weight - torch.Size([256]): 
PretrainedInit: load from TeamCode/src/checkpoints/resnet101_msra-6cc46731.pth 

backbone.layer3.13.bn1.bias - torch.Size([256]): 
PretrainedInit: load from TeamCode/src/checkpoints/resnet101_msra-6cc46731.pth 

backbone.layer3.13.conv2.weight - torch.Size([256, 256, 3, 3]): 
PretrainedInit: load from TeamCode/src/checkpoints/resnet101_msra-6cc46731.pth 

backbone.layer3.13.bn2.weight - torch.Size([256]): 
PretrainedInit: load from TeamCode/src/checkpoints/resnet101_msra-6cc46731.pth 

backbone.layer3.13.bn2.bias - torch.Size([256]): 
PretrainedInit: load from TeamCode/src/checkpoints/resnet101_msra-6cc46731.pth 

backbone.layer3.13.conv3.weight - torch.Size([1024, 256, 1, 1]): 
PretrainedInit: load from TeamCode/src/checkpoints/resnet101_msra-6cc46731.pth 

backbone.layer3.13.bn3.weight - torch.Size([1024]): 
PretrainedInit: load from TeamCode/src/checkpoints/resnet101_msra-6cc46731.pth 

backbone.layer3.13.bn3.bias - torch.Size([1024]): 
PretrainedInit: load from TeamCode/src/checkpoints/resnet101_msra-6cc46731.pth 

backbone.layer3.14.conv1.weight - torch.Size([256, 1024, 1, 1]): 
PretrainedInit: load from TeamCode/src/checkpoints/resnet101_msra-6cc46731.pth 

backbone.layer3.14.bn1.weight - torch.Size([256]): 
PretrainedInit: load from TeamCode/src/checkpoints/resnet101_msra-6cc46731.pth 

backbone.layer3.14.bn1.bias - torch.Size([256]): 
PretrainedInit: load from TeamCode/src/checkpoints/resnet101_msra-6cc46731.pth 

backbone.layer3.14.conv2.weight - torch.Size([256, 256, 3, 3]): 
PretrainedInit: load from TeamCode/src/checkpoints/resnet101_msra-6cc46731.pth 

backbone.layer3.14.bn2.weight - torch.Size([256]): 
PretrainedInit: load from TeamCode/src/checkpoints/resnet101_msra-6cc46731.pth 

backbone.layer3.14.bn2.bias - torch.Size([256]): 
PretrainedInit: load from TeamCode/src/checkpoints/resnet101_msra-6cc46731.pth 

backbone.layer3.14.conv3.weight - torch.Size([1024, 256, 1, 1]): 
PretrainedInit: load from TeamCode/src/checkpoints/resnet101_msra-6cc46731.pth 

backbone.layer3.14.bn3.weight - torch.Size([1024]): 
PretrainedInit: load from TeamCode/src/checkpoints/resnet101_msra-6cc46731.pth 

backbone.layer3.14.bn3.bias - torch.Size([1024]): 
PretrainedInit: load from TeamCode/src/checkpoints/resnet101_msra-6cc46731.pth 

backbone.layer3.15.conv1.weight - torch.Size([256, 1024, 1, 1]): 
PretrainedInit: load from TeamCode/src/checkpoints/resnet101_msra-6cc46731.pth 

backbone.layer3.15.bn1.weight - torch.Size([256]): 
PretrainedInit: load from TeamCode/src/checkpoints/resnet101_msra-6cc46731.pth 

backbone.layer3.15.bn1.bias - torch.Size([256]): 
PretrainedInit: load from TeamCode/src/checkpoints/resnet101_msra-6cc46731.pth 

backbone.layer3.15.conv2.weight - torch.Size([256, 256, 3, 3]): 
PretrainedInit: load from TeamCode/src/checkpoints/resnet101_msra-6cc46731.pth 

backbone.layer3.15.bn2.weight - torch.Size([256]): 
PretrainedInit: load from TeamCode/src/checkpoints/resnet101_msra-6cc46731.pth 

backbone.layer3.15.bn2.bias - torch.Size([256]): 
PretrainedInit: load from TeamCode/src/checkpoints/resnet101_msra-6cc46731.pth 

backbone.layer3.15.conv3.weight - torch.Size([1024, 256, 1, 1]): 
PretrainedInit: load from TeamCode/src/checkpoints/resnet101_msra-6cc46731.pth 

backbone.layer3.15.bn3.weight - torch.Size([1024]): 
PretrainedInit: load from TeamCode/src/checkpoints/resnet101_msra-6cc46731.pth 

backbone.layer3.15.bn3.bias - torch.Size([1024]): 
PretrainedInit: load from TeamCode/src/checkpoints/resnet101_msra-6cc46731.pth 

backbone.layer3.16.conv1.weight - torch.Size([256, 1024, 1, 1]): 
PretrainedInit: load from TeamCode/src/checkpoints/resnet101_msra-6cc46731.pth 

backbone.layer3.16.bn1.weight - torch.Size([256]): 
PretrainedInit: load from TeamCode/src/checkpoints/resnet101_msra-6cc46731.pth 

backbone.layer3.16.bn1.bias - torch.Size([256]): 
PretrainedInit: load from TeamCode/src/checkpoints/resnet101_msra-6cc46731.pth 

backbone.layer3.16.conv2.weight - torch.Size([256, 256, 3, 3]): 
PretrainedInit: load from TeamCode/src/checkpoints/resnet101_msra-6cc46731.pth 

backbone.layer3.16.bn2.weight - torch.Size([256]): 
PretrainedInit: load from TeamCode/src/checkpoints/resnet101_msra-6cc46731.pth 

backbone.layer3.16.bn2.bias - torch.Size([256]): 
PretrainedInit: load from TeamCode/src/checkpoints/resnet101_msra-6cc46731.pth 

backbone.layer3.16.conv3.weight - torch.Size([1024, 256, 1, 1]): 
PretrainedInit: load from TeamCode/src/checkpoints/resnet101_msra-6cc46731.pth 

backbone.layer3.16.bn3.weight - torch.Size([1024]): 
PretrainedInit: load from TeamCode/src/checkpoints/resnet101_msra-6cc46731.pth 

backbone.layer3.16.bn3.bias - torch.Size([1024]): 
PretrainedInit: load from TeamCode/src/checkpoints/resnet101_msra-6cc46731.pth 

backbone.layer3.17.conv1.weight - torch.Size([256, 1024, 1, 1]): 
PretrainedInit: load from TeamCode/src/checkpoints/resnet101_msra-6cc46731.pth 

backbone.layer3.17.bn1.weight - torch.Size([256]): 
PretrainedInit: load from TeamCode/src/checkpoints/resnet101_msra-6cc46731.pth 

backbone.layer3.17.bn1.bias - torch.Size([256]): 
PretrainedInit: load from TeamCode/src/checkpoints/resnet101_msra-6cc46731.pth 

backbone.layer3.17.conv2.weight - torch.Size([256, 256, 3, 3]): 
PretrainedInit: load from TeamCode/src/checkpoints/resnet101_msra-6cc46731.pth 

backbone.layer3.17.bn2.weight - torch.Size([256]): 
PretrainedInit: load from TeamCode/src/checkpoints/resnet101_msra-6cc46731.pth 

backbone.layer3.17.bn2.bias - torch.Size([256]): 
PretrainedInit: load from TeamCode/src/checkpoints/resnet101_msra-6cc46731.pth 

backbone.layer3.17.conv3.weight - torch.Size([1024, 256, 1, 1]): 
PretrainedInit: load from TeamCode/src/checkpoints/resnet101_msra-6cc46731.pth 

backbone.layer3.17.bn3.weight - torch.Size([1024]): 
PretrainedInit: load from TeamCode/src/checkpoints/resnet101_msra-6cc46731.pth 

backbone.layer3.17.bn3.bias - torch.Size([1024]): 
PretrainedInit: load from TeamCode/src/checkpoints/resnet101_msra-6cc46731.pth 

backbone.layer3.18.conv1.weight - torch.Size([256, 1024, 1, 1]): 
PretrainedInit: load from TeamCode/src/checkpoints/resnet101_msra-6cc46731.pth 

backbone.layer3.18.bn1.weight - torch.Size([256]): 
PretrainedInit: load from TeamCode/src/checkpoints/resnet101_msra-6cc46731.pth 

backbone.layer3.18.bn1.bias - torch.Size([256]): 
PretrainedInit: load from TeamCode/src/checkpoints/resnet101_msra-6cc46731.pth 

backbone.layer3.18.conv2.weight - torch.Size([256, 256, 3, 3]): 
PretrainedInit: load from TeamCode/src/checkpoints/resnet101_msra-6cc46731.pth 

backbone.layer3.18.bn2.weight - torch.Size([256]): 
PretrainedInit: load from TeamCode/src/checkpoints/resnet101_msra-6cc46731.pth 

backbone.layer3.18.bn2.bias - torch.Size([256]): 
PretrainedInit: load from TeamCode/src/checkpoints/resnet101_msra-6cc46731.pth 

backbone.layer3.18.conv3.weight - torch.Size([1024, 256, 1, 1]): 
PretrainedInit: load from TeamCode/src/checkpoints/resnet101_msra-6cc46731.pth 

backbone.layer3.18.bn3.weight - torch.Size([1024]): 
PretrainedInit: load from TeamCode/src/checkpoints/resnet101_msra-6cc46731.pth 

backbone.layer3.18.bn3.bias - torch.Size([1024]): 
PretrainedInit: load from TeamCode/src/checkpoints/resnet101_msra-6cc46731.pth 

backbone.layer3.19.conv1.weight - torch.Size([256, 1024, 1, 1]): 
PretrainedInit: load from TeamCode/src/checkpoints/resnet101_msra-6cc46731.pth 

backbone.layer3.19.bn1.weight - torch.Size([256]): 
PretrainedInit: load from TeamCode/src/checkpoints/resnet101_msra-6cc46731.pth 

backbone.layer3.19.bn1.bias - torch.Size([256]): 
PretrainedInit: load from TeamCode/src/checkpoints/resnet101_msra-6cc46731.pth 

backbone.layer3.19.conv2.weight - torch.Size([256, 256, 3, 3]): 
PretrainedInit: load from TeamCode/src/checkpoints/resnet101_msra-6cc46731.pth 

backbone.layer3.19.bn2.weight - torch.Size([256]): 
PretrainedInit: load from TeamCode/src/checkpoints/resnet101_msra-6cc46731.pth 

backbone.layer3.19.bn2.bias - torch.Size([256]): 
PretrainedInit: load from TeamCode/src/checkpoints/resnet101_msra-6cc46731.pth 

backbone.layer3.19.conv3.weight - torch.Size([1024, 256, 1, 1]): 
PretrainedInit: load from TeamCode/src/checkpoints/resnet101_msra-6cc46731.pth 

backbone.layer3.19.bn3.weight - torch.Size([1024]): 
PretrainedInit: load from TeamCode/src/checkpoints/resnet101_msra-6cc46731.pth 

backbone.layer3.19.bn3.bias - torch.Size([1024]): 
PretrainedInit: load from TeamCode/src/checkpoints/resnet101_msra-6cc46731.pth 

backbone.layer3.20.conv1.weight - torch.Size([256, 1024, 1, 1]): 
PretrainedInit: load from TeamCode/src/checkpoints/resnet101_msra-6cc46731.pth 

backbone.layer3.20.bn1.weight - torch.Size([256]): 
PretrainedInit: load from TeamCode/src/checkpoints/resnet101_msra-6cc46731.pth 

backbone.layer3.20.bn1.bias - torch.Size([256]): 
PretrainedInit: load from TeamCode/src/checkpoints/resnet101_msra-6cc46731.pth 

backbone.layer3.20.conv2.weight - torch.Size([256, 256, 3, 3]): 
PretrainedInit: load from TeamCode/src/checkpoints/resnet101_msra-6cc46731.pth 

backbone.layer3.20.bn2.weight - torch.Size([256]): 
PretrainedInit: load from TeamCode/src/checkpoints/resnet101_msra-6cc46731.pth 

backbone.layer3.20.bn2.bias - torch.Size([256]): 
PretrainedInit: load from TeamCode/src/checkpoints/resnet101_msra-6cc46731.pth 

backbone.layer3.20.conv3.weight - torch.Size([1024, 256, 1, 1]): 
PretrainedInit: load from TeamCode/src/checkpoints/resnet101_msra-6cc46731.pth 

backbone.layer3.20.bn3.weight - torch.Size([1024]): 
PretrainedInit: load from TeamCode/src/checkpoints/resnet101_msra-6cc46731.pth 

backbone.layer3.20.bn3.bias - torch.Size([1024]): 
PretrainedInit: load from TeamCode/src/checkpoints/resnet101_msra-6cc46731.pth 

backbone.layer3.21.conv1.weight - torch.Size([256, 1024, 1, 1]): 
PretrainedInit: load from TeamCode/src/checkpoints/resnet101_msra-6cc46731.pth 

backbone.layer3.21.bn1.weight - torch.Size([256]): 
PretrainedInit: load from TeamCode/src/checkpoints/resnet101_msra-6cc46731.pth 

backbone.layer3.21.bn1.bias - torch.Size([256]): 
PretrainedInit: load from TeamCode/src/checkpoints/resnet101_msra-6cc46731.pth 

backbone.layer3.21.conv2.weight - torch.Size([256, 256, 3, 3]): 
PretrainedInit: load from TeamCode/src/checkpoints/resnet101_msra-6cc46731.pth 

backbone.layer3.21.bn2.weight - torch.Size([256]): 
PretrainedInit: load from TeamCode/src/checkpoints/resnet101_msra-6cc46731.pth 

backbone.layer3.21.bn2.bias - torch.Size([256]): 
PretrainedInit: load from TeamCode/src/checkpoints/resnet101_msra-6cc46731.pth 

backbone.layer3.21.conv3.weight - torch.Size([1024, 256, 1, 1]): 
PretrainedInit: load from TeamCode/src/checkpoints/resnet101_msra-6cc46731.pth 

backbone.layer3.21.bn3.weight - torch.Size([1024]): 
PretrainedInit: load from TeamCode/src/checkpoints/resnet101_msra-6cc46731.pth 

backbone.layer3.21.bn3.bias - torch.Size([1024]): 
PretrainedInit: load from TeamCode/src/checkpoints/resnet101_msra-6cc46731.pth 

backbone.layer3.22.conv1.weight - torch.Size([256, 1024, 1, 1]): 
PretrainedInit: load from TeamCode/src/checkpoints/resnet101_msra-6cc46731.pth 

backbone.layer3.22.bn1.weight - torch.Size([256]): 
PretrainedInit: load from TeamCode/src/checkpoints/resnet101_msra-6cc46731.pth 

backbone.layer3.22.bn1.bias - torch.Size([256]): 
PretrainedInit: load from TeamCode/src/checkpoints/resnet101_msra-6cc46731.pth 

backbone.layer3.22.conv2.weight - torch.Size([256, 256, 3, 3]): 
PretrainedInit: load from TeamCode/src/checkpoints/resnet101_msra-6cc46731.pth 

backbone.layer3.22.bn2.weight - torch.Size([256]): 
PretrainedInit: load from TeamCode/src/checkpoints/resnet101_msra-6cc46731.pth 

backbone.layer3.22.bn2.bias - torch.Size([256]): 
PretrainedInit: load from TeamCode/src/checkpoints/resnet101_msra-6cc46731.pth 

backbone.layer3.22.conv3.weight - torch.Size([1024, 256, 1, 1]): 
PretrainedInit: load from TeamCode/src/checkpoints/resnet101_msra-6cc46731.pth 

backbone.layer3.22.bn3.weight - torch.Size([1024]): 
PretrainedInit: load from TeamCode/src/checkpoints/resnet101_msra-6cc46731.pth 

backbone.layer3.22.bn3.bias - torch.Size([1024]): 
PretrainedInit: load from TeamCode/src/checkpoints/resnet101_msra-6cc46731.pth 

backbone.layer4.0.conv1.weight - torch.Size([512, 1024, 1, 1]): 
PretrainedInit: load from TeamCode/src/checkpoints/resnet101_msra-6cc46731.pth 

backbone.layer4.0.bn1.weight - torch.Size([512]): 
PretrainedInit: load from TeamCode/src/checkpoints/resnet101_msra-6cc46731.pth 

backbone.layer4.0.bn1.bias - torch.Size([512]): 
PretrainedInit: load from TeamCode/src/checkpoints/resnet101_msra-6cc46731.pth 

backbone.layer4.0.conv2.weight - torch.Size([512, 512, 3, 3]): 
PretrainedInit: load from TeamCode/src/checkpoints/resnet101_msra-6cc46731.pth 

backbone.layer4.0.bn2.weight - torch.Size([512]): 
PretrainedInit: load from TeamCode/src/checkpoints/resnet101_msra-6cc46731.pth 

backbone.layer4.0.bn2.bias - torch.Size([512]): 
PretrainedInit: load from TeamCode/src/checkpoints/resnet101_msra-6cc46731.pth 

backbone.layer4.0.conv3.weight - torch.Size([2048, 512, 1, 1]): 
PretrainedInit: load from TeamCode/src/checkpoints/resnet101_msra-6cc46731.pth 

backbone.layer4.0.bn3.weight - torch.Size([2048]): 
PretrainedInit: load from TeamCode/src/checkpoints/resnet101_msra-6cc46731.pth 

backbone.layer4.0.bn3.bias - torch.Size([2048]): 
PretrainedInit: load from TeamCode/src/checkpoints/resnet101_msra-6cc46731.pth 

backbone.layer4.0.downsample.0.weight - torch.Size([2048, 1024, 1, 1]): 
PretrainedInit: load from TeamCode/src/checkpoints/resnet101_msra-6cc46731.pth 

backbone.layer4.0.downsample.1.weight - torch.Size([2048]): 
PretrainedInit: load from TeamCode/src/checkpoints/resnet101_msra-6cc46731.pth 

backbone.layer4.0.downsample.1.bias - torch.Size([2048]): 
PretrainedInit: load from TeamCode/src/checkpoints/resnet101_msra-6cc46731.pth 

backbone.layer4.1.conv1.weight - torch.Size([512, 2048, 1, 1]): 
PretrainedInit: load from TeamCode/src/checkpoints/resnet101_msra-6cc46731.pth 

backbone.layer4.1.bn1.weight - torch.Size([512]): 
PretrainedInit: load from TeamCode/src/checkpoints/resnet101_msra-6cc46731.pth 

backbone.layer4.1.bn1.bias - torch.Size([512]): 
PretrainedInit: load from TeamCode/src/checkpoints/resnet101_msra-6cc46731.pth 

backbone.layer4.1.conv2.weight - torch.Size([512, 512, 3, 3]): 
PretrainedInit: load from TeamCode/src/checkpoints/resnet101_msra-6cc46731.pth 

backbone.layer4.1.bn2.weight - torch.Size([512]): 
PretrainedInit: load from TeamCode/src/checkpoints/resnet101_msra-6cc46731.pth 

backbone.layer4.1.bn2.bias - torch.Size([512]): 
PretrainedInit: load from TeamCode/src/checkpoints/resnet101_msra-6cc46731.pth 

backbone.layer4.1.conv3.weight - torch.Size([2048, 512, 1, 1]): 
PretrainedInit: load from TeamCode/src/checkpoints/resnet101_msra-6cc46731.pth 

backbone.layer4.1.bn3.weight - torch.Size([2048]): 
PretrainedInit: load from TeamCode/src/checkpoints/resnet101_msra-6cc46731.pth 

backbone.layer4.1.bn3.bias - torch.Size([2048]): 
PretrainedInit: load from TeamCode/src/checkpoints/resnet101_msra-6cc46731.pth 

backbone.layer4.2.conv1.weight - torch.Size([512, 2048, 1, 1]): 
PretrainedInit: load from TeamCode/src/checkpoints/resnet101_msra-6cc46731.pth 

backbone.layer4.2.bn1.weight - torch.Size([512]): 
PretrainedInit: load from TeamCode/src/checkpoints/resnet101_msra-6cc46731.pth 

backbone.layer4.2.bn1.bias - torch.Size([512]): 
PretrainedInit: load from TeamCode/src/checkpoints/resnet101_msra-6cc46731.pth 

backbone.layer4.2.conv2.weight - torch.Size([512, 512, 3, 3]): 
PretrainedInit: load from TeamCode/src/checkpoints/resnet101_msra-6cc46731.pth 

backbone.layer4.2.bn2.weight - torch.Size([512]): 
PretrainedInit: load from TeamCode/src/checkpoints/resnet101_msra-6cc46731.pth 

backbone.layer4.2.bn2.bias - torch.Size([512]): 
PretrainedInit: load from TeamCode/src/checkpoints/resnet101_msra-6cc46731.pth 

backbone.layer4.2.conv3.weight - torch.Size([2048, 512, 1, 1]): 
PretrainedInit: load from TeamCode/src/checkpoints/resnet101_msra-6cc46731.pth 

backbone.layer4.2.bn3.weight - torch.Size([2048]): 
PretrainedInit: load from TeamCode/src/checkpoints/resnet101_msra-6cc46731.pth 

backbone.layer4.2.bn3.bias - torch.Size([2048]): 
PretrainedInit: load from TeamCode/src/checkpoints/resnet101_msra-6cc46731.pth 

neck.lateral_convs.0.conv.weight - torch.Size([256, 256, 1, 1]): 
XavierInit: gain=1, distribution=uniform, bias=0 

neck.lateral_convs.0.conv.bias - torch.Size([256]): 
The value is the same before and after calling `init_weights` of MaskRCNN  

neck.lateral_convs.1.conv.weight - torch.Size([256, 512, 1, 1]): 
XavierInit: gain=1, distribution=uniform, bias=0 

neck.lateral_convs.1.conv.bias - torch.Size([256]): 
The value is the same before and after calling `init_weights` of MaskRCNN  

neck.lateral_convs.2.conv.weight - torch.Size([256, 1024, 1, 1]): 
XavierInit: gain=1, distribution=uniform, bias=0 

neck.lateral_convs.2.conv.bias - torch.Size([256]): 
The value is the same before and after calling `init_weights` of MaskRCNN  

neck.lateral_convs.3.conv.weight - torch.Size([256, 2048, 1, 1]): 
XavierInit: gain=1, distribution=uniform, bias=0 

neck.lateral_convs.3.conv.bias - torch.Size([256]): 
The value is the same before and after calling `init_weights` of MaskRCNN  

neck.fpn_convs.0.conv.weight - torch.Size([256, 256, 3, 3]): 
XavierInit: gain=1, distribution=uniform, bias=0 

neck.fpn_convs.0.conv.bias - torch.Size([256]): 
The value is the same before and after calling `init_weights` of MaskRCNN  

neck.fpn_convs.1.conv.weight - torch.Size([256, 256, 3, 3]): 
XavierInit: gain=1, distribution=uniform, bias=0 

neck.fpn_convs.1.conv.bias - torch.Size([256]): 
The value is the same before and after calling `init_weights` of MaskRCNN  

neck.fpn_convs.2.conv.weight - torch.Size([256, 256, 3, 3]): 
XavierInit: gain=1, distribution=uniform, bias=0 

neck.fpn_convs.2.conv.bias - torch.Size([256]): 
The value is the same before and after calling `init_weights` of MaskRCNN  

neck.fpn_convs.3.conv.weight - torch.Size([256, 256, 3, 3]): 
XavierInit: gain=1, distribution=uniform, bias=0 

neck.fpn_convs.3.conv.bias - torch.Size([256]): 
The value is the same before and after calling `init_weights` of MaskRCNN  

rpn_head.rpn_conv.weight - torch.Size([256, 256, 3, 3]): 
NormalInit: mean=0, std=0.01, bias=0 

rpn_head.rpn_conv.bias - torch.Size([256]): 
NormalInit: mean=0, std=0.01, bias=0 

rpn_head.rpn_cls.weight - torch.Size([5, 256, 1, 1]): 
NormalInit: mean=0, std=0.01, bias=0 

rpn_head.rpn_cls.bias - torch.Size([5]): 
NormalInit: mean=0, std=0.01, bias=0 

rpn_head.rpn_reg.weight - torch.Size([20, 256, 1, 1]): 
NormalInit: mean=0, std=0.01, bias=0 

rpn_head.rpn_reg.bias - torch.Size([20]): 
NormalInit: mean=0, std=0.01, bias=0 

roi_head.bbox_head.fc_cls.weight - torch.Size([2, 1024]): 
NormalInit: mean=0, std=0.01, bias=0 

roi_head.bbox_head.fc_cls.bias - torch.Size([2]): 
NormalInit: mean=0, std=0.01, bias=0 

roi_head.bbox_head.fc_reg.weight - torch.Size([4, 1024]): 
NormalInit: mean=0, std=0.001, bias=0 

roi_head.bbox_head.fc_reg.bias - torch.Size([4]): 
NormalInit: mean=0, std=0.001, bias=0 

roi_head.bbox_head.shared_fcs.0.weight - torch.Size([1024, 12544]): 
XavierInit: gain=1, distribution=uniform, bias=0 

roi_head.bbox_head.shared_fcs.0.bias - torch.Size([1024]): 
XavierInit: gain=1, distribution=uniform, bias=0 

roi_head.bbox_head.shared_fcs.1.weight - torch.Size([1024, 1024]): 
XavierInit: gain=1, distribution=uniform, bias=0 

roi_head.bbox_head.shared_fcs.1.bias - torch.Size([1024]): 
XavierInit: gain=1, distribution=uniform, bias=0 
2024/08/19 04:52:29 - mmengine - INFO - Load checkpoint from /scratch/hshang/moody/final_phase_submission/official-phase-mins-eth/TeamCode/src/checkpoints/mask_rcnn_r101_caffe_fpn_1x_coco_20200601_095758-805e06c1.pth
2024/08/19 04:52:29 - mmengine - WARNING - "FileClient" will be deprecated in future. Please use io functions in https://mmengine.readthedocs.io/en/latest/api/fileio.html#file-io
2024/08/19 04:52:29 - mmengine - WARNING - "HardDiskBackend" is the alias of "LocalBackend" and the former will be deprecated in future.
2024/08/19 04:52:29 - mmengine - INFO - Checkpoints will be saved to /scratch/hshang/moody/final_phase_submission/official-phase-mins-eth/model.
2024/08/19 04:52:57 - mmengine - INFO - Epoch(train)  [1][100/119]  lr: 4.9800e-04  eta: 0:12:57  time: 0.3089  data_time: 0.0190  memory: 2086  loss: 0.7196  loss_rpn_cls: 0.3970  loss_rpn_bbox: 0.1261  loss_cls: 0.1822  acc: 93.7799  loss_bbox: 0.0143
2024/08/19 04:53:03 - mmengine - INFO - Exp name: maskrcnn_res101_20240819_045224
2024/08/19 04:53:36 - mmengine - INFO - Epoch(train)  [2][100/119]  lr: 1.0936e-03  eta: 0:13:19  time: 0.3199  data_time: 0.0192  memory: 2086  loss: 0.3811  loss_rpn_cls: 0.1099  loss_rpn_bbox: 0.1332  loss_cls: 0.1218  acc: 96.6825  loss_bbox: 0.0161
2024/08/19 04:53:41 - mmengine - INFO - Exp name: maskrcnn_res101_20240819_045224
2024/08/19 04:54:10 - mmengine - INFO - Epoch(train)  [3][100/119]  lr: 1.6892e-03  eta: 0:12:30  time: 0.2378  data_time: 0.0178  memory: 2086  loss: 0.3061  loss_rpn_cls: 0.0614  loss_rpn_bbox: 0.1105  loss_cls: 0.1055  acc: 96.6667  loss_bbox: 0.0287
2024/08/19 04:54:14 - mmengine - INFO - Exp name: maskrcnn_res101_20240819_045224
2024/08/19 04:54:14 - mmengine - INFO - Saving checkpoint at 3 epochs
2024/08/19 04:54:42 - mmengine - INFO - Epoch(train)  [4][100/119]  lr: 2.2848e-03  eta: 0:11:24  time: 0.2433  data_time: 0.0189  memory: 2086  loss: 0.3067  loss_rpn_cls: 0.0768  loss_rpn_bbox: 0.1163  loss_cls: 0.0846  acc: 95.1220  loss_bbox: 0.0289
2024/08/19 04:54:46 - mmengine - INFO - Exp name: maskrcnn_res101_20240819_045224
2024/08/19 04:55:16 - mmengine - INFO - Epoch(train)  [5][100/119]  lr: 2.5000e-03  eta: 0:10:51  time: 0.3203  data_time: 0.0191  memory: 2086  loss: 0.2326  loss_rpn_cls: 0.0337  loss_rpn_bbox: 0.1097  loss_cls: 0.0507  acc: 98.0488  loss_bbox: 0.0386
2024/08/19 04:55:22 - mmengine - INFO - Exp name: maskrcnn_res101_20240819_045224
2024/08/19 04:55:55 - mmengine - INFO - Epoch(train)  [6][100/119]  lr: 2.5000e-03  eta: 0:10:32  time: 0.3267  data_time: 0.0191  memory: 2086  loss: 0.2236  loss_rpn_cls: 0.0263  loss_rpn_bbox: 0.0948  loss_cls: 0.0565  acc: 97.5728  loss_bbox: 0.0459
2024/08/19 04:56:01 - mmengine - INFO - Exp name: maskrcnn_res101_20240819_045224
2024/08/19 04:56:01 - mmengine - INFO - Saving checkpoint at 6 epochs
2024/08/19 04:56:29 - mmengine - INFO - Epoch(train)  [7][100/119]  lr: 2.5000e-03  eta: 0:09:49  time: 0.2435  data_time: 0.0188  memory: 2086  loss: 0.2114  loss_rpn_cls: 0.0235  loss_rpn_bbox: 0.0839  loss_cls: 0.0481  acc: 95.0249  loss_bbox: 0.0559
2024/08/19 04:56:34 - mmengine - INFO - Exp name: maskrcnn_res101_20240819_045224
2024/08/19 04:56:59 - mmengine - INFO - Epoch(train)  [8][100/119]  lr: 2.5000e-03  eta: 0:09:05  time: 0.2279  data_time: 0.0186  memory: 2086  loss: 0.1986  loss_rpn_cls: 0.0122  loss_rpn_bbox: 0.0767  loss_cls: 0.0418  acc: 98.4925  loss_bbox: 0.0679
2024/08/19 04:57:04 - mmengine - INFO - Exp name: maskrcnn_res101_20240819_045224
2024/08/19 04:57:19 - mmengine - INFO - Exp name: maskrcnn_res101_20240819_045224
2024/08/19 04:57:36 - mmengine - INFO - Epoch(train)  [9][100/119]  lr: 2.5000e-04  eta: 0:08:38  time: 0.3288  data_time: 0.0198  memory: 2086  loss: 0.1998  loss_rpn_cls: 0.0113  loss_rpn_bbox: 0.0544  loss_cls: 0.0440  acc: 100.0000  loss_bbox: 0.0902
2024/08/19 04:57:43 - mmengine - INFO - Exp name: maskrcnn_res101_20240819_045224
2024/08/19 04:57:43 - mmengine - INFO - Saving checkpoint at 9 epochs
2024/08/19 04:58:19 - mmengine - INFO - Epoch(train) [10][100/119]  lr: 2.5000e-04  eta: 0:08:11  time: 0.3328  data_time: 0.0211  memory: 2086  loss: 0.1964  loss_rpn_cls: 0.0099  loss_rpn_bbox: 0.0549  loss_cls: 0.0385  acc: 97.5247  loss_bbox: 0.0931
2024/08/19 04:58:24 - mmengine - INFO - Exp name: maskrcnn_res101_20240819_045224
2024/08/19 04:58:50 - mmengine - INFO - Epoch(train) [11][100/119]  lr: 2.5000e-04  eta: 0:07:33  time: 0.2776  data_time: 0.0231  memory: 2086  loss: 0.1914  loss_rpn_cls: 0.0069  loss_rpn_bbox: 0.0440  loss_cls: 0.0377  acc: 96.5686  loss_bbox: 0.1028
2024/08/19 04:58:55 - mmengine - INFO - Exp name: maskrcnn_res101_20240819_045224
2024/08/19 04:59:21 - mmengine - INFO - Epoch(train) [12][100/119]  lr: 2.5000e-05  eta: 0:06:55  time: 0.2821  data_time: 0.0191  memory: 2086  loss: 0.2073  loss_rpn_cls: 0.0147  loss_rpn_bbox: 0.0557  loss_cls: 0.0468  acc: 94.6341  loss_bbox: 0.0901
2024/08/19 04:59:28 - mmengine - INFO - Exp name: maskrcnn_res101_20240819_045224
2024/08/19 04:59:28 - mmengine - INFO - Saving checkpoint at 12 epochs
2024/08/19 05:00:03 - mmengine - INFO - Epoch(train) [13][100/119]  lr: 2.5000e-05  eta: 0:06:25  time: 0.3220  data_time: 0.0187  memory: 2086  loss: 0.2092  loss_rpn_cls: 0.0085  loss_rpn_bbox: 0.0530  loss_cls: 0.0475  acc: 97.1429  loss_bbox: 0.1002
2024/08/19 05:00:09 - mmengine - INFO - Exp name: maskrcnn_res101_20240819_045224
2024/08/19 05:00:40 - mmengine - INFO - Epoch(train) [14][100/119]  lr: 2.5000e-05  eta: 0:05:52  time: 0.2745  data_time: 0.0182  memory: 1972  loss: 0.1960  loss_rpn_cls: 0.0070  loss_rpn_bbox: 0.0417  loss_cls: 0.0361  acc: 99.0244  loss_bbox: 0.1112
2024/08/19 05:00:44 - mmengine - INFO - Exp name: maskrcnn_res101_20240819_045224
2024/08/19 05:01:10 - mmengine - INFO - Epoch(train) [15][100/119]  lr: 2.5000e-05  eta: 0:05:15  time: 0.2651  data_time: 0.0192  memory: 1972  loss: 0.1975  loss_rpn_cls: 0.0093  loss_rpn_bbox: 0.0491  loss_cls: 0.0457  acc: 94.5545  loss_bbox: 0.0934
2024/08/19 05:01:14 - mmengine - INFO - Exp name: maskrcnn_res101_20240819_045224
2024/08/19 05:01:14 - mmengine - INFO - Saving checkpoint at 15 epochs
2024/08/19 05:01:46 - mmengine - INFO - Epoch(train) [16][100/119]  lr: 2.5000e-05  eta: 0:04:40  time: 0.3280  data_time: 0.0191  memory: 2086  loss: 0.1914  loss_rpn_cls: 0.0106  loss_rpn_bbox: 0.0485  loss_cls: 0.0375  acc: 98.0488  loss_bbox: 0.0948
2024/08/19 05:01:52 - mmengine - INFO - Exp name: maskrcnn_res101_20240819_045224
2024/08/19 05:02:25 - mmengine - INFO - Exp name: maskrcnn_res101_20240819_045224
2024/08/19 05:02:26 - mmengine - INFO - Epoch(train) [17][100/119]  lr: 2.5000e-05  eta: 0:04:08  time: 0.3352  data_time: 0.0193  memory: 2086  loss: 0.1991  loss_rpn_cls: 0.0104  loss_rpn_bbox: 0.0494  loss_cls: 0.0385  acc: 97.0874  loss_bbox: 0.1009
2024/08/19 05:02:32 - mmengine - INFO - Exp name: maskrcnn_res101_20240819_045224
2024/08/19 05:02:59 - mmengine - INFO - Epoch(train) [18][100/119]  lr: 2.5000e-05  eta: 0:03:33  time: 0.2308  data_time: 0.0178  memory: 1972  loss: 0.2191  loss_rpn_cls: 0.0080  loss_rpn_bbox: 0.0600  loss_cls: 0.0472  acc: 94.1176  loss_bbox: 0.1039
2024/08/19 05:03:04 - mmengine - INFO - Exp name: maskrcnn_res101_20240819_045224
2024/08/19 05:03:04 - mmengine - INFO - Saving checkpoint at 18 epochs
2024/08/19 05:03:30 - mmengine - INFO - Epoch(train) [19][100/119]  lr: 2.5000e-05  eta: 0:02:57  time: 0.2362  data_time: 0.0190  memory: 2086  loss: 0.1935  loss_rpn_cls: 0.0075  loss_rpn_bbox: 0.0485  loss_cls: 0.0386  acc: 94.9239  loss_bbox: 0.0989
2024/08/19 05:03:35 - mmengine - INFO - Exp name: maskrcnn_res101_20240819_045224
2024/08/19 05:04:08 - mmengine - INFO - Epoch(train) [20][100/119]  lr: 2.5000e-05  eta: 0:02:23  time: 0.3320  data_time: 0.0191  memory: 2086  loss: 0.2033  loss_rpn_cls: 0.0118  loss_rpn_bbox: 0.0521  loss_cls: 0.0436  acc: 98.5075  loss_bbox: 0.0958
2024/08/19 05:04:14 - mmengine - INFO - Exp name: maskrcnn_res101_20240819_045224
2024/08/19 05:04:47 - mmengine - INFO - Epoch(train) [21][100/119]  lr: 2.5000e-05  eta: 0:01:49  time: 0.3293  data_time: 0.0187  memory: 2086  loss: 0.1865  loss_rpn_cls: 0.0062  loss_rpn_bbox: 0.0497  loss_cls: 0.0354  acc: 98.5577  loss_bbox: 0.0952
2024/08/19 05:04:53 - mmengine - INFO - Exp name: maskrcnn_res101_20240819_045224
2024/08/19 05:04:53 - mmengine - INFO - Saving checkpoint at 21 epochs
2024/08/19 05:05:19 - mmengine - INFO - Epoch(train) [22][100/119]  lr: 2.5000e-05  eta: 0:01:14  time: 0.2583  data_time: 0.0188  memory: 2086  loss: 0.1878  loss_rpn_cls: 0.0095  loss_rpn_bbox: 0.0457  loss_cls: 0.0363  acc: 96.6346  loss_bbox: 0.0963
2024/08/19 05:05:24 - mmengine - INFO - Exp name: maskrcnn_res101_20240819_045224
2024/08/19 05:05:50 - mmengine - INFO - Epoch(train) [23][100/119]  lr: 2.5000e-05  eta: 0:00:39  time: 0.2540  data_time: 0.0190  memory: 2086  loss: 0.1864  loss_rpn_cls: 0.0073  loss_rpn_bbox: 0.0426  loss_cls: 0.0343  acc: 99.5122  loss_bbox: 0.1022
2024/08/19 05:05:56 - mmengine - INFO - Exp name: maskrcnn_res101_20240819_045224
2024/08/19 05:06:30 - mmengine - INFO - Epoch(train) [24][100/119]  lr: 2.5000e-05  eta: 0:00:05  time: 0.3354  data_time: 0.0190  memory: 2088  loss: 0.1889  loss_rpn_cls: 0.0080  loss_rpn_bbox: 0.0476  loss_cls: 0.0356  acc: 96.5686  loss_bbox: 0.0977
2024/08/19 05:06:35 - mmengine - INFO - Exp name: maskrcnn_res101_20240819_045224
2024/08/19 05:06:35 - mmengine - INFO - Saving checkpoint at 24 epochs
