2024/08/17 23:44:14 - mmengine - INFO - 
------------------------------------------------------------
System environment:
    sys.platform: linux
    Python: 3.8.19 (default, Mar 20 2024, 19:58:24) [GCC 11.2.0]
    CUDA available: True
    MUSA available: False
    numpy_random_seed: 2145902939
    GPU 0: NVIDIA TITAN X (Pascal)
    CUDA_HOME: /usr
    NVCC: Cuda compilation tools, release 11.2, V11.2.152
    GCC: gcc (Debian 10.2.1-6) 10.2.1 20210110
    PyTorch: 1.12.1
    PyTorch compiling details: PyTorch built with:
  - GCC 9.3
  - C++ Version: 201402
  - Intel(R) oneAPI Math Kernel Library Version 2023.1-Product Build 20230303 for Intel(R) 64 architecture applications
  - Intel(R) MKL-DNN v2.6.0 (Git Hash 52b5f107dd9cf10910aaa19cb47f3abf9b349815)
  - OpenMP 201511 (a.k.a. OpenMP 4.5)
  - LAPACK is enabled (usually provided by MKL)
  - NNPACK is enabled
  - CPU capability usage: AVX2
  - CUDA Runtime 11.3
  - NVCC architecture flags: -gencode;arch=compute_37,code=sm_37;-gencode;arch=compute_50,code=sm_50;-gencode;arch=compute_60,code=sm_60;-gencode;arch=compute_61,code=sm_61;-gencode;arch=compute_70,code=sm_70;-gencode;arch=compute_75,code=sm_75;-gencode;arch=compute_80,code=sm_80;-gencode;arch=compute_86,code=sm_86;-gencode;arch=compute_37,code=compute_37
  - CuDNN 8.3.2  (built against CUDA 11.5)
  - Magma 2.5.2
  - Build settings: BLAS_INFO=mkl, BUILD_TYPE=Release, CUDA_VERSION=11.3, CUDNN_VERSION=8.3.2, CXX_COMPILER=/opt/rh/devtoolset-9/root/usr/bin/c++, CXX_FLAGS= -fabi-version=11 -Wno-deprecated -fvisibility-inlines-hidden -DUSE_PTHREADPOOL -fopenmp -DNDEBUG -DUSE_KINETO -DUSE_FBGEMM -DUSE_QNNPACK -DUSE_PYTORCH_QNNPACK -DUSE_XNNPACK -DSYMBOLICATE_MOBILE_DEBUG_HANDLE -DEDGE_PROFILER_USE_KINETO -O2 -fPIC -Wno-narrowing -Wall -Wextra -Werror=return-type -Wno-missing-field-initializers -Wno-type-limits -Wno-array-bounds -Wno-unknown-pragmas -Wno-unused-parameter -Wno-unused-function -Wno-unused-result -Wno-unused-local-typedefs -Wno-strict-overflow -Wno-strict-aliasing -Wno-error=deprecated-declarations -Wno-stringop-overflow -Wno-psabi -Wno-error=pedantic -Wno-error=redundant-decls -Wno-error=old-style-cast -fdiagnostics-color=always -faligned-new -Wno-unused-but-set-variable -Wno-maybe-uninitialized -fno-math-errno -fno-trapping-math -Werror=format -Werror=cast-function-type -Wno-stringop-overflow, LAPACK_INFO=mkl, PERF_WITH_AVX=1, PERF_WITH_AVX2=1, PERF_WITH_AVX512=1, TORCH_VERSION=1.12.1, USE_CUDA=ON, USE_CUDNN=ON, USE_EXCEPTION_PTR=1, USE_GFLAGS=OFF, USE_GLOG=OFF, USE_MKL=ON, USE_MKLDNN=OFF, USE_MPI=OFF, USE_NCCL=ON, USE_NNPACK=ON, USE_OPENMP=ON, USE_ROCM=OFF, 

    TorchVision: 0.13.1
    OpenCV: 4.10.0
    MMEngine: 0.10.4

Runtime environment:
    cudnn_benchmark: False
    dist_cfg: {'backend': 'nccl'}
    mp_cfg: {'mp_start_method': 'fork', 'opencv_num_threads': 0}
    seed: 2145902939
    Distributed launcher: none
    Distributed training: False
    GPU number: 1
------------------------------------------------------------

2024/08/17 23:44:14 - mmengine - INFO - Config:
auto_scale_lr = dict(base_batch_size=16, enable=False)
backend_args = None
data_root = '/scratch/hshang/moody/final_phase_submission/training_data'
dataset_type = 'CocoDataset'
default_hooks = dict(
    checkpoint=dict(interval=3, type='CheckpointHook'),
    logger=dict(interval=10, type='LoggerHook'),
    param_scheduler=dict(type='ParamSchedulerHook'),
    sampler_seed=dict(type='DistSamplerSeedHook'),
    timer=dict(type='IterTimerHook'),
    visualization=dict(type='DetVisualizationHook'))
default_scope = 'mmdet'
env_cfg = dict(
    cudnn_benchmark=False,
    dist_cfg=dict(backend='nccl'),
    mp_cfg=dict(mp_start_method='fork', opencv_num_threads=0))
launcher = 'none'
load_from = '/scratch/hshang/moody/final_phase_submission/official-phase-mins-eth/TeamCode/src/checkpoints/mask_rcnn_r101_caffe_fpn_1x_coco_20200601_095758-805e06c1.pth'
log_level = 'INFO'
log_processor = dict(by_epoch=True, type='LogProcessor', window_size=50)
metainfo = dict(
    classes=('ecg_lead', ), palette=[
        (
            220,
            20,
            60,
        ),
    ])
model = dict(
    backbone=dict(
        depth=101,
        frozen_stages=1,
        init_cfg=dict(
            checkpoint='TeamCode/src/checkpoints/resnet101_msra-6cc46731.pth',
            type='Pretrained'),
        norm_cfg=dict(requires_grad=False, type='BN'),
        norm_eval=True,
        num_stages=4,
        out_indices=(
            0,
            1,
            2,
            3,
        ),
        style='caffe',
        type='ResNet'),
    data_preprocessor=dict(
        bgr_to_rgb=False,
        mean=[
            103.53,
            116.28,
            123.675,
        ],
        pad_mask=True,
        pad_size_divisor=32,
        std=[
            1.0,
            1.0,
            1.0,
        ],
        type='DetDataPreprocessor'),
    neck=dict(
        in_channels=[
            256,
            512,
            1024,
            2048,
        ],
        num_outs=5,
        out_channels=256,
        type='FPN'),
    roi_head=dict(
        bbox_head=dict(
            bbox_coder=dict(
                target_means=[
                    0.0,
                    0.0,
                    0.0,
                    0.0,
                ],
                target_stds=[
                    0.1,
                    0.1,
                    0.2,
                    0.2,
                ],
                type='DeltaXYWHBBoxCoder'),
            fc_out_channels=1024,
            in_channels=256,
            loss_bbox=dict(loss_weight=2.0, type='L1Loss'),
            loss_cls=dict(
                loss_weight=0.5, type='CrossEntropyLoss', use_sigmoid=False),
            num_classes=1,
            reg_class_agnostic=False,
            roi_feat_size=7,
            type='Shared2FCBBoxHead'),
        bbox_roi_extractor=dict(
            featmap_strides=[
                4,
                8,
                16,
                32,
            ],
            out_channels=256,
            roi_layer=dict(output_size=7, sampling_ratio=0, type='RoIAlign'),
            type='SingleRoIExtractor'),
        type='StandardRoIHead'),
    rpn_head=dict(
        anchor_generator=dict(
            ratios=[
                0.1,
                0.3,
                0.5,
                1.0,
                2.0,
            ],
            scales=[
                8,
            ],
            strides=[
                4,
                8,
                16,
                32,
                64,
            ],
            type='AnchorGenerator'),
        bbox_coder=dict(
            target_means=[
                0.0,
                0.0,
                0.0,
                0.0,
            ],
            target_stds=[
                1.0,
                1.0,
                1.0,
                1.0,
            ],
            type='DeltaXYWHBBoxCoder'),
        feat_channels=256,
        in_channels=256,
        loss_bbox=dict(loss_weight=1.0, type='L1Loss'),
        loss_cls=dict(
            loss_weight=1.0, type='CrossEntropyLoss', use_sigmoid=True),
        type='RPNHead'),
    test_cfg=dict(
        rcnn=dict(
            mask_thr_binary=0.5,
            max_per_img=100,
            nms=dict(iou_threshold=0.5, type='nms'),
            score_thr=0.05),
        rpn=dict(
            max_per_img=100,
            min_bbox_size=10,
            nms=dict(iou_threshold=0.7, type='nms'),
            nms_pre=500)),
    train_cfg=dict(
        rcnn=dict(
            assigner=dict(
                ignore_iof_thr=-1,
                match_low_quality=True,
                min_pos_iou=0.8,
                neg_iou_thr=0.7,
                pos_iou_thr=0.8,
                type='MaxIoUAssigner'),
            debug=False,
            mask_size=112,
            pos_weight=2.0,
            sampler=dict(
                add_gt_as_proposals=True,
                neg_pos_ub=-1,
                num=1028,
                pos_fraction=0.6,
                type='RandomSampler')),
        rpn=dict(
            allowed_border=-1,
            assigner=dict(
                ignore_iof_thr=-1,
                match_low_quality=True,
                min_pos_iou=0.3,
                neg_iou_thr=0.2,
                pos_iou_thr=0.7,
                type='MaxIoUAssigner'),
            debug=False,
            pos_weight=2.0,
            sampler=dict(
                add_gt_as_proposals=False,
                neg_pos_ub=-1,
                num=256,
                pos_fraction=0.6,
                type='RandomSampler')),
        rpn_proposal=dict(
            max_per_img=200,
            min_bbox_size=10,
            nms=dict(iou_threshold=0.6, type='nms'),
            nms_pre=500)),
    type='MaskRCNN')
optim_wrapper = dict(
    loss_scale='dynamic',
    optimizer=dict(lr=0.0025, momentum=0.9, type='SGD', weight_decay=0.0001),
    type='AmpOptimWrapper')
param_scheduler = [
    dict(
        begin=0, by_epoch=False, end=500, start_factor=0.001, type='LinearLR'),
    dict(
        begin=0,
        by_epoch=True,
        end=12,
        gamma=0.1,
        milestones=[
            8,
            11,
        ],
        type='MultiStepLR'),
]
resume = False
test_cfg = dict(type='TestLoop')
test_dataloader = dict(
    batch_size=1,
    dataset=dict(
        ann_file='annotation_coco.json',
        backend_args=None,
        data_prefix=dict(img=''),
        data_root='/scratch/hshang/moody/train_set/00000',
        metainfo=dict(classes=('ecg_lead', ), palette=[
            (
                220,
                20,
                60,
            ),
        ]),
        pipeline=[
            dict(backend_args=None, type='LoadImageFromFile'),
            dict(keep_ratio=True, scale=(
                1333,
                800,
            ), type='Resize'),
            dict(
                poly2mask=True,
                type='LoadAnnotations',
                with_bbox=True,
                with_mask=True),
            dict(
                meta_keys=(
                    'img_id',
                    'img_path',
                    'ori_shape',
                    'img_shape',
                    'scale_factor',
                ),
                type='PackDetInputs'),
        ],
        test_mode=True,
        type='CocoDataset'),
    drop_last=False,
    num_workers=2,
    persistent_workers=True,
    sampler=dict(shuffle=False, type='DefaultSampler'))
test_evaluator = dict(
    ann_file='/scratch/hshang/moody/train_set/00000/annotation_coco.json',
    backend_args=None,
    format_only=False,
    metric=[
        'bbox',
        'segm',
    ],
    type='CocoMetric')
test_pipeline = [
    dict(backend_args=None, type='LoadImageFromFile'),
    dict(keep_ratio=True, scale=(
        1333,
        800,
    ), type='Resize'),
    dict(
        poly2mask=True, type='LoadAnnotations', with_bbox=True,
        with_mask=True),
    dict(
        meta_keys=(
            'img_id',
            'img_path',
            'ori_shape',
            'img_shape',
            'scale_factor',
        ),
        type='PackDetInputs'),
]
train_cfg = dict(max_epochs=15, type='EpochBasedTrainLoop', val_interval=3)
train_dataloader = dict(
    batch_sampler=dict(type='AspectRatioBatchSampler'),
    batch_size=1,
    dataset=dict(
        ann_file='annotation_coco.json',
        backend_args=None,
        data_prefix=dict(img=''),
        data_root='/scratch/hshang/moody/final_phase_submission/training_data',
        filter_cfg=dict(filter_empty_gt=True, min_size=32),
        metainfo=dict(classes=('ecg_lead', ), palette=[
            (
                220,
                20,
                60,
            ),
        ]),
        pipeline=[
            dict(backend_args=None, type='LoadImageFromFile'),
            dict(
                poly2mask=True,
                type='LoadAnnotations',
                with_bbox=True,
                with_mask=True),
            dict(
                keep_ratio=True,
                scales=[
                    (
                        1333,
                        640,
                    ),
                    (
                        1333,
                        672,
                    ),
                    (
                        1333,
                        704,
                    ),
                    (
                        1333,
                        736,
                    ),
                    (
                        1333,
                        768,
                    ),
                    (
                        1333,
                        800,
                    ),
                ],
                type='RandomChoiceResize'),
            dict(prob=0.5, type='RandomFlip'),
            dict(type='PackDetInputs'),
        ],
        type='CocoDataset'),
    num_workers=2,
    persistent_workers=True,
    sampler=dict(shuffle=True, type='DefaultSampler'))
train_pipeline = [
    dict(backend_args=None, type='LoadImageFromFile'),
    dict(
        poly2mask=True, type='LoadAnnotations', with_bbox=True,
        with_mask=True),
    dict(
        keep_ratio=True,
        scales=[
            (
                1333,
                640,
            ),
            (
                1333,
                672,
            ),
            (
                1333,
                704,
            ),
            (
                1333,
                736,
            ),
            (
                1333,
                768,
            ),
            (
                1333,
                800,
            ),
        ],
        type='RandomChoiceResize'),
    dict(prob=0.5, type='RandomFlip'),
    dict(type='PackDetInputs'),
]
val_cfg = None
val_dataloader = None
val_evaluator = None
vis_backends = [
    dict(type='LocalVisBackend'),
]
visualizer = dict(
    name='visualizer',
    type='DetLocalVisualizer',
    vis_backends=[
        dict(type='LocalVisBackend'),
    ])
work_dir = '/scratch/hshang/moody/final_phase_submission/official-phase-mins-eth/model'

2024/08/17 23:44:17 - mmengine - INFO - Distributed training is not used, all SyncBatchNorm (SyncBN) layers in the model will be automatically reverted to BatchNormXd layers if they are used.
2024/08/17 23:44:17 - mmengine - INFO - Hooks will be executed in the following order:
before_run:
(VERY_HIGH   ) RuntimeInfoHook                    
(BELOW_NORMAL) LoggerHook                         
 -------------------- 
before_train:
(VERY_HIGH   ) RuntimeInfoHook                    
(NORMAL      ) IterTimerHook                      
(VERY_LOW    ) CheckpointHook                     
 -------------------- 
before_train_epoch:
(VERY_HIGH   ) RuntimeInfoHook                    
(NORMAL      ) IterTimerHook                      
(NORMAL      ) DistSamplerSeedHook                
 -------------------- 
before_train_iter:
(VERY_HIGH   ) RuntimeInfoHook                    
(NORMAL      ) IterTimerHook                      
 -------------------- 
after_train_iter:
(VERY_HIGH   ) RuntimeInfoHook                    
(NORMAL      ) IterTimerHook                      
(BELOW_NORMAL) LoggerHook                         
(LOW         ) ParamSchedulerHook                 
(VERY_LOW    ) CheckpointHook                     
 -------------------- 
after_train_epoch:
(NORMAL      ) IterTimerHook                      
(LOW         ) ParamSchedulerHook                 
(VERY_LOW    ) CheckpointHook                     
 -------------------- 
before_val:
(VERY_HIGH   ) RuntimeInfoHook                    
 -------------------- 
before_val_epoch:
(NORMAL      ) IterTimerHook                      
 -------------------- 
before_val_iter:
(NORMAL      ) IterTimerHook                      
 -------------------- 
after_val_iter:
(NORMAL      ) IterTimerHook                      
(NORMAL      ) DetVisualizationHook               
(BELOW_NORMAL) LoggerHook                         
 -------------------- 
after_val_epoch:
(VERY_HIGH   ) RuntimeInfoHook                    
(NORMAL      ) IterTimerHook                      
(BELOW_NORMAL) LoggerHook                         
(LOW         ) ParamSchedulerHook                 
(VERY_LOW    ) CheckpointHook                     
 -------------------- 
after_val:
(VERY_HIGH   ) RuntimeInfoHook                    
 -------------------- 
after_train:
(VERY_HIGH   ) RuntimeInfoHook                    
(VERY_LOW    ) CheckpointHook                     
 -------------------- 
before_test:
(VERY_HIGH   ) RuntimeInfoHook                    
 -------------------- 
before_test_epoch:
(NORMAL      ) IterTimerHook                      
 -------------------- 
before_test_iter:
(NORMAL      ) IterTimerHook                      
 -------------------- 
after_test_iter:
(NORMAL      ) IterTimerHook                      
(NORMAL      ) DetVisualizationHook               
(BELOW_NORMAL) LoggerHook                         
 -------------------- 
after_test_epoch:
(VERY_HIGH   ) RuntimeInfoHook                    
(NORMAL      ) IterTimerHook                      
(BELOW_NORMAL) LoggerHook                         
 -------------------- 
after_test:
(VERY_HIGH   ) RuntimeInfoHook                    
 -------------------- 
after_run:
(BELOW_NORMAL) LoggerHook                         
 -------------------- 
2024/08/17 23:44:19 - mmengine - INFO - load model from: TeamCode/src/checkpoints/resnet101_msra-6cc46731.pth
2024/08/17 23:44:19 - mmengine - INFO - Loads checkpoint by local backend from path: TeamCode/src/checkpoints/resnet101_msra-6cc46731.pth
Name of parameter - Initialization information

backbone.conv1.weight - torch.Size([64, 3, 7, 7]): 
PretrainedInit: load from TeamCode/src/checkpoints/resnet101_msra-6cc46731.pth 

backbone.bn1.weight - torch.Size([64]): 
PretrainedInit: load from TeamCode/src/checkpoints/resnet101_msra-6cc46731.pth 

backbone.bn1.bias - torch.Size([64]): 
PretrainedInit: load from TeamCode/src/checkpoints/resnet101_msra-6cc46731.pth 

backbone.layer1.0.conv1.weight - torch.Size([64, 64, 1, 1]): 
PretrainedInit: load from TeamCode/src/checkpoints/resnet101_msra-6cc46731.pth 

backbone.layer1.0.bn1.weight - torch.Size([64]): 
PretrainedInit: load from TeamCode/src/checkpoints/resnet101_msra-6cc46731.pth 

backbone.layer1.0.bn1.bias - torch.Size([64]): 
PretrainedInit: load from TeamCode/src/checkpoints/resnet101_msra-6cc46731.pth 

backbone.layer1.0.conv2.weight - torch.Size([64, 64, 3, 3]): 
PretrainedInit: load from TeamCode/src/checkpoints/resnet101_msra-6cc46731.pth 

backbone.layer1.0.bn2.weight - torch.Size([64]): 
PretrainedInit: load from TeamCode/src/checkpoints/resnet101_msra-6cc46731.pth 

backbone.layer1.0.bn2.bias - torch.Size([64]): 
PretrainedInit: load from TeamCode/src/checkpoints/resnet101_msra-6cc46731.pth 

backbone.layer1.0.conv3.weight - torch.Size([256, 64, 1, 1]): 
PretrainedInit: load from TeamCode/src/checkpoints/resnet101_msra-6cc46731.pth 

backbone.layer1.0.bn3.weight - torch.Size([256]): 
PretrainedInit: load from TeamCode/src/checkpoints/resnet101_msra-6cc46731.pth 

backbone.layer1.0.bn3.bias - torch.Size([256]): 
PretrainedInit: load from TeamCode/src/checkpoints/resnet101_msra-6cc46731.pth 

backbone.layer1.0.downsample.0.weight - torch.Size([256, 64, 1, 1]): 
PretrainedInit: load from TeamCode/src/checkpoints/resnet101_msra-6cc46731.pth 

backbone.layer1.0.downsample.1.weight - torch.Size([256]): 
PretrainedInit: load from TeamCode/src/checkpoints/resnet101_msra-6cc46731.pth 

backbone.layer1.0.downsample.1.bias - torch.Size([256]): 
PretrainedInit: load from TeamCode/src/checkpoints/resnet101_msra-6cc46731.pth 

backbone.layer1.1.conv1.weight - torch.Size([64, 256, 1, 1]): 
PretrainedInit: load from TeamCode/src/checkpoints/resnet101_msra-6cc46731.pth 

backbone.layer1.1.bn1.weight - torch.Size([64]): 
PretrainedInit: load from TeamCode/src/checkpoints/resnet101_msra-6cc46731.pth 

backbone.layer1.1.bn1.bias - torch.Size([64]): 
PretrainedInit: load from TeamCode/src/checkpoints/resnet101_msra-6cc46731.pth 

backbone.layer1.1.conv2.weight - torch.Size([64, 64, 3, 3]): 
PretrainedInit: load from TeamCode/src/checkpoints/resnet101_msra-6cc46731.pth 

backbone.layer1.1.bn2.weight - torch.Size([64]): 
PretrainedInit: load from TeamCode/src/checkpoints/resnet101_msra-6cc46731.pth 

backbone.layer1.1.bn2.bias - torch.Size([64]): 
PretrainedInit: load from TeamCode/src/checkpoints/resnet101_msra-6cc46731.pth 

backbone.layer1.1.conv3.weight - torch.Size([256, 64, 1, 1]): 
PretrainedInit: load from TeamCode/src/checkpoints/resnet101_msra-6cc46731.pth 

backbone.layer1.1.bn3.weight - torch.Size([256]): 
PretrainedInit: load from TeamCode/src/checkpoints/resnet101_msra-6cc46731.pth 

backbone.layer1.1.bn3.bias - torch.Size([256]): 
PretrainedInit: load from TeamCode/src/checkpoints/resnet101_msra-6cc46731.pth 

backbone.layer1.2.conv1.weight - torch.Size([64, 256, 1, 1]): 
PretrainedInit: load from TeamCode/src/checkpoints/resnet101_msra-6cc46731.pth 

backbone.layer1.2.bn1.weight - torch.Size([64]): 
PretrainedInit: load from TeamCode/src/checkpoints/resnet101_msra-6cc46731.pth 

backbone.layer1.2.bn1.bias - torch.Size([64]): 
PretrainedInit: load from TeamCode/src/checkpoints/resnet101_msra-6cc46731.pth 

backbone.layer1.2.conv2.weight - torch.Size([64, 64, 3, 3]): 
PretrainedInit: load from TeamCode/src/checkpoints/resnet101_msra-6cc46731.pth 

backbone.layer1.2.bn2.weight - torch.Size([64]): 
PretrainedInit: load from TeamCode/src/checkpoints/resnet101_msra-6cc46731.pth 

backbone.layer1.2.bn2.bias - torch.Size([64]): 
PretrainedInit: load from TeamCode/src/checkpoints/resnet101_msra-6cc46731.pth 

backbone.layer1.2.conv3.weight - torch.Size([256, 64, 1, 1]): 
PretrainedInit: load from TeamCode/src/checkpoints/resnet101_msra-6cc46731.pth 

backbone.layer1.2.bn3.weight - torch.Size([256]): 
PretrainedInit: load from TeamCode/src/checkpoints/resnet101_msra-6cc46731.pth 

backbone.layer1.2.bn3.bias - torch.Size([256]): 
PretrainedInit: load from TeamCode/src/checkpoints/resnet101_msra-6cc46731.pth 

backbone.layer2.0.conv1.weight - torch.Size([128, 256, 1, 1]): 
PretrainedInit: load from TeamCode/src/checkpoints/resnet101_msra-6cc46731.pth 

backbone.layer2.0.bn1.weight - torch.Size([128]): 
PretrainedInit: load from TeamCode/src/checkpoints/resnet101_msra-6cc46731.pth 

backbone.layer2.0.bn1.bias - torch.Size([128]): 
PretrainedInit: load from TeamCode/src/checkpoints/resnet101_msra-6cc46731.pth 

backbone.layer2.0.conv2.weight - torch.Size([128, 128, 3, 3]): 
PretrainedInit: load from TeamCode/src/checkpoints/resnet101_msra-6cc46731.pth 

backbone.layer2.0.bn2.weight - torch.Size([128]): 
PretrainedInit: load from TeamCode/src/checkpoints/resnet101_msra-6cc46731.pth 

backbone.layer2.0.bn2.bias - torch.Size([128]): 
PretrainedInit: load from TeamCode/src/checkpoints/resnet101_msra-6cc46731.pth 

backbone.layer2.0.conv3.weight - torch.Size([512, 128, 1, 1]): 
PretrainedInit: load from TeamCode/src/checkpoints/resnet101_msra-6cc46731.pth 

backbone.layer2.0.bn3.weight - torch.Size([512]): 
PretrainedInit: load from TeamCode/src/checkpoints/resnet101_msra-6cc46731.pth 

backbone.layer2.0.bn3.bias - torch.Size([512]): 
PretrainedInit: load from TeamCode/src/checkpoints/resnet101_msra-6cc46731.pth 

backbone.layer2.0.downsample.0.weight - torch.Size([512, 256, 1, 1]): 
PretrainedInit: load from TeamCode/src/checkpoints/resnet101_msra-6cc46731.pth 

backbone.layer2.0.downsample.1.weight - torch.Size([512]): 
PretrainedInit: load from TeamCode/src/checkpoints/resnet101_msra-6cc46731.pth 

backbone.layer2.0.downsample.1.bias - torch.Size([512]): 
PretrainedInit: load from TeamCode/src/checkpoints/resnet101_msra-6cc46731.pth 

backbone.layer2.1.conv1.weight - torch.Size([128, 512, 1, 1]): 
PretrainedInit: load from TeamCode/src/checkpoints/resnet101_msra-6cc46731.pth 

backbone.layer2.1.bn1.weight - torch.Size([128]): 
PretrainedInit: load from TeamCode/src/checkpoints/resnet101_msra-6cc46731.pth 

backbone.layer2.1.bn1.bias - torch.Size([128]): 
PretrainedInit: load from TeamCode/src/checkpoints/resnet101_msra-6cc46731.pth 

backbone.layer2.1.conv2.weight - torch.Size([128, 128, 3, 3]): 
PretrainedInit: load from TeamCode/src/checkpoints/resnet101_msra-6cc46731.pth 

backbone.layer2.1.bn2.weight - torch.Size([128]): 
PretrainedInit: load from TeamCode/src/checkpoints/resnet101_msra-6cc46731.pth 

backbone.layer2.1.bn2.bias - torch.Size([128]): 
PretrainedInit: load from TeamCode/src/checkpoints/resnet101_msra-6cc46731.pth 

backbone.layer2.1.conv3.weight - torch.Size([512, 128, 1, 1]): 
PretrainedInit: load from TeamCode/src/checkpoints/resnet101_msra-6cc46731.pth 

backbone.layer2.1.bn3.weight - torch.Size([512]): 
PretrainedInit: load from TeamCode/src/checkpoints/resnet101_msra-6cc46731.pth 

backbone.layer2.1.bn3.bias - torch.Size([512]): 
PretrainedInit: load from TeamCode/src/checkpoints/resnet101_msra-6cc46731.pth 

backbone.layer2.2.conv1.weight - torch.Size([128, 512, 1, 1]): 
PretrainedInit: load from TeamCode/src/checkpoints/resnet101_msra-6cc46731.pth 

backbone.layer2.2.bn1.weight - torch.Size([128]): 
PretrainedInit: load from TeamCode/src/checkpoints/resnet101_msra-6cc46731.pth 

backbone.layer2.2.bn1.bias - torch.Size([128]): 
PretrainedInit: load from TeamCode/src/checkpoints/resnet101_msra-6cc46731.pth 

backbone.layer2.2.conv2.weight - torch.Size([128, 128, 3, 3]): 
PretrainedInit: load from TeamCode/src/checkpoints/resnet101_msra-6cc46731.pth 

backbone.layer2.2.bn2.weight - torch.Size([128]): 
PretrainedInit: load from TeamCode/src/checkpoints/resnet101_msra-6cc46731.pth 

backbone.layer2.2.bn2.bias - torch.Size([128]): 
PretrainedInit: load from TeamCode/src/checkpoints/resnet101_msra-6cc46731.pth 

backbone.layer2.2.conv3.weight - torch.Size([512, 128, 1, 1]): 
PretrainedInit: load from TeamCode/src/checkpoints/resnet101_msra-6cc46731.pth 

backbone.layer2.2.bn3.weight - torch.Size([512]): 
PretrainedInit: load from TeamCode/src/checkpoints/resnet101_msra-6cc46731.pth 

backbone.layer2.2.bn3.bias - torch.Size([512]): 
PretrainedInit: load from TeamCode/src/checkpoints/resnet101_msra-6cc46731.pth 

backbone.layer2.3.conv1.weight - torch.Size([128, 512, 1, 1]): 
PretrainedInit: load from TeamCode/src/checkpoints/resnet101_msra-6cc46731.pth 

backbone.layer2.3.bn1.weight - torch.Size([128]): 
PretrainedInit: load from TeamCode/src/checkpoints/resnet101_msra-6cc46731.pth 

backbone.layer2.3.bn1.bias - torch.Size([128]): 
PretrainedInit: load from TeamCode/src/checkpoints/resnet101_msra-6cc46731.pth 

backbone.layer2.3.conv2.weight - torch.Size([128, 128, 3, 3]): 
PretrainedInit: load from TeamCode/src/checkpoints/resnet101_msra-6cc46731.pth 

backbone.layer2.3.bn2.weight - torch.Size([128]): 
PretrainedInit: load from TeamCode/src/checkpoints/resnet101_msra-6cc46731.pth 

backbone.layer2.3.bn2.bias - torch.Size([128]): 
PretrainedInit: load from TeamCode/src/checkpoints/resnet101_msra-6cc46731.pth 

backbone.layer2.3.conv3.weight - torch.Size([512, 128, 1, 1]): 
PretrainedInit: load from TeamCode/src/checkpoints/resnet101_msra-6cc46731.pth 

backbone.layer2.3.bn3.weight - torch.Size([512]): 
PretrainedInit: load from TeamCode/src/checkpoints/resnet101_msra-6cc46731.pth 

backbone.layer2.3.bn3.bias - torch.Size([512]): 
PretrainedInit: load from TeamCode/src/checkpoints/resnet101_msra-6cc46731.pth 

backbone.layer3.0.conv1.weight - torch.Size([256, 512, 1, 1]): 
PretrainedInit: load from TeamCode/src/checkpoints/resnet101_msra-6cc46731.pth 

backbone.layer3.0.bn1.weight - torch.Size([256]): 
PretrainedInit: load from TeamCode/src/checkpoints/resnet101_msra-6cc46731.pth 

backbone.layer3.0.bn1.bias - torch.Size([256]): 
PretrainedInit: load from TeamCode/src/checkpoints/resnet101_msra-6cc46731.pth 

backbone.layer3.0.conv2.weight - torch.Size([256, 256, 3, 3]): 
PretrainedInit: load from TeamCode/src/checkpoints/resnet101_msra-6cc46731.pth 

backbone.layer3.0.bn2.weight - torch.Size([256]): 
PretrainedInit: load from TeamCode/src/checkpoints/resnet101_msra-6cc46731.pth 

backbone.layer3.0.bn2.bias - torch.Size([256]): 
PretrainedInit: load from TeamCode/src/checkpoints/resnet101_msra-6cc46731.pth 

backbone.layer3.0.conv3.weight - torch.Size([1024, 256, 1, 1]): 
PretrainedInit: load from TeamCode/src/checkpoints/resnet101_msra-6cc46731.pth 

backbone.layer3.0.bn3.weight - torch.Size([1024]): 
PretrainedInit: load from TeamCode/src/checkpoints/resnet101_msra-6cc46731.pth 

backbone.layer3.0.bn3.bias - torch.Size([1024]): 
PretrainedInit: load from TeamCode/src/checkpoints/resnet101_msra-6cc46731.pth 

backbone.layer3.0.downsample.0.weight - torch.Size([1024, 512, 1, 1]): 
PretrainedInit: load from TeamCode/src/checkpoints/resnet101_msra-6cc46731.pth 

backbone.layer3.0.downsample.1.weight - torch.Size([1024]): 
PretrainedInit: load from TeamCode/src/checkpoints/resnet101_msra-6cc46731.pth 

backbone.layer3.0.downsample.1.bias - torch.Size([1024]): 
PretrainedInit: load from TeamCode/src/checkpoints/resnet101_msra-6cc46731.pth 

backbone.layer3.1.conv1.weight - torch.Size([256, 1024, 1, 1]): 
PretrainedInit: load from TeamCode/src/checkpoints/resnet101_msra-6cc46731.pth 

backbone.layer3.1.bn1.weight - torch.Size([256]): 
PretrainedInit: load from TeamCode/src/checkpoints/resnet101_msra-6cc46731.pth 

backbone.layer3.1.bn1.bias - torch.Size([256]): 
PretrainedInit: load from TeamCode/src/checkpoints/resnet101_msra-6cc46731.pth 

backbone.layer3.1.conv2.weight - torch.Size([256, 256, 3, 3]): 
PretrainedInit: load from TeamCode/src/checkpoints/resnet101_msra-6cc46731.pth 

backbone.layer3.1.bn2.weight - torch.Size([256]): 
PretrainedInit: load from TeamCode/src/checkpoints/resnet101_msra-6cc46731.pth 

backbone.layer3.1.bn2.bias - torch.Size([256]): 
PretrainedInit: load from TeamCode/src/checkpoints/resnet101_msra-6cc46731.pth 

backbone.layer3.1.conv3.weight - torch.Size([1024, 256, 1, 1]): 
PretrainedInit: load from TeamCode/src/checkpoints/resnet101_msra-6cc46731.pth 

backbone.layer3.1.bn3.weight - torch.Size([1024]): 
PretrainedInit: load from TeamCode/src/checkpoints/resnet101_msra-6cc46731.pth 

backbone.layer3.1.bn3.bias - torch.Size([1024]): 
PretrainedInit: load from TeamCode/src/checkpoints/resnet101_msra-6cc46731.pth 

backbone.layer3.2.conv1.weight - torch.Size([256, 1024, 1, 1]): 
PretrainedInit: load from TeamCode/src/checkpoints/resnet101_msra-6cc46731.pth 

backbone.layer3.2.bn1.weight - torch.Size([256]): 
PretrainedInit: load from TeamCode/src/checkpoints/resnet101_msra-6cc46731.pth 

backbone.layer3.2.bn1.bias - torch.Size([256]): 
PretrainedInit: load from TeamCode/src/checkpoints/resnet101_msra-6cc46731.pth 

backbone.layer3.2.conv2.weight - torch.Size([256, 256, 3, 3]): 
PretrainedInit: load from TeamCode/src/checkpoints/resnet101_msra-6cc46731.pth 

backbone.layer3.2.bn2.weight - torch.Size([256]): 
PretrainedInit: load from TeamCode/src/checkpoints/resnet101_msra-6cc46731.pth 

backbone.layer3.2.bn2.bias - torch.Size([256]): 
PretrainedInit: load from TeamCode/src/checkpoints/resnet101_msra-6cc46731.pth 

backbone.layer3.2.conv3.weight - torch.Size([1024, 256, 1, 1]): 
PretrainedInit: load from TeamCode/src/checkpoints/resnet101_msra-6cc46731.pth 

backbone.layer3.2.bn3.weight - torch.Size([1024]): 
PretrainedInit: load from TeamCode/src/checkpoints/resnet101_msra-6cc46731.pth 

backbone.layer3.2.bn3.bias - torch.Size([1024]): 
PretrainedInit: load from TeamCode/src/checkpoints/resnet101_msra-6cc46731.pth 

backbone.layer3.3.conv1.weight - torch.Size([256, 1024, 1, 1]): 
PretrainedInit: load from TeamCode/src/checkpoints/resnet101_msra-6cc46731.pth 

backbone.layer3.3.bn1.weight - torch.Size([256]): 
PretrainedInit: load from TeamCode/src/checkpoints/resnet101_msra-6cc46731.pth 

backbone.layer3.3.bn1.bias - torch.Size([256]): 
PretrainedInit: load from TeamCode/src/checkpoints/resnet101_msra-6cc46731.pth 

backbone.layer3.3.conv2.weight - torch.Size([256, 256, 3, 3]): 
PretrainedInit: load from TeamCode/src/checkpoints/resnet101_msra-6cc46731.pth 

backbone.layer3.3.bn2.weight - torch.Size([256]): 
PretrainedInit: load from TeamCode/src/checkpoints/resnet101_msra-6cc46731.pth 

backbone.layer3.3.bn2.bias - torch.Size([256]): 
PretrainedInit: load from TeamCode/src/checkpoints/resnet101_msra-6cc46731.pth 

backbone.layer3.3.conv3.weight - torch.Size([1024, 256, 1, 1]): 
PretrainedInit: load from TeamCode/src/checkpoints/resnet101_msra-6cc46731.pth 

backbone.layer3.3.bn3.weight - torch.Size([1024]): 
PretrainedInit: load from TeamCode/src/checkpoints/resnet101_msra-6cc46731.pth 

backbone.layer3.3.bn3.bias - torch.Size([1024]): 
PretrainedInit: load from TeamCode/src/checkpoints/resnet101_msra-6cc46731.pth 

backbone.layer3.4.conv1.weight - torch.Size([256, 1024, 1, 1]): 
PretrainedInit: load from TeamCode/src/checkpoints/resnet101_msra-6cc46731.pth 

backbone.layer3.4.bn1.weight - torch.Size([256]): 
PretrainedInit: load from TeamCode/src/checkpoints/resnet101_msra-6cc46731.pth 

backbone.layer3.4.bn1.bias - torch.Size([256]): 
PretrainedInit: load from TeamCode/src/checkpoints/resnet101_msra-6cc46731.pth 

backbone.layer3.4.conv2.weight - torch.Size([256, 256, 3, 3]): 
PretrainedInit: load from TeamCode/src/checkpoints/resnet101_msra-6cc46731.pth 

backbone.layer3.4.bn2.weight - torch.Size([256]): 
PretrainedInit: load from TeamCode/src/checkpoints/resnet101_msra-6cc46731.pth 

backbone.layer3.4.bn2.bias - torch.Size([256]): 
PretrainedInit: load from TeamCode/src/checkpoints/resnet101_msra-6cc46731.pth 

backbone.layer3.4.conv3.weight - torch.Size([1024, 256, 1, 1]): 
PretrainedInit: load from TeamCode/src/checkpoints/resnet101_msra-6cc46731.pth 

backbone.layer3.4.bn3.weight - torch.Size([1024]): 
PretrainedInit: load from TeamCode/src/checkpoints/resnet101_msra-6cc46731.pth 

backbone.layer3.4.bn3.bias - torch.Size([1024]): 
PretrainedInit: load from TeamCode/src/checkpoints/resnet101_msra-6cc46731.pth 

backbone.layer3.5.conv1.weight - torch.Size([256, 1024, 1, 1]): 
PretrainedInit: load from TeamCode/src/checkpoints/resnet101_msra-6cc46731.pth 

backbone.layer3.5.bn1.weight - torch.Size([256]): 
PretrainedInit: load from TeamCode/src/checkpoints/resnet101_msra-6cc46731.pth 

backbone.layer3.5.bn1.bias - torch.Size([256]): 
PretrainedInit: load from TeamCode/src/checkpoints/resnet101_msra-6cc46731.pth 

backbone.layer3.5.conv2.weight - torch.Size([256, 256, 3, 3]): 
PretrainedInit: load from TeamCode/src/checkpoints/resnet101_msra-6cc46731.pth 

backbone.layer3.5.bn2.weight - torch.Size([256]): 
PretrainedInit: load from TeamCode/src/checkpoints/resnet101_msra-6cc46731.pth 

backbone.layer3.5.bn2.bias - torch.Size([256]): 
PretrainedInit: load from TeamCode/src/checkpoints/resnet101_msra-6cc46731.pth 

backbone.layer3.5.conv3.weight - torch.Size([1024, 256, 1, 1]): 
PretrainedInit: load from TeamCode/src/checkpoints/resnet101_msra-6cc46731.pth 

backbone.layer3.5.bn3.weight - torch.Size([1024]): 
PretrainedInit: load from TeamCode/src/checkpoints/resnet101_msra-6cc46731.pth 

backbone.layer3.5.bn3.bias - torch.Size([1024]): 
PretrainedInit: load from TeamCode/src/checkpoints/resnet101_msra-6cc46731.pth 

backbone.layer3.6.conv1.weight - torch.Size([256, 1024, 1, 1]): 
PretrainedInit: load from TeamCode/src/checkpoints/resnet101_msra-6cc46731.pth 

backbone.layer3.6.bn1.weight - torch.Size([256]): 
PretrainedInit: load from TeamCode/src/checkpoints/resnet101_msra-6cc46731.pth 

backbone.layer3.6.bn1.bias - torch.Size([256]): 
PretrainedInit: load from TeamCode/src/checkpoints/resnet101_msra-6cc46731.pth 

backbone.layer3.6.conv2.weight - torch.Size([256, 256, 3, 3]): 
PretrainedInit: load from TeamCode/src/checkpoints/resnet101_msra-6cc46731.pth 

backbone.layer3.6.bn2.weight - torch.Size([256]): 
PretrainedInit: load from TeamCode/src/checkpoints/resnet101_msra-6cc46731.pth 

backbone.layer3.6.bn2.bias - torch.Size([256]): 
PretrainedInit: load from TeamCode/src/checkpoints/resnet101_msra-6cc46731.pth 

backbone.layer3.6.conv3.weight - torch.Size([1024, 256, 1, 1]): 
PretrainedInit: load from TeamCode/src/checkpoints/resnet101_msra-6cc46731.pth 

backbone.layer3.6.bn3.weight - torch.Size([1024]): 
PretrainedInit: load from TeamCode/src/checkpoints/resnet101_msra-6cc46731.pth 

backbone.layer3.6.bn3.bias - torch.Size([1024]): 
PretrainedInit: load from TeamCode/src/checkpoints/resnet101_msra-6cc46731.pth 

backbone.layer3.7.conv1.weight - torch.Size([256, 1024, 1, 1]): 
PretrainedInit: load from TeamCode/src/checkpoints/resnet101_msra-6cc46731.pth 

backbone.layer3.7.bn1.weight - torch.Size([256]): 
PretrainedInit: load from TeamCode/src/checkpoints/resnet101_msra-6cc46731.pth 

backbone.layer3.7.bn1.bias - torch.Size([256]): 
PretrainedInit: load from TeamCode/src/checkpoints/resnet101_msra-6cc46731.pth 

backbone.layer3.7.conv2.weight - torch.Size([256, 256, 3, 3]): 
PretrainedInit: load from TeamCode/src/checkpoints/resnet101_msra-6cc46731.pth 

backbone.layer3.7.bn2.weight - torch.Size([256]): 
PretrainedInit: load from TeamCode/src/checkpoints/resnet101_msra-6cc46731.pth 

backbone.layer3.7.bn2.bias - torch.Size([256]): 
PretrainedInit: load from TeamCode/src/checkpoints/resnet101_msra-6cc46731.pth 

backbone.layer3.7.conv3.weight - torch.Size([1024, 256, 1, 1]): 
PretrainedInit: load from TeamCode/src/checkpoints/resnet101_msra-6cc46731.pth 

backbone.layer3.7.bn3.weight - torch.Size([1024]): 
PretrainedInit: load from TeamCode/src/checkpoints/resnet101_msra-6cc46731.pth 

backbone.layer3.7.bn3.bias - torch.Size([1024]): 
PretrainedInit: load from TeamCode/src/checkpoints/resnet101_msra-6cc46731.pth 

backbone.layer3.8.conv1.weight - torch.Size([256, 1024, 1, 1]): 
PretrainedInit: load from TeamCode/src/checkpoints/resnet101_msra-6cc46731.pth 

backbone.layer3.8.bn1.weight - torch.Size([256]): 
PretrainedInit: load from TeamCode/src/checkpoints/resnet101_msra-6cc46731.pth 

backbone.layer3.8.bn1.bias - torch.Size([256]): 
PretrainedInit: load from TeamCode/src/checkpoints/resnet101_msra-6cc46731.pth 

backbone.layer3.8.conv2.weight - torch.Size([256, 256, 3, 3]): 
PretrainedInit: load from TeamCode/src/checkpoints/resnet101_msra-6cc46731.pth 

backbone.layer3.8.bn2.weight - torch.Size([256]): 
PretrainedInit: load from TeamCode/src/checkpoints/resnet101_msra-6cc46731.pth 

backbone.layer3.8.bn2.bias - torch.Size([256]): 
PretrainedInit: load from TeamCode/src/checkpoints/resnet101_msra-6cc46731.pth 

backbone.layer3.8.conv3.weight - torch.Size([1024, 256, 1, 1]): 
PretrainedInit: load from TeamCode/src/checkpoints/resnet101_msra-6cc46731.pth 

backbone.layer3.8.bn3.weight - torch.Size([1024]): 
PretrainedInit: load from TeamCode/src/checkpoints/resnet101_msra-6cc46731.pth 

backbone.layer3.8.bn3.bias - torch.Size([1024]): 
PretrainedInit: load from TeamCode/src/checkpoints/resnet101_msra-6cc46731.pth 

backbone.layer3.9.conv1.weight - torch.Size([256, 1024, 1, 1]): 
PretrainedInit: load from TeamCode/src/checkpoints/resnet101_msra-6cc46731.pth 

backbone.layer3.9.bn1.weight - torch.Size([256]): 
PretrainedInit: load from TeamCode/src/checkpoints/resnet101_msra-6cc46731.pth 

backbone.layer3.9.bn1.bias - torch.Size([256]): 
PretrainedInit: load from TeamCode/src/checkpoints/resnet101_msra-6cc46731.pth 

backbone.layer3.9.conv2.weight - torch.Size([256, 256, 3, 3]): 
PretrainedInit: load from TeamCode/src/checkpoints/resnet101_msra-6cc46731.pth 

backbone.layer3.9.bn2.weight - torch.Size([256]): 
PretrainedInit: load from TeamCode/src/checkpoints/resnet101_msra-6cc46731.pth 

backbone.layer3.9.bn2.bias - torch.Size([256]): 
PretrainedInit: load from TeamCode/src/checkpoints/resnet101_msra-6cc46731.pth 

backbone.layer3.9.conv3.weight - torch.Size([1024, 256, 1, 1]): 
PretrainedInit: load from TeamCode/src/checkpoints/resnet101_msra-6cc46731.pth 

backbone.layer3.9.bn3.weight - torch.Size([1024]): 
PretrainedInit: load from TeamCode/src/checkpoints/resnet101_msra-6cc46731.pth 

backbone.layer3.9.bn3.bias - torch.Size([1024]): 
PretrainedInit: load from TeamCode/src/checkpoints/resnet101_msra-6cc46731.pth 

backbone.layer3.10.conv1.weight - torch.Size([256, 1024, 1, 1]): 
PretrainedInit: load from TeamCode/src/checkpoints/resnet101_msra-6cc46731.pth 

backbone.layer3.10.bn1.weight - torch.Size([256]): 
PretrainedInit: load from TeamCode/src/checkpoints/resnet101_msra-6cc46731.pth 

backbone.layer3.10.bn1.bias - torch.Size([256]): 
PretrainedInit: load from TeamCode/src/checkpoints/resnet101_msra-6cc46731.pth 

backbone.layer3.10.conv2.weight - torch.Size([256, 256, 3, 3]): 
PretrainedInit: load from TeamCode/src/checkpoints/resnet101_msra-6cc46731.pth 

backbone.layer3.10.bn2.weight - torch.Size([256]): 
PretrainedInit: load from TeamCode/src/checkpoints/resnet101_msra-6cc46731.pth 

backbone.layer3.10.bn2.bias - torch.Size([256]): 
PretrainedInit: load from TeamCode/src/checkpoints/resnet101_msra-6cc46731.pth 

backbone.layer3.10.conv3.weight - torch.Size([1024, 256, 1, 1]): 
PretrainedInit: load from TeamCode/src/checkpoints/resnet101_msra-6cc46731.pth 

backbone.layer3.10.bn3.weight - torch.Size([1024]): 
PretrainedInit: load from TeamCode/src/checkpoints/resnet101_msra-6cc46731.pth 

backbone.layer3.10.bn3.bias - torch.Size([1024]): 
PretrainedInit: load from TeamCode/src/checkpoints/resnet101_msra-6cc46731.pth 

backbone.layer3.11.conv1.weight - torch.Size([256, 1024, 1, 1]): 
PretrainedInit: load from TeamCode/src/checkpoints/resnet101_msra-6cc46731.pth 

backbone.layer3.11.bn1.weight - torch.Size([256]): 
PretrainedInit: load from TeamCode/src/checkpoints/resnet101_msra-6cc46731.pth 

backbone.layer3.11.bn1.bias - torch.Size([256]): 
PretrainedInit: load from TeamCode/src/checkpoints/resnet101_msra-6cc46731.pth 

backbone.layer3.11.conv2.weight - torch.Size([256, 256, 3, 3]): 
PretrainedInit: load from TeamCode/src/checkpoints/resnet101_msra-6cc46731.pth 

backbone.layer3.11.bn2.weight - torch.Size([256]): 
PretrainedInit: load from TeamCode/src/checkpoints/resnet101_msra-6cc46731.pth 

backbone.layer3.11.bn2.bias - torch.Size([256]): 
PretrainedInit: load from TeamCode/src/checkpoints/resnet101_msra-6cc46731.pth 

backbone.layer3.11.conv3.weight - torch.Size([1024, 256, 1, 1]): 
PretrainedInit: load from TeamCode/src/checkpoints/resnet101_msra-6cc46731.pth 

backbone.layer3.11.bn3.weight - torch.Size([1024]): 
PretrainedInit: load from TeamCode/src/checkpoints/resnet101_msra-6cc46731.pth 

backbone.layer3.11.bn3.bias - torch.Size([1024]): 
PretrainedInit: load from TeamCode/src/checkpoints/resnet101_msra-6cc46731.pth 

backbone.layer3.12.conv1.weight - torch.Size([256, 1024, 1, 1]): 
PretrainedInit: load from TeamCode/src/checkpoints/resnet101_msra-6cc46731.pth 

backbone.layer3.12.bn1.weight - torch.Size([256]): 
PretrainedInit: load from TeamCode/src/checkpoints/resnet101_msra-6cc46731.pth 

backbone.layer3.12.bn1.bias - torch.Size([256]): 
PretrainedInit: load from TeamCode/src/checkpoints/resnet101_msra-6cc46731.pth 

backbone.layer3.12.conv2.weight - torch.Size([256, 256, 3, 3]): 
PretrainedInit: load from TeamCode/src/checkpoints/resnet101_msra-6cc46731.pth 

backbone.layer3.12.bn2.weight - torch.Size([256]): 
PretrainedInit: load from TeamCode/src/checkpoints/resnet101_msra-6cc46731.pth 

backbone.layer3.12.bn2.bias - torch.Size([256]): 
PretrainedInit: load from TeamCode/src/checkpoints/resnet101_msra-6cc46731.pth 

backbone.layer3.12.conv3.weight - torch.Size([1024, 256, 1, 1]): 
PretrainedInit: load from TeamCode/src/checkpoints/resnet101_msra-6cc46731.pth 

backbone.layer3.12.bn3.weight - torch.Size([1024]): 
PretrainedInit: load from TeamCode/src/checkpoints/resnet101_msra-6cc46731.pth 

backbone.layer3.12.bn3.bias - torch.Size([1024]): 
PretrainedInit: load from TeamCode/src/checkpoints/resnet101_msra-6cc46731.pth 

backbone.layer3.13.conv1.weight - torch.Size([256, 1024, 1, 1]): 
PretrainedInit: load from TeamCode/src/checkpoints/resnet101_msra-6cc46731.pth 

backbone.layer3.13.bn1.weight - torch.Size([256]): 
PretrainedInit: load from TeamCode/src/checkpoints/resnet101_msra-6cc46731.pth 

backbone.layer3.13.bn1.bias - torch.Size([256]): 
PretrainedInit: load from TeamCode/src/checkpoints/resnet101_msra-6cc46731.pth 

backbone.layer3.13.conv2.weight - torch.Size([256, 256, 3, 3]): 
PretrainedInit: load from TeamCode/src/checkpoints/resnet101_msra-6cc46731.pth 

backbone.layer3.13.bn2.weight - torch.Size([256]): 
PretrainedInit: load from TeamCode/src/checkpoints/resnet101_msra-6cc46731.pth 

backbone.layer3.13.bn2.bias - torch.Size([256]): 
PretrainedInit: load from TeamCode/src/checkpoints/resnet101_msra-6cc46731.pth 

backbone.layer3.13.conv3.weight - torch.Size([1024, 256, 1, 1]): 
PretrainedInit: load from TeamCode/src/checkpoints/resnet101_msra-6cc46731.pth 

backbone.layer3.13.bn3.weight - torch.Size([1024]): 
PretrainedInit: load from TeamCode/src/checkpoints/resnet101_msra-6cc46731.pth 

backbone.layer3.13.bn3.bias - torch.Size([1024]): 
PretrainedInit: load from TeamCode/src/checkpoints/resnet101_msra-6cc46731.pth 

backbone.layer3.14.conv1.weight - torch.Size([256, 1024, 1, 1]): 
PretrainedInit: load from TeamCode/src/checkpoints/resnet101_msra-6cc46731.pth 

backbone.layer3.14.bn1.weight - torch.Size([256]): 
PretrainedInit: load from TeamCode/src/checkpoints/resnet101_msra-6cc46731.pth 

backbone.layer3.14.bn1.bias - torch.Size([256]): 
PretrainedInit: load from TeamCode/src/checkpoints/resnet101_msra-6cc46731.pth 

backbone.layer3.14.conv2.weight - torch.Size([256, 256, 3, 3]): 
PretrainedInit: load from TeamCode/src/checkpoints/resnet101_msra-6cc46731.pth 

backbone.layer3.14.bn2.weight - torch.Size([256]): 
PretrainedInit: load from TeamCode/src/checkpoints/resnet101_msra-6cc46731.pth 

backbone.layer3.14.bn2.bias - torch.Size([256]): 
PretrainedInit: load from TeamCode/src/checkpoints/resnet101_msra-6cc46731.pth 

backbone.layer3.14.conv3.weight - torch.Size([1024, 256, 1, 1]): 
PretrainedInit: load from TeamCode/src/checkpoints/resnet101_msra-6cc46731.pth 

backbone.layer3.14.bn3.weight - torch.Size([1024]): 
PretrainedInit: load from TeamCode/src/checkpoints/resnet101_msra-6cc46731.pth 

backbone.layer3.14.bn3.bias - torch.Size([1024]): 
PretrainedInit: load from TeamCode/src/checkpoints/resnet101_msra-6cc46731.pth 

backbone.layer3.15.conv1.weight - torch.Size([256, 1024, 1, 1]): 
PretrainedInit: load from TeamCode/src/checkpoints/resnet101_msra-6cc46731.pth 

backbone.layer3.15.bn1.weight - torch.Size([256]): 
PretrainedInit: load from TeamCode/src/checkpoints/resnet101_msra-6cc46731.pth 

backbone.layer3.15.bn1.bias - torch.Size([256]): 
PretrainedInit: load from TeamCode/src/checkpoints/resnet101_msra-6cc46731.pth 

backbone.layer3.15.conv2.weight - torch.Size([256, 256, 3, 3]): 
PretrainedInit: load from TeamCode/src/checkpoints/resnet101_msra-6cc46731.pth 

backbone.layer3.15.bn2.weight - torch.Size([256]): 
PretrainedInit: load from TeamCode/src/checkpoints/resnet101_msra-6cc46731.pth 

backbone.layer3.15.bn2.bias - torch.Size([256]): 
PretrainedInit: load from TeamCode/src/checkpoints/resnet101_msra-6cc46731.pth 

backbone.layer3.15.conv3.weight - torch.Size([1024, 256, 1, 1]): 
PretrainedInit: load from TeamCode/src/checkpoints/resnet101_msra-6cc46731.pth 

backbone.layer3.15.bn3.weight - torch.Size([1024]): 
PretrainedInit: load from TeamCode/src/checkpoints/resnet101_msra-6cc46731.pth 

backbone.layer3.15.bn3.bias - torch.Size([1024]): 
PretrainedInit: load from TeamCode/src/checkpoints/resnet101_msra-6cc46731.pth 

backbone.layer3.16.conv1.weight - torch.Size([256, 1024, 1, 1]): 
PretrainedInit: load from TeamCode/src/checkpoints/resnet101_msra-6cc46731.pth 

backbone.layer3.16.bn1.weight - torch.Size([256]): 
PretrainedInit: load from TeamCode/src/checkpoints/resnet101_msra-6cc46731.pth 

backbone.layer3.16.bn1.bias - torch.Size([256]): 
PretrainedInit: load from TeamCode/src/checkpoints/resnet101_msra-6cc46731.pth 

backbone.layer3.16.conv2.weight - torch.Size([256, 256, 3, 3]): 
PretrainedInit: load from TeamCode/src/checkpoints/resnet101_msra-6cc46731.pth 

backbone.layer3.16.bn2.weight - torch.Size([256]): 
PretrainedInit: load from TeamCode/src/checkpoints/resnet101_msra-6cc46731.pth 

backbone.layer3.16.bn2.bias - torch.Size([256]): 
PretrainedInit: load from TeamCode/src/checkpoints/resnet101_msra-6cc46731.pth 

backbone.layer3.16.conv3.weight - torch.Size([1024, 256, 1, 1]): 
PretrainedInit: load from TeamCode/src/checkpoints/resnet101_msra-6cc46731.pth 

backbone.layer3.16.bn3.weight - torch.Size([1024]): 
PretrainedInit: load from TeamCode/src/checkpoints/resnet101_msra-6cc46731.pth 

backbone.layer3.16.bn3.bias - torch.Size([1024]): 
PretrainedInit: load from TeamCode/src/checkpoints/resnet101_msra-6cc46731.pth 

backbone.layer3.17.conv1.weight - torch.Size([256, 1024, 1, 1]): 
PretrainedInit: load from TeamCode/src/checkpoints/resnet101_msra-6cc46731.pth 

backbone.layer3.17.bn1.weight - torch.Size([256]): 
PretrainedInit: load from TeamCode/src/checkpoints/resnet101_msra-6cc46731.pth 

backbone.layer3.17.bn1.bias - torch.Size([256]): 
PretrainedInit: load from TeamCode/src/checkpoints/resnet101_msra-6cc46731.pth 

backbone.layer3.17.conv2.weight - torch.Size([256, 256, 3, 3]): 
PretrainedInit: load from TeamCode/src/checkpoints/resnet101_msra-6cc46731.pth 

backbone.layer3.17.bn2.weight - torch.Size([256]): 
PretrainedInit: load from TeamCode/src/checkpoints/resnet101_msra-6cc46731.pth 

backbone.layer3.17.bn2.bias - torch.Size([256]): 
PretrainedInit: load from TeamCode/src/checkpoints/resnet101_msra-6cc46731.pth 

backbone.layer3.17.conv3.weight - torch.Size([1024, 256, 1, 1]): 
PretrainedInit: load from TeamCode/src/checkpoints/resnet101_msra-6cc46731.pth 

backbone.layer3.17.bn3.weight - torch.Size([1024]): 
PretrainedInit: load from TeamCode/src/checkpoints/resnet101_msra-6cc46731.pth 

backbone.layer3.17.bn3.bias - torch.Size([1024]): 
PretrainedInit: load from TeamCode/src/checkpoints/resnet101_msra-6cc46731.pth 

backbone.layer3.18.conv1.weight - torch.Size([256, 1024, 1, 1]): 
PretrainedInit: load from TeamCode/src/checkpoints/resnet101_msra-6cc46731.pth 

backbone.layer3.18.bn1.weight - torch.Size([256]): 
PretrainedInit: load from TeamCode/src/checkpoints/resnet101_msra-6cc46731.pth 

backbone.layer3.18.bn1.bias - torch.Size([256]): 
PretrainedInit: load from TeamCode/src/checkpoints/resnet101_msra-6cc46731.pth 

backbone.layer3.18.conv2.weight - torch.Size([256, 256, 3, 3]): 
PretrainedInit: load from TeamCode/src/checkpoints/resnet101_msra-6cc46731.pth 

backbone.layer3.18.bn2.weight - torch.Size([256]): 
PretrainedInit: load from TeamCode/src/checkpoints/resnet101_msra-6cc46731.pth 

backbone.layer3.18.bn2.bias - torch.Size([256]): 
PretrainedInit: load from TeamCode/src/checkpoints/resnet101_msra-6cc46731.pth 

backbone.layer3.18.conv3.weight - torch.Size([1024, 256, 1, 1]): 
PretrainedInit: load from TeamCode/src/checkpoints/resnet101_msra-6cc46731.pth 

backbone.layer3.18.bn3.weight - torch.Size([1024]): 
PretrainedInit: load from TeamCode/src/checkpoints/resnet101_msra-6cc46731.pth 

backbone.layer3.18.bn3.bias - torch.Size([1024]): 
PretrainedInit: load from TeamCode/src/checkpoints/resnet101_msra-6cc46731.pth 

backbone.layer3.19.conv1.weight - torch.Size([256, 1024, 1, 1]): 
PretrainedInit: load from TeamCode/src/checkpoints/resnet101_msra-6cc46731.pth 

backbone.layer3.19.bn1.weight - torch.Size([256]): 
PretrainedInit: load from TeamCode/src/checkpoints/resnet101_msra-6cc46731.pth 

backbone.layer3.19.bn1.bias - torch.Size([256]): 
PretrainedInit: load from TeamCode/src/checkpoints/resnet101_msra-6cc46731.pth 

backbone.layer3.19.conv2.weight - torch.Size([256, 256, 3, 3]): 
PretrainedInit: load from TeamCode/src/checkpoints/resnet101_msra-6cc46731.pth 

backbone.layer3.19.bn2.weight - torch.Size([256]): 
PretrainedInit: load from TeamCode/src/checkpoints/resnet101_msra-6cc46731.pth 

backbone.layer3.19.bn2.bias - torch.Size([256]): 
PretrainedInit: load from TeamCode/src/checkpoints/resnet101_msra-6cc46731.pth 

backbone.layer3.19.conv3.weight - torch.Size([1024, 256, 1, 1]): 
PretrainedInit: load from TeamCode/src/checkpoints/resnet101_msra-6cc46731.pth 

backbone.layer3.19.bn3.weight - torch.Size([1024]): 
PretrainedInit: load from TeamCode/src/checkpoints/resnet101_msra-6cc46731.pth 

backbone.layer3.19.bn3.bias - torch.Size([1024]): 
PretrainedInit: load from TeamCode/src/checkpoints/resnet101_msra-6cc46731.pth 

backbone.layer3.20.conv1.weight - torch.Size([256, 1024, 1, 1]): 
PretrainedInit: load from TeamCode/src/checkpoints/resnet101_msra-6cc46731.pth 

backbone.layer3.20.bn1.weight - torch.Size([256]): 
PretrainedInit: load from TeamCode/src/checkpoints/resnet101_msra-6cc46731.pth 

backbone.layer3.20.bn1.bias - torch.Size([256]): 
PretrainedInit: load from TeamCode/src/checkpoints/resnet101_msra-6cc46731.pth 

backbone.layer3.20.conv2.weight - torch.Size([256, 256, 3, 3]): 
PretrainedInit: load from TeamCode/src/checkpoints/resnet101_msra-6cc46731.pth 

backbone.layer3.20.bn2.weight - torch.Size([256]): 
PretrainedInit: load from TeamCode/src/checkpoints/resnet101_msra-6cc46731.pth 

backbone.layer3.20.bn2.bias - torch.Size([256]): 
PretrainedInit: load from TeamCode/src/checkpoints/resnet101_msra-6cc46731.pth 

backbone.layer3.20.conv3.weight - torch.Size([1024, 256, 1, 1]): 
PretrainedInit: load from TeamCode/src/checkpoints/resnet101_msra-6cc46731.pth 

backbone.layer3.20.bn3.weight - torch.Size([1024]): 
PretrainedInit: load from TeamCode/src/checkpoints/resnet101_msra-6cc46731.pth 

backbone.layer3.20.bn3.bias - torch.Size([1024]): 
PretrainedInit: load from TeamCode/src/checkpoints/resnet101_msra-6cc46731.pth 

backbone.layer3.21.conv1.weight - torch.Size([256, 1024, 1, 1]): 
PretrainedInit: load from TeamCode/src/checkpoints/resnet101_msra-6cc46731.pth 

backbone.layer3.21.bn1.weight - torch.Size([256]): 
PretrainedInit: load from TeamCode/src/checkpoints/resnet101_msra-6cc46731.pth 

backbone.layer3.21.bn1.bias - torch.Size([256]): 
PretrainedInit: load from TeamCode/src/checkpoints/resnet101_msra-6cc46731.pth 

backbone.layer3.21.conv2.weight - torch.Size([256, 256, 3, 3]): 
PretrainedInit: load from TeamCode/src/checkpoints/resnet101_msra-6cc46731.pth 

backbone.layer3.21.bn2.weight - torch.Size([256]): 
PretrainedInit: load from TeamCode/src/checkpoints/resnet101_msra-6cc46731.pth 

backbone.layer3.21.bn2.bias - torch.Size([256]): 
PretrainedInit: load from TeamCode/src/checkpoints/resnet101_msra-6cc46731.pth 

backbone.layer3.21.conv3.weight - torch.Size([1024, 256, 1, 1]): 
PretrainedInit: load from TeamCode/src/checkpoints/resnet101_msra-6cc46731.pth 

backbone.layer3.21.bn3.weight - torch.Size([1024]): 
PretrainedInit: load from TeamCode/src/checkpoints/resnet101_msra-6cc46731.pth 

backbone.layer3.21.bn3.bias - torch.Size([1024]): 
PretrainedInit: load from TeamCode/src/checkpoints/resnet101_msra-6cc46731.pth 

backbone.layer3.22.conv1.weight - torch.Size([256, 1024, 1, 1]): 
PretrainedInit: load from TeamCode/src/checkpoints/resnet101_msra-6cc46731.pth 

backbone.layer3.22.bn1.weight - torch.Size([256]): 
PretrainedInit: load from TeamCode/src/checkpoints/resnet101_msra-6cc46731.pth 

backbone.layer3.22.bn1.bias - torch.Size([256]): 
PretrainedInit: load from TeamCode/src/checkpoints/resnet101_msra-6cc46731.pth 

backbone.layer3.22.conv2.weight - torch.Size([256, 256, 3, 3]): 
PretrainedInit: load from TeamCode/src/checkpoints/resnet101_msra-6cc46731.pth 

backbone.layer3.22.bn2.weight - torch.Size([256]): 
PretrainedInit: load from TeamCode/src/checkpoints/resnet101_msra-6cc46731.pth 

backbone.layer3.22.bn2.bias - torch.Size([256]): 
PretrainedInit: load from TeamCode/src/checkpoints/resnet101_msra-6cc46731.pth 

backbone.layer3.22.conv3.weight - torch.Size([1024, 256, 1, 1]): 
PretrainedInit: load from TeamCode/src/checkpoints/resnet101_msra-6cc46731.pth 

backbone.layer3.22.bn3.weight - torch.Size([1024]): 
PretrainedInit: load from TeamCode/src/checkpoints/resnet101_msra-6cc46731.pth 

backbone.layer3.22.bn3.bias - torch.Size([1024]): 
PretrainedInit: load from TeamCode/src/checkpoints/resnet101_msra-6cc46731.pth 

backbone.layer4.0.conv1.weight - torch.Size([512, 1024, 1, 1]): 
PretrainedInit: load from TeamCode/src/checkpoints/resnet101_msra-6cc46731.pth 

backbone.layer4.0.bn1.weight - torch.Size([512]): 
PretrainedInit: load from TeamCode/src/checkpoints/resnet101_msra-6cc46731.pth 

backbone.layer4.0.bn1.bias - torch.Size([512]): 
PretrainedInit: load from TeamCode/src/checkpoints/resnet101_msra-6cc46731.pth 

backbone.layer4.0.conv2.weight - torch.Size([512, 512, 3, 3]): 
PretrainedInit: load from TeamCode/src/checkpoints/resnet101_msra-6cc46731.pth 

backbone.layer4.0.bn2.weight - torch.Size([512]): 
PretrainedInit: load from TeamCode/src/checkpoints/resnet101_msra-6cc46731.pth 

backbone.layer4.0.bn2.bias - torch.Size([512]): 
PretrainedInit: load from TeamCode/src/checkpoints/resnet101_msra-6cc46731.pth 

backbone.layer4.0.conv3.weight - torch.Size([2048, 512, 1, 1]): 
PretrainedInit: load from TeamCode/src/checkpoints/resnet101_msra-6cc46731.pth 

backbone.layer4.0.bn3.weight - torch.Size([2048]): 
PretrainedInit: load from TeamCode/src/checkpoints/resnet101_msra-6cc46731.pth 

backbone.layer4.0.bn3.bias - torch.Size([2048]): 
PretrainedInit: load from TeamCode/src/checkpoints/resnet101_msra-6cc46731.pth 

backbone.layer4.0.downsample.0.weight - torch.Size([2048, 1024, 1, 1]): 
PretrainedInit: load from TeamCode/src/checkpoints/resnet101_msra-6cc46731.pth 

backbone.layer4.0.downsample.1.weight - torch.Size([2048]): 
PretrainedInit: load from TeamCode/src/checkpoints/resnet101_msra-6cc46731.pth 

backbone.layer4.0.downsample.1.bias - torch.Size([2048]): 
PretrainedInit: load from TeamCode/src/checkpoints/resnet101_msra-6cc46731.pth 

backbone.layer4.1.conv1.weight - torch.Size([512, 2048, 1, 1]): 
PretrainedInit: load from TeamCode/src/checkpoints/resnet101_msra-6cc46731.pth 

backbone.layer4.1.bn1.weight - torch.Size([512]): 
PretrainedInit: load from TeamCode/src/checkpoints/resnet101_msra-6cc46731.pth 

backbone.layer4.1.bn1.bias - torch.Size([512]): 
PretrainedInit: load from TeamCode/src/checkpoints/resnet101_msra-6cc46731.pth 

backbone.layer4.1.conv2.weight - torch.Size([512, 512, 3, 3]): 
PretrainedInit: load from TeamCode/src/checkpoints/resnet101_msra-6cc46731.pth 

backbone.layer4.1.bn2.weight - torch.Size([512]): 
PretrainedInit: load from TeamCode/src/checkpoints/resnet101_msra-6cc46731.pth 

backbone.layer4.1.bn2.bias - torch.Size([512]): 
PretrainedInit: load from TeamCode/src/checkpoints/resnet101_msra-6cc46731.pth 

backbone.layer4.1.conv3.weight - torch.Size([2048, 512, 1, 1]): 
PretrainedInit: load from TeamCode/src/checkpoints/resnet101_msra-6cc46731.pth 

backbone.layer4.1.bn3.weight - torch.Size([2048]): 
PretrainedInit: load from TeamCode/src/checkpoints/resnet101_msra-6cc46731.pth 

backbone.layer4.1.bn3.bias - torch.Size([2048]): 
PretrainedInit: load from TeamCode/src/checkpoints/resnet101_msra-6cc46731.pth 

backbone.layer4.2.conv1.weight - torch.Size([512, 2048, 1, 1]): 
PretrainedInit: load from TeamCode/src/checkpoints/resnet101_msra-6cc46731.pth 

backbone.layer4.2.bn1.weight - torch.Size([512]): 
PretrainedInit: load from TeamCode/src/checkpoints/resnet101_msra-6cc46731.pth 

backbone.layer4.2.bn1.bias - torch.Size([512]): 
PretrainedInit: load from TeamCode/src/checkpoints/resnet101_msra-6cc46731.pth 

backbone.layer4.2.conv2.weight - torch.Size([512, 512, 3, 3]): 
PretrainedInit: load from TeamCode/src/checkpoints/resnet101_msra-6cc46731.pth 

backbone.layer4.2.bn2.weight - torch.Size([512]): 
PretrainedInit: load from TeamCode/src/checkpoints/resnet101_msra-6cc46731.pth 

backbone.layer4.2.bn2.bias - torch.Size([512]): 
PretrainedInit: load from TeamCode/src/checkpoints/resnet101_msra-6cc46731.pth 

backbone.layer4.2.conv3.weight - torch.Size([2048, 512, 1, 1]): 
PretrainedInit: load from TeamCode/src/checkpoints/resnet101_msra-6cc46731.pth 

backbone.layer4.2.bn3.weight - torch.Size([2048]): 
PretrainedInit: load from TeamCode/src/checkpoints/resnet101_msra-6cc46731.pth 

backbone.layer4.2.bn3.bias - torch.Size([2048]): 
PretrainedInit: load from TeamCode/src/checkpoints/resnet101_msra-6cc46731.pth 

neck.lateral_convs.0.conv.weight - torch.Size([256, 256, 1, 1]): 
XavierInit: gain=1, distribution=uniform, bias=0 

neck.lateral_convs.0.conv.bias - torch.Size([256]): 
The value is the same before and after calling `init_weights` of MaskRCNN  

neck.lateral_convs.1.conv.weight - torch.Size([256, 512, 1, 1]): 
XavierInit: gain=1, distribution=uniform, bias=0 

neck.lateral_convs.1.conv.bias - torch.Size([256]): 
The value is the same before and after calling `init_weights` of MaskRCNN  

neck.lateral_convs.2.conv.weight - torch.Size([256, 1024, 1, 1]): 
XavierInit: gain=1, distribution=uniform, bias=0 

neck.lateral_convs.2.conv.bias - torch.Size([256]): 
The value is the same before and after calling `init_weights` of MaskRCNN  

neck.lateral_convs.3.conv.weight - torch.Size([256, 2048, 1, 1]): 
XavierInit: gain=1, distribution=uniform, bias=0 

neck.lateral_convs.3.conv.bias - torch.Size([256]): 
The value is the same before and after calling `init_weights` of MaskRCNN  

neck.fpn_convs.0.conv.weight - torch.Size([256, 256, 3, 3]): 
XavierInit: gain=1, distribution=uniform, bias=0 

neck.fpn_convs.0.conv.bias - torch.Size([256]): 
The value is the same before and after calling `init_weights` of MaskRCNN  

neck.fpn_convs.1.conv.weight - torch.Size([256, 256, 3, 3]): 
XavierInit: gain=1, distribution=uniform, bias=0 

neck.fpn_convs.1.conv.bias - torch.Size([256]): 
The value is the same before and after calling `init_weights` of MaskRCNN  

neck.fpn_convs.2.conv.weight - torch.Size([256, 256, 3, 3]): 
XavierInit: gain=1, distribution=uniform, bias=0 

neck.fpn_convs.2.conv.bias - torch.Size([256]): 
The value is the same before and after calling `init_weights` of MaskRCNN  

neck.fpn_convs.3.conv.weight - torch.Size([256, 256, 3, 3]): 
XavierInit: gain=1, distribution=uniform, bias=0 

neck.fpn_convs.3.conv.bias - torch.Size([256]): 
The value is the same before and after calling `init_weights` of MaskRCNN  

rpn_head.rpn_conv.weight - torch.Size([256, 256, 3, 3]): 
NormalInit: mean=0, std=0.01, bias=0 

rpn_head.rpn_conv.bias - torch.Size([256]): 
NormalInit: mean=0, std=0.01, bias=0 

rpn_head.rpn_cls.weight - torch.Size([5, 256, 1, 1]): 
NormalInit: mean=0, std=0.01, bias=0 

rpn_head.rpn_cls.bias - torch.Size([5]): 
NormalInit: mean=0, std=0.01, bias=0 

rpn_head.rpn_reg.weight - torch.Size([20, 256, 1, 1]): 
NormalInit: mean=0, std=0.01, bias=0 

rpn_head.rpn_reg.bias - torch.Size([20]): 
NormalInit: mean=0, std=0.01, bias=0 

roi_head.bbox_head.fc_cls.weight - torch.Size([2, 1024]): 
NormalInit: mean=0, std=0.01, bias=0 

roi_head.bbox_head.fc_cls.bias - torch.Size([2]): 
NormalInit: mean=0, std=0.01, bias=0 

roi_head.bbox_head.fc_reg.weight - torch.Size([4, 1024]): 
NormalInit: mean=0, std=0.001, bias=0 

roi_head.bbox_head.fc_reg.bias - torch.Size([4]): 
NormalInit: mean=0, std=0.001, bias=0 

roi_head.bbox_head.shared_fcs.0.weight - torch.Size([1024, 12544]): 
XavierInit: gain=1, distribution=uniform, bias=0 

roi_head.bbox_head.shared_fcs.0.bias - torch.Size([1024]): 
XavierInit: gain=1, distribution=uniform, bias=0 

roi_head.bbox_head.shared_fcs.1.weight - torch.Size([1024, 1024]): 
XavierInit: gain=1, distribution=uniform, bias=0 

roi_head.bbox_head.shared_fcs.1.bias - torch.Size([1024]): 
XavierInit: gain=1, distribution=uniform, bias=0 
2024/08/17 23:44:20 - mmengine - INFO - Load checkpoint from /scratch/hshang/moody/final_phase_submission/official-phase-mins-eth/TeamCode/src/checkpoints/mask_rcnn_r101_caffe_fpn_1x_coco_20200601_095758-805e06c1.pth
2024/08/17 23:44:20 - mmengine - WARNING - "FileClient" will be deprecated in future. Please use io functions in https://mmengine.readthedocs.io/en/latest/api/fileio.html#file-io
2024/08/17 23:44:20 - mmengine - WARNING - "HardDiskBackend" is the alias of "LocalBackend" and the former will be deprecated in future.
2024/08/17 23:44:20 - mmengine - INFO - Checkpoints will be saved to /scratch/hshang/moody/final_phase_submission/official-phase-mins-eth/model.
2024/08/17 23:44:23 - mmengine - INFO - Epoch(train)  [1][  10/1000]  lr: 4.7545e-05  eta: 1:26:57  time: 0.3481  data_time: 0.0528  memory: 1882  loss: 1.4528  loss_rpn_cls: 0.8370  loss_rpn_bbox: 0.2118  loss_cls: 0.3975  acc: 87.3239  loss_bbox: 0.0065
2024/08/17 23:44:25 - mmengine - INFO - Epoch(train)  [1][  20/1000]  lr: 9.7595e-05  eta: 1:09:07  time: 0.2769  data_time: 0.0357  memory: 1882  loss: 1.3352  loss_rpn_cls: 0.8159  loss_rpn_bbox: 0.1935  loss_cls: 0.3198  acc: 93.8967  loss_bbox: 0.0059
2024/08/17 23:44:28 - mmengine - INFO - Epoch(train)  [1][  30/1000]  lr: 1.4765e-04  eta: 1:05:24  time: 0.2622  data_time: 0.0311  memory: 1882  loss: 1.2072  loss_rpn_cls: 0.7660  loss_rpn_bbox: 0.1676  loss_cls: 0.2683  acc: 93.8967  loss_bbox: 0.0053
2024/08/17 23:44:30 - mmengine - INFO - Epoch(train)  [1][  40/1000]  lr: 1.9770e-04  eta: 1:02:53  time: 0.2522  data_time: 0.0285  memory: 1882  loss: 1.1296  loss_rpn_cls: 0.7209  loss_rpn_bbox: 0.1585  loss_cls: 0.2449  acc: 93.8967  loss_bbox: 0.0053
2024/08/17 23:44:32 - mmengine - INFO - Epoch(train)  [1][  50/1000]  lr: 2.4775e-04  eta: 1:02:03  time: 0.2490  data_time: 0.0271  memory: 1882  loss: 1.0686  loss_rpn_cls: 0.6816  loss_rpn_bbox: 0.1533  loss_cls: 0.2286  acc: 93.8967  loss_bbox: 0.0051
2024/08/17 23:44:34 - mmengine - INFO - Epoch(train)  [1][  60/1000]  lr: 2.9780e-04  eta: 1:01:24  time: 0.2263  data_time: 0.0204  memory: 1882  loss: 0.9310  loss_rpn_cls: 0.6058  loss_rpn_bbox: 0.1370  loss_cls: 0.1834  acc: 93.8679  loss_bbox: 0.0048
2024/08/17 23:44:37 - mmengine - INFO - Epoch(train)  [1][  70/1000]  lr: 3.4785e-04  eta: 1:01:03  time: 0.2328  data_time: 0.0210  memory: 1882  loss: 0.8163  loss_rpn_cls: 0.5213  loss_rpn_bbox: 0.1222  loss_cls: 0.1676  acc: 93.8389  loss_bbox: 0.0053
2024/08/17 23:44:39 - mmengine - INFO - Epoch(train)  [1][  80/1000]  lr: 3.9790e-04  eta: 1:00:31  time: 0.2321  data_time: 0.0205  memory: 1882  loss: 0.7485  loss_rpn_cls: 0.4560  loss_rpn_bbox: 0.1197  loss_cls: 0.1664  acc: 93.8389  loss_bbox: 0.0063
2024/08/17 23:44:41 - mmengine - INFO - Epoch(train)  [1][  90/1000]  lr: 4.4795e-04  eta: 0:59:51  time: 0.2318  data_time: 0.0206  memory: 1810  loss: 0.6823  loss_rpn_cls: 0.3955  loss_rpn_bbox: 0.1142  loss_cls: 0.1640  acc: 93.3333  loss_bbox: 0.0086
2024/08/17 23:44:44 - mmengine - INFO - Epoch(train)  [1][ 100/1000]  lr: 4.9800e-04  eta: 0:59:12  time: 0.2279  data_time: 0.0201  memory: 1810  loss: 0.6199  loss_rpn_cls: 0.3276  loss_rpn_bbox: 0.1110  loss_cls: 0.1681  acc: 92.8571  loss_bbox: 0.0133
