2024/08/17 23:59:13 - mmengine - INFO - 
------------------------------------------------------------
System environment:
    sys.platform: linux
    Python: 3.8.19 (default, Mar 20 2024, 19:58:24) [GCC 11.2.0]
    CUDA available: True
    MUSA available: False
    numpy_random_seed: 1842995413
    GPU 0: NVIDIA TITAN X (Pascal)
    CUDA_HOME: /usr
    NVCC: Cuda compilation tools, release 11.2, V11.2.152
    GCC: gcc (Debian 10.2.1-6) 10.2.1 20210110
    PyTorch: 1.12.1
    PyTorch compiling details: PyTorch built with:
  - GCC 9.3
  - C++ Version: 201402
  - Intel(R) oneAPI Math Kernel Library Version 2023.1-Product Build 20230303 for Intel(R) 64 architecture applications
  - Intel(R) MKL-DNN v2.6.0 (Git Hash 52b5f107dd9cf10910aaa19cb47f3abf9b349815)
  - OpenMP 201511 (a.k.a. OpenMP 4.5)
  - LAPACK is enabled (usually provided by MKL)
  - NNPACK is enabled
  - CPU capability usage: AVX2
  - CUDA Runtime 11.3
  - NVCC architecture flags: -gencode;arch=compute_37,code=sm_37;-gencode;arch=compute_50,code=sm_50;-gencode;arch=compute_60,code=sm_60;-gencode;arch=compute_61,code=sm_61;-gencode;arch=compute_70,code=sm_70;-gencode;arch=compute_75,code=sm_75;-gencode;arch=compute_80,code=sm_80;-gencode;arch=compute_86,code=sm_86;-gencode;arch=compute_37,code=compute_37
  - CuDNN 8.3.2  (built against CUDA 11.5)
  - Magma 2.5.2
  - Build settings: BLAS_INFO=mkl, BUILD_TYPE=Release, CUDA_VERSION=11.3, CUDNN_VERSION=8.3.2, CXX_COMPILER=/opt/rh/devtoolset-9/root/usr/bin/c++, CXX_FLAGS= -fabi-version=11 -Wno-deprecated -fvisibility-inlines-hidden -DUSE_PTHREADPOOL -fopenmp -DNDEBUG -DUSE_KINETO -DUSE_FBGEMM -DUSE_QNNPACK -DUSE_PYTORCH_QNNPACK -DUSE_XNNPACK -DSYMBOLICATE_MOBILE_DEBUG_HANDLE -DEDGE_PROFILER_USE_KINETO -O2 -fPIC -Wno-narrowing -Wall -Wextra -Werror=return-type -Wno-missing-field-initializers -Wno-type-limits -Wno-array-bounds -Wno-unknown-pragmas -Wno-unused-parameter -Wno-unused-function -Wno-unused-result -Wno-unused-local-typedefs -Wno-strict-overflow -Wno-strict-aliasing -Wno-error=deprecated-declarations -Wno-stringop-overflow -Wno-psabi -Wno-error=pedantic -Wno-error=redundant-decls -Wno-error=old-style-cast -fdiagnostics-color=always -faligned-new -Wno-unused-but-set-variable -Wno-maybe-uninitialized -fno-math-errno -fno-trapping-math -Werror=format -Werror=cast-function-type -Wno-stringop-overflow, LAPACK_INFO=mkl, PERF_WITH_AVX=1, PERF_WITH_AVX2=1, PERF_WITH_AVX512=1, TORCH_VERSION=1.12.1, USE_CUDA=ON, USE_CUDNN=ON, USE_EXCEPTION_PTR=1, USE_GFLAGS=OFF, USE_GLOG=OFF, USE_MKL=ON, USE_MKLDNN=OFF, USE_MPI=OFF, USE_NCCL=ON, USE_NNPACK=ON, USE_OPENMP=ON, USE_ROCM=OFF, 

    TorchVision: 0.13.1
    OpenCV: 4.10.0
    MMEngine: 0.10.4

Runtime environment:
    cudnn_benchmark: False
    dist_cfg: {'backend': 'nccl'}
    mp_cfg: {'mp_start_method': 'fork', 'opencv_num_threads': 0}
    seed: 1842995413
    Distributed launcher: none
    Distributed training: False
    GPU number: 1
------------------------------------------------------------

2024/08/17 23:59:14 - mmengine - INFO - Config:
auto_scale_lr = dict(base_batch_size=16, enable=False)
backend_args = None
data_root = '/scratch/hshang/moody/final_phase_submission/training_data'
dataset_type = 'CocoDataset'
default_hooks = dict(
    checkpoint=dict(interval=3, type='CheckpointHook'),
    logger=dict(interval=100, type='LoggerHook'),
    param_scheduler=dict(type='ParamSchedulerHook'),
    sampler_seed=dict(type='DistSamplerSeedHook'),
    timer=dict(type='IterTimerHook'),
    visualization=dict(type='DetVisualizationHook'))
default_scope = 'mmdet'
env_cfg = dict(
    cudnn_benchmark=False,
    dist_cfg=dict(backend='nccl'),
    mp_cfg=dict(mp_start_method='fork', opencv_num_threads=0))
launcher = 'none'
load_from = '/scratch/hshang/moody/final_phase_submission/official-phase-mins-eth/TeamCode/src/checkpoints/mask_rcnn_r101_caffe_fpn_1x_coco_20200601_095758-805e06c1.pth'
log_level = 'INFO'
log_processor = dict(by_epoch=True, type='LogProcessor', window_size=50)
metainfo = dict(
    classes=('ecg_lead', ), palette=[
        (
            220,
            20,
            60,
        ),
    ])
model = dict(
    backbone=dict(
        depth=101,
        frozen_stages=1,
        init_cfg=dict(
            checkpoint='TeamCode/src/checkpoints/resnet101_msra-6cc46731.pth',
            type='Pretrained'),
        norm_cfg=dict(requires_grad=False, type='BN'),
        norm_eval=True,
        num_stages=4,
        out_indices=(
            0,
            1,
            2,
            3,
        ),
        style='caffe',
        type='ResNet'),
    data_preprocessor=dict(
        bgr_to_rgb=False,
        mean=[
            103.53,
            116.28,
            123.675,
        ],
        pad_mask=True,
        pad_size_divisor=32,
        std=[
            1.0,
            1.0,
            1.0,
        ],
        type='DetDataPreprocessor'),
    neck=dict(
        in_channels=[
            256,
            512,
            1024,
            2048,
        ],
        num_outs=5,
        out_channels=256,
        type='FPN'),
    roi_head=dict(
        bbox_head=dict(
            bbox_coder=dict(
                target_means=[
                    0.0,
                    0.0,
                    0.0,
                    0.0,
                ],
                target_stds=[
                    0.1,
                    0.1,
                    0.2,
                    0.2,
                ],
                type='DeltaXYWHBBoxCoder'),
            fc_out_channels=1024,
            in_channels=256,
            loss_bbox=dict(loss_weight=2.0, type='L1Loss'),
            loss_cls=dict(
                loss_weight=0.5, type='CrossEntropyLoss', use_sigmoid=False),
            num_classes=1,
            reg_class_agnostic=False,
            roi_feat_size=7,
            type='Shared2FCBBoxHead'),
        bbox_roi_extractor=dict(
            featmap_strides=[
                4,
                8,
                16,
                32,
            ],
            out_channels=256,
            roi_layer=dict(output_size=7, sampling_ratio=0, type='RoIAlign'),
            type='SingleRoIExtractor'),
        type='StandardRoIHead'),
    rpn_head=dict(
        anchor_generator=dict(
            ratios=[
                0.1,
                0.3,
                0.5,
                1.0,
                2.0,
            ],
            scales=[
                8,
            ],
            strides=[
                4,
                8,
                16,
                32,
                64,
            ],
            type='AnchorGenerator'),
        bbox_coder=dict(
            target_means=[
                0.0,
                0.0,
                0.0,
                0.0,
            ],
            target_stds=[
                1.0,
                1.0,
                1.0,
                1.0,
            ],
            type='DeltaXYWHBBoxCoder'),
        feat_channels=256,
        in_channels=256,
        loss_bbox=dict(loss_weight=1.0, type='L1Loss'),
        loss_cls=dict(
            loss_weight=1.0, type='CrossEntropyLoss', use_sigmoid=True),
        type='RPNHead'),
    test_cfg=dict(
        rcnn=dict(
            mask_thr_binary=0.5,
            max_per_img=100,
            nms=dict(iou_threshold=0.5, type='nms'),
            score_thr=0.05),
        rpn=dict(
            max_per_img=100,
            min_bbox_size=10,
            nms=dict(iou_threshold=0.7, type='nms'),
            nms_pre=500)),
    train_cfg=dict(
        rcnn=dict(
            assigner=dict(
                ignore_iof_thr=-1,
                match_low_quality=True,
                min_pos_iou=0.8,
                neg_iou_thr=0.7,
                pos_iou_thr=0.8,
                type='MaxIoUAssigner'),
            debug=False,
            mask_size=112,
            pos_weight=2.0,
            sampler=dict(
                add_gt_as_proposals=True,
                neg_pos_ub=-1,
                num=1028,
                pos_fraction=0.6,
                type='RandomSampler')),
        rpn=dict(
            allowed_border=-1,
            assigner=dict(
                ignore_iof_thr=-1,
                match_low_quality=True,
                min_pos_iou=0.3,
                neg_iou_thr=0.2,
                pos_iou_thr=0.7,
                type='MaxIoUAssigner'),
            debug=False,
            pos_weight=2.0,
            sampler=dict(
                add_gt_as_proposals=False,
                neg_pos_ub=-1,
                num=256,
                pos_fraction=0.6,
                type='RandomSampler')),
        rpn_proposal=dict(
            max_per_img=200,
            min_bbox_size=10,
            nms=dict(iou_threshold=0.6, type='nms'),
            nms_pre=500)),
    type='MaskRCNN')
optim_wrapper = dict(
    loss_scale='dynamic',
    optimizer=dict(lr=0.0025, momentum=0.9, type='SGD', weight_decay=0.0001),
    type='AmpOptimWrapper')
param_scheduler = [
    dict(
        begin=0, by_epoch=False, end=500, start_factor=0.001, type='LinearLR'),
    dict(
        begin=0,
        by_epoch=True,
        end=12,
        gamma=0.1,
        milestones=[
            8,
            11,
        ],
        type='MultiStepLR'),
]
resume = False
test_cfg = dict(type='TestLoop')
test_dataloader = dict(
    batch_size=1,
    dataset=dict(
        ann_file='annotation_coco.json',
        backend_args=None,
        data_prefix=dict(img=''),
        data_root='/scratch/hshang/moody/train_set/00000',
        metainfo=dict(classes=('ecg_lead', ), palette=[
            (
                220,
                20,
                60,
            ),
        ]),
        pipeline=[
            dict(backend_args=None, type='LoadImageFromFile'),
            dict(keep_ratio=True, scale=(
                1333,
                800,
            ), type='Resize'),
            dict(
                poly2mask=True,
                type='LoadAnnotations',
                with_bbox=True,
                with_mask=True),
            dict(
                meta_keys=(
                    'img_id',
                    'img_path',
                    'ori_shape',
                    'img_shape',
                    'scale_factor',
                ),
                type='PackDetInputs'),
        ],
        test_mode=True,
        type='CocoDataset'),
    drop_last=False,
    num_workers=2,
    persistent_workers=True,
    sampler=dict(shuffle=False, type='DefaultSampler'))
test_evaluator = dict(
    ann_file='/scratch/hshang/moody/train_set/00000/annotation_coco.json',
    backend_args=None,
    format_only=False,
    metric=[
        'bbox',
        'segm',
    ],
    type='CocoMetric')
test_pipeline = [
    dict(backend_args=None, type='LoadImageFromFile'),
    dict(keep_ratio=True, scale=(
        1333,
        800,
    ), type='Resize'),
    dict(
        poly2mask=True, type='LoadAnnotations', with_bbox=True,
        with_mask=True),
    dict(
        meta_keys=(
            'img_id',
            'img_path',
            'ori_shape',
            'img_shape',
            'scale_factor',
        ),
        type='PackDetInputs'),
]
train_cfg = dict(max_epochs=15, type='EpochBasedTrainLoop', val_interval=3)
train_dataloader = dict(
    batch_sampler=dict(type='AspectRatioBatchSampler'),
    batch_size=1,
    dataset=dict(
        ann_file='annotation_coco.json',
        backend_args=None,
        data_prefix=dict(img=''),
        data_root='/scratch/hshang/moody/final_phase_submission/training_data',
        filter_cfg=dict(filter_empty_gt=True, min_size=32),
        metainfo=dict(classes=('ecg_lead', ), palette=[
            (
                220,
                20,
                60,
            ),
        ]),
        pipeline=[
            dict(backend_args=None, type='LoadImageFromFile'),
            dict(
                poly2mask=True,
                type='LoadAnnotations',
                with_bbox=True,
                with_mask=True),
            dict(
                keep_ratio=True,
                scales=[
                    (
                        1333,
                        640,
                    ),
                    (
                        1333,
                        672,
                    ),
                    (
                        1333,
                        704,
                    ),
                    (
                        1333,
                        736,
                    ),
                    (
                        1333,
                        768,
                    ),
                    (
                        1333,
                        800,
                    ),
                ],
                type='RandomChoiceResize'),
            dict(prob=0.5, type='RandomFlip'),
            dict(type='PackDetInputs'),
        ],
        type='CocoDataset'),
    num_workers=2,
    persistent_workers=True,
    sampler=dict(shuffle=True, type='DefaultSampler'))
train_pipeline = [
    dict(backend_args=None, type='LoadImageFromFile'),
    dict(
        poly2mask=True, type='LoadAnnotations', with_bbox=True,
        with_mask=True),
    dict(
        keep_ratio=True,
        scales=[
            (
                1333,
                640,
            ),
            (
                1333,
                672,
            ),
            (
                1333,
                704,
            ),
            (
                1333,
                736,
            ),
            (
                1333,
                768,
            ),
            (
                1333,
                800,
            ),
        ],
        type='RandomChoiceResize'),
    dict(prob=0.5, type='RandomFlip'),
    dict(type='PackDetInputs'),
]
val_cfg = None
val_dataloader = None
val_evaluator = None
vis_backends = [
    dict(type='LocalVisBackend'),
]
visualizer = dict(
    name='visualizer',
    type='DetLocalVisualizer',
    vis_backends=[
        dict(type='LocalVisBackend'),
    ])
work_dir = '/scratch/hshang/moody/final_phase_submission/official-phase-mins-eth/model'

2024/08/17 23:59:16 - mmengine - INFO - Distributed training is not used, all SyncBatchNorm (SyncBN) layers in the model will be automatically reverted to BatchNormXd layers if they are used.
2024/08/17 23:59:16 - mmengine - INFO - Hooks will be executed in the following order:
before_run:
(VERY_HIGH   ) RuntimeInfoHook                    
(BELOW_NORMAL) LoggerHook                         
 -------------------- 
before_train:
(VERY_HIGH   ) RuntimeInfoHook                    
(NORMAL      ) IterTimerHook                      
(VERY_LOW    ) CheckpointHook                     
 -------------------- 
before_train_epoch:
(VERY_HIGH   ) RuntimeInfoHook                    
(NORMAL      ) IterTimerHook                      
(NORMAL      ) DistSamplerSeedHook                
 -------------------- 
before_train_iter:
(VERY_HIGH   ) RuntimeInfoHook                    
(NORMAL      ) IterTimerHook                      
 -------------------- 
after_train_iter:
(VERY_HIGH   ) RuntimeInfoHook                    
(NORMAL      ) IterTimerHook                      
(BELOW_NORMAL) LoggerHook                         
(LOW         ) ParamSchedulerHook                 
(VERY_LOW    ) CheckpointHook                     
 -------------------- 
after_train_epoch:
(NORMAL      ) IterTimerHook                      
(LOW         ) ParamSchedulerHook                 
(VERY_LOW    ) CheckpointHook                     
 -------------------- 
before_val:
(VERY_HIGH   ) RuntimeInfoHook                    
 -------------------- 
before_val_epoch:
(NORMAL      ) IterTimerHook                      
 -------------------- 
before_val_iter:
(NORMAL      ) IterTimerHook                      
 -------------------- 
after_val_iter:
(NORMAL      ) IterTimerHook                      
(NORMAL      ) DetVisualizationHook               
(BELOW_NORMAL) LoggerHook                         
 -------------------- 
after_val_epoch:
(VERY_HIGH   ) RuntimeInfoHook                    
(NORMAL      ) IterTimerHook                      
(BELOW_NORMAL) LoggerHook                         
(LOW         ) ParamSchedulerHook                 
(VERY_LOW    ) CheckpointHook                     
 -------------------- 
after_val:
(VERY_HIGH   ) RuntimeInfoHook                    
 -------------------- 
after_train:
(VERY_HIGH   ) RuntimeInfoHook                    
(VERY_LOW    ) CheckpointHook                     
 -------------------- 
before_test:
(VERY_HIGH   ) RuntimeInfoHook                    
 -------------------- 
before_test_epoch:
(NORMAL      ) IterTimerHook                      
 -------------------- 
before_test_iter:
(NORMAL      ) IterTimerHook                      
 -------------------- 
after_test_iter:
(NORMAL      ) IterTimerHook                      
(NORMAL      ) DetVisualizationHook               
(BELOW_NORMAL) LoggerHook                         
 -------------------- 
after_test_epoch:
(VERY_HIGH   ) RuntimeInfoHook                    
(NORMAL      ) IterTimerHook                      
(BELOW_NORMAL) LoggerHook                         
 -------------------- 
after_test:
(VERY_HIGH   ) RuntimeInfoHook                    
 -------------------- 
after_run:
(BELOW_NORMAL) LoggerHook                         
 -------------------- 
2024/08/17 23:59:19 - mmengine - INFO - load model from: TeamCode/src/checkpoints/resnet101_msra-6cc46731.pth
2024/08/17 23:59:19 - mmengine - INFO - Loads checkpoint by local backend from path: TeamCode/src/checkpoints/resnet101_msra-6cc46731.pth
Name of parameter - Initialization information

backbone.conv1.weight - torch.Size([64, 3, 7, 7]): 
PretrainedInit: load from TeamCode/src/checkpoints/resnet101_msra-6cc46731.pth 

backbone.bn1.weight - torch.Size([64]): 
PretrainedInit: load from TeamCode/src/checkpoints/resnet101_msra-6cc46731.pth 

backbone.bn1.bias - torch.Size([64]): 
PretrainedInit: load from TeamCode/src/checkpoints/resnet101_msra-6cc46731.pth 

backbone.layer1.0.conv1.weight - torch.Size([64, 64, 1, 1]): 
PretrainedInit: load from TeamCode/src/checkpoints/resnet101_msra-6cc46731.pth 

backbone.layer1.0.bn1.weight - torch.Size([64]): 
PretrainedInit: load from TeamCode/src/checkpoints/resnet101_msra-6cc46731.pth 

backbone.layer1.0.bn1.bias - torch.Size([64]): 
PretrainedInit: load from TeamCode/src/checkpoints/resnet101_msra-6cc46731.pth 

backbone.layer1.0.conv2.weight - torch.Size([64, 64, 3, 3]): 
PretrainedInit: load from TeamCode/src/checkpoints/resnet101_msra-6cc46731.pth 

backbone.layer1.0.bn2.weight - torch.Size([64]): 
PretrainedInit: load from TeamCode/src/checkpoints/resnet101_msra-6cc46731.pth 

backbone.layer1.0.bn2.bias - torch.Size([64]): 
PretrainedInit: load from TeamCode/src/checkpoints/resnet101_msra-6cc46731.pth 

backbone.layer1.0.conv3.weight - torch.Size([256, 64, 1, 1]): 
PretrainedInit: load from TeamCode/src/checkpoints/resnet101_msra-6cc46731.pth 

backbone.layer1.0.bn3.weight - torch.Size([256]): 
PretrainedInit: load from TeamCode/src/checkpoints/resnet101_msra-6cc46731.pth 

backbone.layer1.0.bn3.bias - torch.Size([256]): 
PretrainedInit: load from TeamCode/src/checkpoints/resnet101_msra-6cc46731.pth 

backbone.layer1.0.downsample.0.weight - torch.Size([256, 64, 1, 1]): 
PretrainedInit: load from TeamCode/src/checkpoints/resnet101_msra-6cc46731.pth 

backbone.layer1.0.downsample.1.weight - torch.Size([256]): 
PretrainedInit: load from TeamCode/src/checkpoints/resnet101_msra-6cc46731.pth 

backbone.layer1.0.downsample.1.bias - torch.Size([256]): 
PretrainedInit: load from TeamCode/src/checkpoints/resnet101_msra-6cc46731.pth 

backbone.layer1.1.conv1.weight - torch.Size([64, 256, 1, 1]): 
PretrainedInit: load from TeamCode/src/checkpoints/resnet101_msra-6cc46731.pth 

backbone.layer1.1.bn1.weight - torch.Size([64]): 
PretrainedInit: load from TeamCode/src/checkpoints/resnet101_msra-6cc46731.pth 

backbone.layer1.1.bn1.bias - torch.Size([64]): 
PretrainedInit: load from TeamCode/src/checkpoints/resnet101_msra-6cc46731.pth 

backbone.layer1.1.conv2.weight - torch.Size([64, 64, 3, 3]): 
PretrainedInit: load from TeamCode/src/checkpoints/resnet101_msra-6cc46731.pth 

backbone.layer1.1.bn2.weight - torch.Size([64]): 
PretrainedInit: load from TeamCode/src/checkpoints/resnet101_msra-6cc46731.pth 

backbone.layer1.1.bn2.bias - torch.Size([64]): 
PretrainedInit: load from TeamCode/src/checkpoints/resnet101_msra-6cc46731.pth 

backbone.layer1.1.conv3.weight - torch.Size([256, 64, 1, 1]): 
PretrainedInit: load from TeamCode/src/checkpoints/resnet101_msra-6cc46731.pth 

backbone.layer1.1.bn3.weight - torch.Size([256]): 
PretrainedInit: load from TeamCode/src/checkpoints/resnet101_msra-6cc46731.pth 

backbone.layer1.1.bn3.bias - torch.Size([256]): 
PretrainedInit: load from TeamCode/src/checkpoints/resnet101_msra-6cc46731.pth 

backbone.layer1.2.conv1.weight - torch.Size([64, 256, 1, 1]): 
PretrainedInit: load from TeamCode/src/checkpoints/resnet101_msra-6cc46731.pth 

backbone.layer1.2.bn1.weight - torch.Size([64]): 
PretrainedInit: load from TeamCode/src/checkpoints/resnet101_msra-6cc46731.pth 

backbone.layer1.2.bn1.bias - torch.Size([64]): 
PretrainedInit: load from TeamCode/src/checkpoints/resnet101_msra-6cc46731.pth 

backbone.layer1.2.conv2.weight - torch.Size([64, 64, 3, 3]): 
PretrainedInit: load from TeamCode/src/checkpoints/resnet101_msra-6cc46731.pth 

backbone.layer1.2.bn2.weight - torch.Size([64]): 
PretrainedInit: load from TeamCode/src/checkpoints/resnet101_msra-6cc46731.pth 

backbone.layer1.2.bn2.bias - torch.Size([64]): 
PretrainedInit: load from TeamCode/src/checkpoints/resnet101_msra-6cc46731.pth 

backbone.layer1.2.conv3.weight - torch.Size([256, 64, 1, 1]): 
PretrainedInit: load from TeamCode/src/checkpoints/resnet101_msra-6cc46731.pth 

backbone.layer1.2.bn3.weight - torch.Size([256]): 
PretrainedInit: load from TeamCode/src/checkpoints/resnet101_msra-6cc46731.pth 

backbone.layer1.2.bn3.bias - torch.Size([256]): 
PretrainedInit: load from TeamCode/src/checkpoints/resnet101_msra-6cc46731.pth 

backbone.layer2.0.conv1.weight - torch.Size([128, 256, 1, 1]): 
PretrainedInit: load from TeamCode/src/checkpoints/resnet101_msra-6cc46731.pth 

backbone.layer2.0.bn1.weight - torch.Size([128]): 
PretrainedInit: load from TeamCode/src/checkpoints/resnet101_msra-6cc46731.pth 

backbone.layer2.0.bn1.bias - torch.Size([128]): 
PretrainedInit: load from TeamCode/src/checkpoints/resnet101_msra-6cc46731.pth 

backbone.layer2.0.conv2.weight - torch.Size([128, 128, 3, 3]): 
PretrainedInit: load from TeamCode/src/checkpoints/resnet101_msra-6cc46731.pth 

backbone.layer2.0.bn2.weight - torch.Size([128]): 
PretrainedInit: load from TeamCode/src/checkpoints/resnet101_msra-6cc46731.pth 

backbone.layer2.0.bn2.bias - torch.Size([128]): 
PretrainedInit: load from TeamCode/src/checkpoints/resnet101_msra-6cc46731.pth 

backbone.layer2.0.conv3.weight - torch.Size([512, 128, 1, 1]): 
PretrainedInit: load from TeamCode/src/checkpoints/resnet101_msra-6cc46731.pth 

backbone.layer2.0.bn3.weight - torch.Size([512]): 
PretrainedInit: load from TeamCode/src/checkpoints/resnet101_msra-6cc46731.pth 

backbone.layer2.0.bn3.bias - torch.Size([512]): 
PretrainedInit: load from TeamCode/src/checkpoints/resnet101_msra-6cc46731.pth 

backbone.layer2.0.downsample.0.weight - torch.Size([512, 256, 1, 1]): 
PretrainedInit: load from TeamCode/src/checkpoints/resnet101_msra-6cc46731.pth 

backbone.layer2.0.downsample.1.weight - torch.Size([512]): 
PretrainedInit: load from TeamCode/src/checkpoints/resnet101_msra-6cc46731.pth 

backbone.layer2.0.downsample.1.bias - torch.Size([512]): 
PretrainedInit: load from TeamCode/src/checkpoints/resnet101_msra-6cc46731.pth 

backbone.layer2.1.conv1.weight - torch.Size([128, 512, 1, 1]): 
PretrainedInit: load from TeamCode/src/checkpoints/resnet101_msra-6cc46731.pth 

backbone.layer2.1.bn1.weight - torch.Size([128]): 
PretrainedInit: load from TeamCode/src/checkpoints/resnet101_msra-6cc46731.pth 

backbone.layer2.1.bn1.bias - torch.Size([128]): 
PretrainedInit: load from TeamCode/src/checkpoints/resnet101_msra-6cc46731.pth 

backbone.layer2.1.conv2.weight - torch.Size([128, 128, 3, 3]): 
PretrainedInit: load from TeamCode/src/checkpoints/resnet101_msra-6cc46731.pth 

backbone.layer2.1.bn2.weight - torch.Size([128]): 
PretrainedInit: load from TeamCode/src/checkpoints/resnet101_msra-6cc46731.pth 

backbone.layer2.1.bn2.bias - torch.Size([128]): 
PretrainedInit: load from TeamCode/src/checkpoints/resnet101_msra-6cc46731.pth 

backbone.layer2.1.conv3.weight - torch.Size([512, 128, 1, 1]): 
PretrainedInit: load from TeamCode/src/checkpoints/resnet101_msra-6cc46731.pth 

backbone.layer2.1.bn3.weight - torch.Size([512]): 
PretrainedInit: load from TeamCode/src/checkpoints/resnet101_msra-6cc46731.pth 

backbone.layer2.1.bn3.bias - torch.Size([512]): 
PretrainedInit: load from TeamCode/src/checkpoints/resnet101_msra-6cc46731.pth 

backbone.layer2.2.conv1.weight - torch.Size([128, 512, 1, 1]): 
PretrainedInit: load from TeamCode/src/checkpoints/resnet101_msra-6cc46731.pth 

backbone.layer2.2.bn1.weight - torch.Size([128]): 
PretrainedInit: load from TeamCode/src/checkpoints/resnet101_msra-6cc46731.pth 

backbone.layer2.2.bn1.bias - torch.Size([128]): 
PretrainedInit: load from TeamCode/src/checkpoints/resnet101_msra-6cc46731.pth 

backbone.layer2.2.conv2.weight - torch.Size([128, 128, 3, 3]): 
PretrainedInit: load from TeamCode/src/checkpoints/resnet101_msra-6cc46731.pth 

backbone.layer2.2.bn2.weight - torch.Size([128]): 
PretrainedInit: load from TeamCode/src/checkpoints/resnet101_msra-6cc46731.pth 

backbone.layer2.2.bn2.bias - torch.Size([128]): 
PretrainedInit: load from TeamCode/src/checkpoints/resnet101_msra-6cc46731.pth 

backbone.layer2.2.conv3.weight - torch.Size([512, 128, 1, 1]): 
PretrainedInit: load from TeamCode/src/checkpoints/resnet101_msra-6cc46731.pth 

backbone.layer2.2.bn3.weight - torch.Size([512]): 
PretrainedInit: load from TeamCode/src/checkpoints/resnet101_msra-6cc46731.pth 

backbone.layer2.2.bn3.bias - torch.Size([512]): 
PretrainedInit: load from TeamCode/src/checkpoints/resnet101_msra-6cc46731.pth 

backbone.layer2.3.conv1.weight - torch.Size([128, 512, 1, 1]): 
PretrainedInit: load from TeamCode/src/checkpoints/resnet101_msra-6cc46731.pth 

backbone.layer2.3.bn1.weight - torch.Size([128]): 
PretrainedInit: load from TeamCode/src/checkpoints/resnet101_msra-6cc46731.pth 

backbone.layer2.3.bn1.bias - torch.Size([128]): 
PretrainedInit: load from TeamCode/src/checkpoints/resnet101_msra-6cc46731.pth 

backbone.layer2.3.conv2.weight - torch.Size([128, 128, 3, 3]): 
PretrainedInit: load from TeamCode/src/checkpoints/resnet101_msra-6cc46731.pth 

backbone.layer2.3.bn2.weight - torch.Size([128]): 
PretrainedInit: load from TeamCode/src/checkpoints/resnet101_msra-6cc46731.pth 

backbone.layer2.3.bn2.bias - torch.Size([128]): 
PretrainedInit: load from TeamCode/src/checkpoints/resnet101_msra-6cc46731.pth 

backbone.layer2.3.conv3.weight - torch.Size([512, 128, 1, 1]): 
PretrainedInit: load from TeamCode/src/checkpoints/resnet101_msra-6cc46731.pth 

backbone.layer2.3.bn3.weight - torch.Size([512]): 
PretrainedInit: load from TeamCode/src/checkpoints/resnet101_msra-6cc46731.pth 

backbone.layer2.3.bn3.bias - torch.Size([512]): 
PretrainedInit: load from TeamCode/src/checkpoints/resnet101_msra-6cc46731.pth 

backbone.layer3.0.conv1.weight - torch.Size([256, 512, 1, 1]): 
PretrainedInit: load from TeamCode/src/checkpoints/resnet101_msra-6cc46731.pth 

backbone.layer3.0.bn1.weight - torch.Size([256]): 
PretrainedInit: load from TeamCode/src/checkpoints/resnet101_msra-6cc46731.pth 

backbone.layer3.0.bn1.bias - torch.Size([256]): 
PretrainedInit: load from TeamCode/src/checkpoints/resnet101_msra-6cc46731.pth 

backbone.layer3.0.conv2.weight - torch.Size([256, 256, 3, 3]): 
PretrainedInit: load from TeamCode/src/checkpoints/resnet101_msra-6cc46731.pth 

backbone.layer3.0.bn2.weight - torch.Size([256]): 
PretrainedInit: load from TeamCode/src/checkpoints/resnet101_msra-6cc46731.pth 

backbone.layer3.0.bn2.bias - torch.Size([256]): 
PretrainedInit: load from TeamCode/src/checkpoints/resnet101_msra-6cc46731.pth 

backbone.layer3.0.conv3.weight - torch.Size([1024, 256, 1, 1]): 
PretrainedInit: load from TeamCode/src/checkpoints/resnet101_msra-6cc46731.pth 

backbone.layer3.0.bn3.weight - torch.Size([1024]): 
PretrainedInit: load from TeamCode/src/checkpoints/resnet101_msra-6cc46731.pth 

backbone.layer3.0.bn3.bias - torch.Size([1024]): 
PretrainedInit: load from TeamCode/src/checkpoints/resnet101_msra-6cc46731.pth 

backbone.layer3.0.downsample.0.weight - torch.Size([1024, 512, 1, 1]): 
PretrainedInit: load from TeamCode/src/checkpoints/resnet101_msra-6cc46731.pth 

backbone.layer3.0.downsample.1.weight - torch.Size([1024]): 
PretrainedInit: load from TeamCode/src/checkpoints/resnet101_msra-6cc46731.pth 

backbone.layer3.0.downsample.1.bias - torch.Size([1024]): 
PretrainedInit: load from TeamCode/src/checkpoints/resnet101_msra-6cc46731.pth 

backbone.layer3.1.conv1.weight - torch.Size([256, 1024, 1, 1]): 
PretrainedInit: load from TeamCode/src/checkpoints/resnet101_msra-6cc46731.pth 

backbone.layer3.1.bn1.weight - torch.Size([256]): 
PretrainedInit: load from TeamCode/src/checkpoints/resnet101_msra-6cc46731.pth 

backbone.layer3.1.bn1.bias - torch.Size([256]): 
PretrainedInit: load from TeamCode/src/checkpoints/resnet101_msra-6cc46731.pth 

backbone.layer3.1.conv2.weight - torch.Size([256, 256, 3, 3]): 
PretrainedInit: load from TeamCode/src/checkpoints/resnet101_msra-6cc46731.pth 

backbone.layer3.1.bn2.weight - torch.Size([256]): 
PretrainedInit: load from TeamCode/src/checkpoints/resnet101_msra-6cc46731.pth 

backbone.layer3.1.bn2.bias - torch.Size([256]): 
PretrainedInit: load from TeamCode/src/checkpoints/resnet101_msra-6cc46731.pth 

backbone.layer3.1.conv3.weight - torch.Size([1024, 256, 1, 1]): 
PretrainedInit: load from TeamCode/src/checkpoints/resnet101_msra-6cc46731.pth 

backbone.layer3.1.bn3.weight - torch.Size([1024]): 
PretrainedInit: load from TeamCode/src/checkpoints/resnet101_msra-6cc46731.pth 

backbone.layer3.1.bn3.bias - torch.Size([1024]): 
PretrainedInit: load from TeamCode/src/checkpoints/resnet101_msra-6cc46731.pth 

backbone.layer3.2.conv1.weight - torch.Size([256, 1024, 1, 1]): 
PretrainedInit: load from TeamCode/src/checkpoints/resnet101_msra-6cc46731.pth 

backbone.layer3.2.bn1.weight - torch.Size([256]): 
PretrainedInit: load from TeamCode/src/checkpoints/resnet101_msra-6cc46731.pth 

backbone.layer3.2.bn1.bias - torch.Size([256]): 
PretrainedInit: load from TeamCode/src/checkpoints/resnet101_msra-6cc46731.pth 

backbone.layer3.2.conv2.weight - torch.Size([256, 256, 3, 3]): 
PretrainedInit: load from TeamCode/src/checkpoints/resnet101_msra-6cc46731.pth 

backbone.layer3.2.bn2.weight - torch.Size([256]): 
PretrainedInit: load from TeamCode/src/checkpoints/resnet101_msra-6cc46731.pth 

backbone.layer3.2.bn2.bias - torch.Size([256]): 
PretrainedInit: load from TeamCode/src/checkpoints/resnet101_msra-6cc46731.pth 

backbone.layer3.2.conv3.weight - torch.Size([1024, 256, 1, 1]): 
PretrainedInit: load from TeamCode/src/checkpoints/resnet101_msra-6cc46731.pth 

backbone.layer3.2.bn3.weight - torch.Size([1024]): 
PretrainedInit: load from TeamCode/src/checkpoints/resnet101_msra-6cc46731.pth 

backbone.layer3.2.bn3.bias - torch.Size([1024]): 
PretrainedInit: load from TeamCode/src/checkpoints/resnet101_msra-6cc46731.pth 

backbone.layer3.3.conv1.weight - torch.Size([256, 1024, 1, 1]): 
PretrainedInit: load from TeamCode/src/checkpoints/resnet101_msra-6cc46731.pth 

backbone.layer3.3.bn1.weight - torch.Size([256]): 
PretrainedInit: load from TeamCode/src/checkpoints/resnet101_msra-6cc46731.pth 

backbone.layer3.3.bn1.bias - torch.Size([256]): 
PretrainedInit: load from TeamCode/src/checkpoints/resnet101_msra-6cc46731.pth 

backbone.layer3.3.conv2.weight - torch.Size([256, 256, 3, 3]): 
PretrainedInit: load from TeamCode/src/checkpoints/resnet101_msra-6cc46731.pth 

backbone.layer3.3.bn2.weight - torch.Size([256]): 
PretrainedInit: load from TeamCode/src/checkpoints/resnet101_msra-6cc46731.pth 

backbone.layer3.3.bn2.bias - torch.Size([256]): 
PretrainedInit: load from TeamCode/src/checkpoints/resnet101_msra-6cc46731.pth 

backbone.layer3.3.conv3.weight - torch.Size([1024, 256, 1, 1]): 
PretrainedInit: load from TeamCode/src/checkpoints/resnet101_msra-6cc46731.pth 

backbone.layer3.3.bn3.weight - torch.Size([1024]): 
PretrainedInit: load from TeamCode/src/checkpoints/resnet101_msra-6cc46731.pth 

backbone.layer3.3.bn3.bias - torch.Size([1024]): 
PretrainedInit: load from TeamCode/src/checkpoints/resnet101_msra-6cc46731.pth 

backbone.layer3.4.conv1.weight - torch.Size([256, 1024, 1, 1]): 
PretrainedInit: load from TeamCode/src/checkpoints/resnet101_msra-6cc46731.pth 

backbone.layer3.4.bn1.weight - torch.Size([256]): 
PretrainedInit: load from TeamCode/src/checkpoints/resnet101_msra-6cc46731.pth 

backbone.layer3.4.bn1.bias - torch.Size([256]): 
PretrainedInit: load from TeamCode/src/checkpoints/resnet101_msra-6cc46731.pth 

backbone.layer3.4.conv2.weight - torch.Size([256, 256, 3, 3]): 
PretrainedInit: load from TeamCode/src/checkpoints/resnet101_msra-6cc46731.pth 

backbone.layer3.4.bn2.weight - torch.Size([256]): 
PretrainedInit: load from TeamCode/src/checkpoints/resnet101_msra-6cc46731.pth 

backbone.layer3.4.bn2.bias - torch.Size([256]): 
PretrainedInit: load from TeamCode/src/checkpoints/resnet101_msra-6cc46731.pth 

backbone.layer3.4.conv3.weight - torch.Size([1024, 256, 1, 1]): 
PretrainedInit: load from TeamCode/src/checkpoints/resnet101_msra-6cc46731.pth 

backbone.layer3.4.bn3.weight - torch.Size([1024]): 
PretrainedInit: load from TeamCode/src/checkpoints/resnet101_msra-6cc46731.pth 

backbone.layer3.4.bn3.bias - torch.Size([1024]): 
PretrainedInit: load from TeamCode/src/checkpoints/resnet101_msra-6cc46731.pth 

backbone.layer3.5.conv1.weight - torch.Size([256, 1024, 1, 1]): 
PretrainedInit: load from TeamCode/src/checkpoints/resnet101_msra-6cc46731.pth 

backbone.layer3.5.bn1.weight - torch.Size([256]): 
PretrainedInit: load from TeamCode/src/checkpoints/resnet101_msra-6cc46731.pth 

backbone.layer3.5.bn1.bias - torch.Size([256]): 
PretrainedInit: load from TeamCode/src/checkpoints/resnet101_msra-6cc46731.pth 

backbone.layer3.5.conv2.weight - torch.Size([256, 256, 3, 3]): 
PretrainedInit: load from TeamCode/src/checkpoints/resnet101_msra-6cc46731.pth 

backbone.layer3.5.bn2.weight - torch.Size([256]): 
PretrainedInit: load from TeamCode/src/checkpoints/resnet101_msra-6cc46731.pth 

backbone.layer3.5.bn2.bias - torch.Size([256]): 
PretrainedInit: load from TeamCode/src/checkpoints/resnet101_msra-6cc46731.pth 

backbone.layer3.5.conv3.weight - torch.Size([1024, 256, 1, 1]): 
PretrainedInit: load from TeamCode/src/checkpoints/resnet101_msra-6cc46731.pth 

backbone.layer3.5.bn3.weight - torch.Size([1024]): 
PretrainedInit: load from TeamCode/src/checkpoints/resnet101_msra-6cc46731.pth 

backbone.layer3.5.bn3.bias - torch.Size([1024]): 
PretrainedInit: load from TeamCode/src/checkpoints/resnet101_msra-6cc46731.pth 

backbone.layer3.6.conv1.weight - torch.Size([256, 1024, 1, 1]): 
PretrainedInit: load from TeamCode/src/checkpoints/resnet101_msra-6cc46731.pth 

backbone.layer3.6.bn1.weight - torch.Size([256]): 
PretrainedInit: load from TeamCode/src/checkpoints/resnet101_msra-6cc46731.pth 

backbone.layer3.6.bn1.bias - torch.Size([256]): 
PretrainedInit: load from TeamCode/src/checkpoints/resnet101_msra-6cc46731.pth 

backbone.layer3.6.conv2.weight - torch.Size([256, 256, 3, 3]): 
PretrainedInit: load from TeamCode/src/checkpoints/resnet101_msra-6cc46731.pth 

backbone.layer3.6.bn2.weight - torch.Size([256]): 
PretrainedInit: load from TeamCode/src/checkpoints/resnet101_msra-6cc46731.pth 

backbone.layer3.6.bn2.bias - torch.Size([256]): 
PretrainedInit: load from TeamCode/src/checkpoints/resnet101_msra-6cc46731.pth 

backbone.layer3.6.conv3.weight - torch.Size([1024, 256, 1, 1]): 
PretrainedInit: load from TeamCode/src/checkpoints/resnet101_msra-6cc46731.pth 

backbone.layer3.6.bn3.weight - torch.Size([1024]): 
PretrainedInit: load from TeamCode/src/checkpoints/resnet101_msra-6cc46731.pth 

backbone.layer3.6.bn3.bias - torch.Size([1024]): 
PretrainedInit: load from TeamCode/src/checkpoints/resnet101_msra-6cc46731.pth 

backbone.layer3.7.conv1.weight - torch.Size([256, 1024, 1, 1]): 
PretrainedInit: load from TeamCode/src/checkpoints/resnet101_msra-6cc46731.pth 

backbone.layer3.7.bn1.weight - torch.Size([256]): 
PretrainedInit: load from TeamCode/src/checkpoints/resnet101_msra-6cc46731.pth 

backbone.layer3.7.bn1.bias - torch.Size([256]): 
PretrainedInit: load from TeamCode/src/checkpoints/resnet101_msra-6cc46731.pth 

backbone.layer3.7.conv2.weight - torch.Size([256, 256, 3, 3]): 
PretrainedInit: load from TeamCode/src/checkpoints/resnet101_msra-6cc46731.pth 

backbone.layer3.7.bn2.weight - torch.Size([256]): 
PretrainedInit: load from TeamCode/src/checkpoints/resnet101_msra-6cc46731.pth 

backbone.layer3.7.bn2.bias - torch.Size([256]): 
PretrainedInit: load from TeamCode/src/checkpoints/resnet101_msra-6cc46731.pth 

backbone.layer3.7.conv3.weight - torch.Size([1024, 256, 1, 1]): 
PretrainedInit: load from TeamCode/src/checkpoints/resnet101_msra-6cc46731.pth 

backbone.layer3.7.bn3.weight - torch.Size([1024]): 
PretrainedInit: load from TeamCode/src/checkpoints/resnet101_msra-6cc46731.pth 

backbone.layer3.7.bn3.bias - torch.Size([1024]): 
PretrainedInit: load from TeamCode/src/checkpoints/resnet101_msra-6cc46731.pth 

backbone.layer3.8.conv1.weight - torch.Size([256, 1024, 1, 1]): 
PretrainedInit: load from TeamCode/src/checkpoints/resnet101_msra-6cc46731.pth 

backbone.layer3.8.bn1.weight - torch.Size([256]): 
PretrainedInit: load from TeamCode/src/checkpoints/resnet101_msra-6cc46731.pth 

backbone.layer3.8.bn1.bias - torch.Size([256]): 
PretrainedInit: load from TeamCode/src/checkpoints/resnet101_msra-6cc46731.pth 

backbone.layer3.8.conv2.weight - torch.Size([256, 256, 3, 3]): 
PretrainedInit: load from TeamCode/src/checkpoints/resnet101_msra-6cc46731.pth 

backbone.layer3.8.bn2.weight - torch.Size([256]): 
PretrainedInit: load from TeamCode/src/checkpoints/resnet101_msra-6cc46731.pth 

backbone.layer3.8.bn2.bias - torch.Size([256]): 
PretrainedInit: load from TeamCode/src/checkpoints/resnet101_msra-6cc46731.pth 

backbone.layer3.8.conv3.weight - torch.Size([1024, 256, 1, 1]): 
PretrainedInit: load from TeamCode/src/checkpoints/resnet101_msra-6cc46731.pth 

backbone.layer3.8.bn3.weight - torch.Size([1024]): 
PretrainedInit: load from TeamCode/src/checkpoints/resnet101_msra-6cc46731.pth 

backbone.layer3.8.bn3.bias - torch.Size([1024]): 
PretrainedInit: load from TeamCode/src/checkpoints/resnet101_msra-6cc46731.pth 

backbone.layer3.9.conv1.weight - torch.Size([256, 1024, 1, 1]): 
PretrainedInit: load from TeamCode/src/checkpoints/resnet101_msra-6cc46731.pth 

backbone.layer3.9.bn1.weight - torch.Size([256]): 
PretrainedInit: load from TeamCode/src/checkpoints/resnet101_msra-6cc46731.pth 

backbone.layer3.9.bn1.bias - torch.Size([256]): 
PretrainedInit: load from TeamCode/src/checkpoints/resnet101_msra-6cc46731.pth 

backbone.layer3.9.conv2.weight - torch.Size([256, 256, 3, 3]): 
PretrainedInit: load from TeamCode/src/checkpoints/resnet101_msra-6cc46731.pth 

backbone.layer3.9.bn2.weight - torch.Size([256]): 
PretrainedInit: load from TeamCode/src/checkpoints/resnet101_msra-6cc46731.pth 

backbone.layer3.9.bn2.bias - torch.Size([256]): 
PretrainedInit: load from TeamCode/src/checkpoints/resnet101_msra-6cc46731.pth 

backbone.layer3.9.conv3.weight - torch.Size([1024, 256, 1, 1]): 
PretrainedInit: load from TeamCode/src/checkpoints/resnet101_msra-6cc46731.pth 

backbone.layer3.9.bn3.weight - torch.Size([1024]): 
PretrainedInit: load from TeamCode/src/checkpoints/resnet101_msra-6cc46731.pth 

backbone.layer3.9.bn3.bias - torch.Size([1024]): 
PretrainedInit: load from TeamCode/src/checkpoints/resnet101_msra-6cc46731.pth 

backbone.layer3.10.conv1.weight - torch.Size([256, 1024, 1, 1]): 
PretrainedInit: load from TeamCode/src/checkpoints/resnet101_msra-6cc46731.pth 

backbone.layer3.10.bn1.weight - torch.Size([256]): 
PretrainedInit: load from TeamCode/src/checkpoints/resnet101_msra-6cc46731.pth 

backbone.layer3.10.bn1.bias - torch.Size([256]): 
PretrainedInit: load from TeamCode/src/checkpoints/resnet101_msra-6cc46731.pth 

backbone.layer3.10.conv2.weight - torch.Size([256, 256, 3, 3]): 
PretrainedInit: load from TeamCode/src/checkpoints/resnet101_msra-6cc46731.pth 

backbone.layer3.10.bn2.weight - torch.Size([256]): 
PretrainedInit: load from TeamCode/src/checkpoints/resnet101_msra-6cc46731.pth 

backbone.layer3.10.bn2.bias - torch.Size([256]): 
PretrainedInit: load from TeamCode/src/checkpoints/resnet101_msra-6cc46731.pth 

backbone.layer3.10.conv3.weight - torch.Size([1024, 256, 1, 1]): 
PretrainedInit: load from TeamCode/src/checkpoints/resnet101_msra-6cc46731.pth 

backbone.layer3.10.bn3.weight - torch.Size([1024]): 
PretrainedInit: load from TeamCode/src/checkpoints/resnet101_msra-6cc46731.pth 

backbone.layer3.10.bn3.bias - torch.Size([1024]): 
PretrainedInit: load from TeamCode/src/checkpoints/resnet101_msra-6cc46731.pth 

backbone.layer3.11.conv1.weight - torch.Size([256, 1024, 1, 1]): 
PretrainedInit: load from TeamCode/src/checkpoints/resnet101_msra-6cc46731.pth 

backbone.layer3.11.bn1.weight - torch.Size([256]): 
PretrainedInit: load from TeamCode/src/checkpoints/resnet101_msra-6cc46731.pth 

backbone.layer3.11.bn1.bias - torch.Size([256]): 
PretrainedInit: load from TeamCode/src/checkpoints/resnet101_msra-6cc46731.pth 

backbone.layer3.11.conv2.weight - torch.Size([256, 256, 3, 3]): 
PretrainedInit: load from TeamCode/src/checkpoints/resnet101_msra-6cc46731.pth 

backbone.layer3.11.bn2.weight - torch.Size([256]): 
PretrainedInit: load from TeamCode/src/checkpoints/resnet101_msra-6cc46731.pth 

backbone.layer3.11.bn2.bias - torch.Size([256]): 
PretrainedInit: load from TeamCode/src/checkpoints/resnet101_msra-6cc46731.pth 

backbone.layer3.11.conv3.weight - torch.Size([1024, 256, 1, 1]): 
PretrainedInit: load from TeamCode/src/checkpoints/resnet101_msra-6cc46731.pth 

backbone.layer3.11.bn3.weight - torch.Size([1024]): 
PretrainedInit: load from TeamCode/src/checkpoints/resnet101_msra-6cc46731.pth 

backbone.layer3.11.bn3.bias - torch.Size([1024]): 
PretrainedInit: load from TeamCode/src/checkpoints/resnet101_msra-6cc46731.pth 

backbone.layer3.12.conv1.weight - torch.Size([256, 1024, 1, 1]): 
PretrainedInit: load from TeamCode/src/checkpoints/resnet101_msra-6cc46731.pth 

backbone.layer3.12.bn1.weight - torch.Size([256]): 
PretrainedInit: load from TeamCode/src/checkpoints/resnet101_msra-6cc46731.pth 

backbone.layer3.12.bn1.bias - torch.Size([256]): 
PretrainedInit: load from TeamCode/src/checkpoints/resnet101_msra-6cc46731.pth 

backbone.layer3.12.conv2.weight - torch.Size([256, 256, 3, 3]): 
PretrainedInit: load from TeamCode/src/checkpoints/resnet101_msra-6cc46731.pth 

backbone.layer3.12.bn2.weight - torch.Size([256]): 
PretrainedInit: load from TeamCode/src/checkpoints/resnet101_msra-6cc46731.pth 

backbone.layer3.12.bn2.bias - torch.Size([256]): 
PretrainedInit: load from TeamCode/src/checkpoints/resnet101_msra-6cc46731.pth 

backbone.layer3.12.conv3.weight - torch.Size([1024, 256, 1, 1]): 
PretrainedInit: load from TeamCode/src/checkpoints/resnet101_msra-6cc46731.pth 

backbone.layer3.12.bn3.weight - torch.Size([1024]): 
PretrainedInit: load from TeamCode/src/checkpoints/resnet101_msra-6cc46731.pth 

backbone.layer3.12.bn3.bias - torch.Size([1024]): 
PretrainedInit: load from TeamCode/src/checkpoints/resnet101_msra-6cc46731.pth 

backbone.layer3.13.conv1.weight - torch.Size([256, 1024, 1, 1]): 
PretrainedInit: load from TeamCode/src/checkpoints/resnet101_msra-6cc46731.pth 

backbone.layer3.13.bn1.weight - torch.Size([256]): 
PretrainedInit: load from TeamCode/src/checkpoints/resnet101_msra-6cc46731.pth 

backbone.layer3.13.bn1.bias - torch.Size([256]): 
PretrainedInit: load from TeamCode/src/checkpoints/resnet101_msra-6cc46731.pth 

backbone.layer3.13.conv2.weight - torch.Size([256, 256, 3, 3]): 
PretrainedInit: load from TeamCode/src/checkpoints/resnet101_msra-6cc46731.pth 

backbone.layer3.13.bn2.weight - torch.Size([256]): 
PretrainedInit: load from TeamCode/src/checkpoints/resnet101_msra-6cc46731.pth 

backbone.layer3.13.bn2.bias - torch.Size([256]): 
PretrainedInit: load from TeamCode/src/checkpoints/resnet101_msra-6cc46731.pth 

backbone.layer3.13.conv3.weight - torch.Size([1024, 256, 1, 1]): 
PretrainedInit: load from TeamCode/src/checkpoints/resnet101_msra-6cc46731.pth 

backbone.layer3.13.bn3.weight - torch.Size([1024]): 
PretrainedInit: load from TeamCode/src/checkpoints/resnet101_msra-6cc46731.pth 

backbone.layer3.13.bn3.bias - torch.Size([1024]): 
PretrainedInit: load from TeamCode/src/checkpoints/resnet101_msra-6cc46731.pth 

backbone.layer3.14.conv1.weight - torch.Size([256, 1024, 1, 1]): 
PretrainedInit: load from TeamCode/src/checkpoints/resnet101_msra-6cc46731.pth 

backbone.layer3.14.bn1.weight - torch.Size([256]): 
PretrainedInit: load from TeamCode/src/checkpoints/resnet101_msra-6cc46731.pth 

backbone.layer3.14.bn1.bias - torch.Size([256]): 
PretrainedInit: load from TeamCode/src/checkpoints/resnet101_msra-6cc46731.pth 

backbone.layer3.14.conv2.weight - torch.Size([256, 256, 3, 3]): 
PretrainedInit: load from TeamCode/src/checkpoints/resnet101_msra-6cc46731.pth 

backbone.layer3.14.bn2.weight - torch.Size([256]): 
PretrainedInit: load from TeamCode/src/checkpoints/resnet101_msra-6cc46731.pth 

backbone.layer3.14.bn2.bias - torch.Size([256]): 
PretrainedInit: load from TeamCode/src/checkpoints/resnet101_msra-6cc46731.pth 

backbone.layer3.14.conv3.weight - torch.Size([1024, 256, 1, 1]): 
PretrainedInit: load from TeamCode/src/checkpoints/resnet101_msra-6cc46731.pth 

backbone.layer3.14.bn3.weight - torch.Size([1024]): 
PretrainedInit: load from TeamCode/src/checkpoints/resnet101_msra-6cc46731.pth 

backbone.layer3.14.bn3.bias - torch.Size([1024]): 
PretrainedInit: load from TeamCode/src/checkpoints/resnet101_msra-6cc46731.pth 

backbone.layer3.15.conv1.weight - torch.Size([256, 1024, 1, 1]): 
PretrainedInit: load from TeamCode/src/checkpoints/resnet101_msra-6cc46731.pth 

backbone.layer3.15.bn1.weight - torch.Size([256]): 
PretrainedInit: load from TeamCode/src/checkpoints/resnet101_msra-6cc46731.pth 

backbone.layer3.15.bn1.bias - torch.Size([256]): 
PretrainedInit: load from TeamCode/src/checkpoints/resnet101_msra-6cc46731.pth 

backbone.layer3.15.conv2.weight - torch.Size([256, 256, 3, 3]): 
PretrainedInit: load from TeamCode/src/checkpoints/resnet101_msra-6cc46731.pth 

backbone.layer3.15.bn2.weight - torch.Size([256]): 
PretrainedInit: load from TeamCode/src/checkpoints/resnet101_msra-6cc46731.pth 

backbone.layer3.15.bn2.bias - torch.Size([256]): 
PretrainedInit: load from TeamCode/src/checkpoints/resnet101_msra-6cc46731.pth 

backbone.layer3.15.conv3.weight - torch.Size([1024, 256, 1, 1]): 
PretrainedInit: load from TeamCode/src/checkpoints/resnet101_msra-6cc46731.pth 

backbone.layer3.15.bn3.weight - torch.Size([1024]): 
PretrainedInit: load from TeamCode/src/checkpoints/resnet101_msra-6cc46731.pth 

backbone.layer3.15.bn3.bias - torch.Size([1024]): 
PretrainedInit: load from TeamCode/src/checkpoints/resnet101_msra-6cc46731.pth 

backbone.layer3.16.conv1.weight - torch.Size([256, 1024, 1, 1]): 
PretrainedInit: load from TeamCode/src/checkpoints/resnet101_msra-6cc46731.pth 

backbone.layer3.16.bn1.weight - torch.Size([256]): 
PretrainedInit: load from TeamCode/src/checkpoints/resnet101_msra-6cc46731.pth 

backbone.layer3.16.bn1.bias - torch.Size([256]): 
PretrainedInit: load from TeamCode/src/checkpoints/resnet101_msra-6cc46731.pth 

backbone.layer3.16.conv2.weight - torch.Size([256, 256, 3, 3]): 
PretrainedInit: load from TeamCode/src/checkpoints/resnet101_msra-6cc46731.pth 

backbone.layer3.16.bn2.weight - torch.Size([256]): 
PretrainedInit: load from TeamCode/src/checkpoints/resnet101_msra-6cc46731.pth 

backbone.layer3.16.bn2.bias - torch.Size([256]): 
PretrainedInit: load from TeamCode/src/checkpoints/resnet101_msra-6cc46731.pth 

backbone.layer3.16.conv3.weight - torch.Size([1024, 256, 1, 1]): 
PretrainedInit: load from TeamCode/src/checkpoints/resnet101_msra-6cc46731.pth 

backbone.layer3.16.bn3.weight - torch.Size([1024]): 
PretrainedInit: load from TeamCode/src/checkpoints/resnet101_msra-6cc46731.pth 

backbone.layer3.16.bn3.bias - torch.Size([1024]): 
PretrainedInit: load from TeamCode/src/checkpoints/resnet101_msra-6cc46731.pth 

backbone.layer3.17.conv1.weight - torch.Size([256, 1024, 1, 1]): 
PretrainedInit: load from TeamCode/src/checkpoints/resnet101_msra-6cc46731.pth 

backbone.layer3.17.bn1.weight - torch.Size([256]): 
PretrainedInit: load from TeamCode/src/checkpoints/resnet101_msra-6cc46731.pth 

backbone.layer3.17.bn1.bias - torch.Size([256]): 
PretrainedInit: load from TeamCode/src/checkpoints/resnet101_msra-6cc46731.pth 

backbone.layer3.17.conv2.weight - torch.Size([256, 256, 3, 3]): 
PretrainedInit: load from TeamCode/src/checkpoints/resnet101_msra-6cc46731.pth 

backbone.layer3.17.bn2.weight - torch.Size([256]): 
PretrainedInit: load from TeamCode/src/checkpoints/resnet101_msra-6cc46731.pth 

backbone.layer3.17.bn2.bias - torch.Size([256]): 
PretrainedInit: load from TeamCode/src/checkpoints/resnet101_msra-6cc46731.pth 

backbone.layer3.17.conv3.weight - torch.Size([1024, 256, 1, 1]): 
PretrainedInit: load from TeamCode/src/checkpoints/resnet101_msra-6cc46731.pth 

backbone.layer3.17.bn3.weight - torch.Size([1024]): 
PretrainedInit: load from TeamCode/src/checkpoints/resnet101_msra-6cc46731.pth 

backbone.layer3.17.bn3.bias - torch.Size([1024]): 
PretrainedInit: load from TeamCode/src/checkpoints/resnet101_msra-6cc46731.pth 

backbone.layer3.18.conv1.weight - torch.Size([256, 1024, 1, 1]): 
PretrainedInit: load from TeamCode/src/checkpoints/resnet101_msra-6cc46731.pth 

backbone.layer3.18.bn1.weight - torch.Size([256]): 
PretrainedInit: load from TeamCode/src/checkpoints/resnet101_msra-6cc46731.pth 

backbone.layer3.18.bn1.bias - torch.Size([256]): 
PretrainedInit: load from TeamCode/src/checkpoints/resnet101_msra-6cc46731.pth 

backbone.layer3.18.conv2.weight - torch.Size([256, 256, 3, 3]): 
PretrainedInit: load from TeamCode/src/checkpoints/resnet101_msra-6cc46731.pth 

backbone.layer3.18.bn2.weight - torch.Size([256]): 
PretrainedInit: load from TeamCode/src/checkpoints/resnet101_msra-6cc46731.pth 

backbone.layer3.18.bn2.bias - torch.Size([256]): 
PretrainedInit: load from TeamCode/src/checkpoints/resnet101_msra-6cc46731.pth 

backbone.layer3.18.conv3.weight - torch.Size([1024, 256, 1, 1]): 
PretrainedInit: load from TeamCode/src/checkpoints/resnet101_msra-6cc46731.pth 

backbone.layer3.18.bn3.weight - torch.Size([1024]): 
PretrainedInit: load from TeamCode/src/checkpoints/resnet101_msra-6cc46731.pth 

backbone.layer3.18.bn3.bias - torch.Size([1024]): 
PretrainedInit: load from TeamCode/src/checkpoints/resnet101_msra-6cc46731.pth 

backbone.layer3.19.conv1.weight - torch.Size([256, 1024, 1, 1]): 
PretrainedInit: load from TeamCode/src/checkpoints/resnet101_msra-6cc46731.pth 

backbone.layer3.19.bn1.weight - torch.Size([256]): 
PretrainedInit: load from TeamCode/src/checkpoints/resnet101_msra-6cc46731.pth 

backbone.layer3.19.bn1.bias - torch.Size([256]): 
PretrainedInit: load from TeamCode/src/checkpoints/resnet101_msra-6cc46731.pth 

backbone.layer3.19.conv2.weight - torch.Size([256, 256, 3, 3]): 
PretrainedInit: load from TeamCode/src/checkpoints/resnet101_msra-6cc46731.pth 

backbone.layer3.19.bn2.weight - torch.Size([256]): 
PretrainedInit: load from TeamCode/src/checkpoints/resnet101_msra-6cc46731.pth 

backbone.layer3.19.bn2.bias - torch.Size([256]): 
PretrainedInit: load from TeamCode/src/checkpoints/resnet101_msra-6cc46731.pth 

backbone.layer3.19.conv3.weight - torch.Size([1024, 256, 1, 1]): 
PretrainedInit: load from TeamCode/src/checkpoints/resnet101_msra-6cc46731.pth 

backbone.layer3.19.bn3.weight - torch.Size([1024]): 
PretrainedInit: load from TeamCode/src/checkpoints/resnet101_msra-6cc46731.pth 

backbone.layer3.19.bn3.bias - torch.Size([1024]): 
PretrainedInit: load from TeamCode/src/checkpoints/resnet101_msra-6cc46731.pth 

backbone.layer3.20.conv1.weight - torch.Size([256, 1024, 1, 1]): 
PretrainedInit: load from TeamCode/src/checkpoints/resnet101_msra-6cc46731.pth 

backbone.layer3.20.bn1.weight - torch.Size([256]): 
PretrainedInit: load from TeamCode/src/checkpoints/resnet101_msra-6cc46731.pth 

backbone.layer3.20.bn1.bias - torch.Size([256]): 
PretrainedInit: load from TeamCode/src/checkpoints/resnet101_msra-6cc46731.pth 

backbone.layer3.20.conv2.weight - torch.Size([256, 256, 3, 3]): 
PretrainedInit: load from TeamCode/src/checkpoints/resnet101_msra-6cc46731.pth 

backbone.layer3.20.bn2.weight - torch.Size([256]): 
PretrainedInit: load from TeamCode/src/checkpoints/resnet101_msra-6cc46731.pth 

backbone.layer3.20.bn2.bias - torch.Size([256]): 
PretrainedInit: load from TeamCode/src/checkpoints/resnet101_msra-6cc46731.pth 

backbone.layer3.20.conv3.weight - torch.Size([1024, 256, 1, 1]): 
PretrainedInit: load from TeamCode/src/checkpoints/resnet101_msra-6cc46731.pth 

backbone.layer3.20.bn3.weight - torch.Size([1024]): 
PretrainedInit: load from TeamCode/src/checkpoints/resnet101_msra-6cc46731.pth 

backbone.layer3.20.bn3.bias - torch.Size([1024]): 
PretrainedInit: load from TeamCode/src/checkpoints/resnet101_msra-6cc46731.pth 

backbone.layer3.21.conv1.weight - torch.Size([256, 1024, 1, 1]): 
PretrainedInit: load from TeamCode/src/checkpoints/resnet101_msra-6cc46731.pth 

backbone.layer3.21.bn1.weight - torch.Size([256]): 
PretrainedInit: load from TeamCode/src/checkpoints/resnet101_msra-6cc46731.pth 

backbone.layer3.21.bn1.bias - torch.Size([256]): 
PretrainedInit: load from TeamCode/src/checkpoints/resnet101_msra-6cc46731.pth 

backbone.layer3.21.conv2.weight - torch.Size([256, 256, 3, 3]): 
PretrainedInit: load from TeamCode/src/checkpoints/resnet101_msra-6cc46731.pth 

backbone.layer3.21.bn2.weight - torch.Size([256]): 
PretrainedInit: load from TeamCode/src/checkpoints/resnet101_msra-6cc46731.pth 

backbone.layer3.21.bn2.bias - torch.Size([256]): 
PretrainedInit: load from TeamCode/src/checkpoints/resnet101_msra-6cc46731.pth 

backbone.layer3.21.conv3.weight - torch.Size([1024, 256, 1, 1]): 
PretrainedInit: load from TeamCode/src/checkpoints/resnet101_msra-6cc46731.pth 

backbone.layer3.21.bn3.weight - torch.Size([1024]): 
PretrainedInit: load from TeamCode/src/checkpoints/resnet101_msra-6cc46731.pth 

backbone.layer3.21.bn3.bias - torch.Size([1024]): 
PretrainedInit: load from TeamCode/src/checkpoints/resnet101_msra-6cc46731.pth 

backbone.layer3.22.conv1.weight - torch.Size([256, 1024, 1, 1]): 
PretrainedInit: load from TeamCode/src/checkpoints/resnet101_msra-6cc46731.pth 

backbone.layer3.22.bn1.weight - torch.Size([256]): 
PretrainedInit: load from TeamCode/src/checkpoints/resnet101_msra-6cc46731.pth 

backbone.layer3.22.bn1.bias - torch.Size([256]): 
PretrainedInit: load from TeamCode/src/checkpoints/resnet101_msra-6cc46731.pth 

backbone.layer3.22.conv2.weight - torch.Size([256, 256, 3, 3]): 
PretrainedInit: load from TeamCode/src/checkpoints/resnet101_msra-6cc46731.pth 

backbone.layer3.22.bn2.weight - torch.Size([256]): 
PretrainedInit: load from TeamCode/src/checkpoints/resnet101_msra-6cc46731.pth 

backbone.layer3.22.bn2.bias - torch.Size([256]): 
PretrainedInit: load from TeamCode/src/checkpoints/resnet101_msra-6cc46731.pth 

backbone.layer3.22.conv3.weight - torch.Size([1024, 256, 1, 1]): 
PretrainedInit: load from TeamCode/src/checkpoints/resnet101_msra-6cc46731.pth 

backbone.layer3.22.bn3.weight - torch.Size([1024]): 
PretrainedInit: load from TeamCode/src/checkpoints/resnet101_msra-6cc46731.pth 

backbone.layer3.22.bn3.bias - torch.Size([1024]): 
PretrainedInit: load from TeamCode/src/checkpoints/resnet101_msra-6cc46731.pth 

backbone.layer4.0.conv1.weight - torch.Size([512, 1024, 1, 1]): 
PretrainedInit: load from TeamCode/src/checkpoints/resnet101_msra-6cc46731.pth 

backbone.layer4.0.bn1.weight - torch.Size([512]): 
PretrainedInit: load from TeamCode/src/checkpoints/resnet101_msra-6cc46731.pth 

backbone.layer4.0.bn1.bias - torch.Size([512]): 
PretrainedInit: load from TeamCode/src/checkpoints/resnet101_msra-6cc46731.pth 

backbone.layer4.0.conv2.weight - torch.Size([512, 512, 3, 3]): 
PretrainedInit: load from TeamCode/src/checkpoints/resnet101_msra-6cc46731.pth 

backbone.layer4.0.bn2.weight - torch.Size([512]): 
PretrainedInit: load from TeamCode/src/checkpoints/resnet101_msra-6cc46731.pth 

backbone.layer4.0.bn2.bias - torch.Size([512]): 
PretrainedInit: load from TeamCode/src/checkpoints/resnet101_msra-6cc46731.pth 

backbone.layer4.0.conv3.weight - torch.Size([2048, 512, 1, 1]): 
PretrainedInit: load from TeamCode/src/checkpoints/resnet101_msra-6cc46731.pth 

backbone.layer4.0.bn3.weight - torch.Size([2048]): 
PretrainedInit: load from TeamCode/src/checkpoints/resnet101_msra-6cc46731.pth 

backbone.layer4.0.bn3.bias - torch.Size([2048]): 
PretrainedInit: load from TeamCode/src/checkpoints/resnet101_msra-6cc46731.pth 

backbone.layer4.0.downsample.0.weight - torch.Size([2048, 1024, 1, 1]): 
PretrainedInit: load from TeamCode/src/checkpoints/resnet101_msra-6cc46731.pth 

backbone.layer4.0.downsample.1.weight - torch.Size([2048]): 
PretrainedInit: load from TeamCode/src/checkpoints/resnet101_msra-6cc46731.pth 

backbone.layer4.0.downsample.1.bias - torch.Size([2048]): 
PretrainedInit: load from TeamCode/src/checkpoints/resnet101_msra-6cc46731.pth 

backbone.layer4.1.conv1.weight - torch.Size([512, 2048, 1, 1]): 
PretrainedInit: load from TeamCode/src/checkpoints/resnet101_msra-6cc46731.pth 

backbone.layer4.1.bn1.weight - torch.Size([512]): 
PretrainedInit: load from TeamCode/src/checkpoints/resnet101_msra-6cc46731.pth 

backbone.layer4.1.bn1.bias - torch.Size([512]): 
PretrainedInit: load from TeamCode/src/checkpoints/resnet101_msra-6cc46731.pth 

backbone.layer4.1.conv2.weight - torch.Size([512, 512, 3, 3]): 
PretrainedInit: load from TeamCode/src/checkpoints/resnet101_msra-6cc46731.pth 

backbone.layer4.1.bn2.weight - torch.Size([512]): 
PretrainedInit: load from TeamCode/src/checkpoints/resnet101_msra-6cc46731.pth 

backbone.layer4.1.bn2.bias - torch.Size([512]): 
PretrainedInit: load from TeamCode/src/checkpoints/resnet101_msra-6cc46731.pth 

backbone.layer4.1.conv3.weight - torch.Size([2048, 512, 1, 1]): 
PretrainedInit: load from TeamCode/src/checkpoints/resnet101_msra-6cc46731.pth 

backbone.layer4.1.bn3.weight - torch.Size([2048]): 
PretrainedInit: load from TeamCode/src/checkpoints/resnet101_msra-6cc46731.pth 

backbone.layer4.1.bn3.bias - torch.Size([2048]): 
PretrainedInit: load from TeamCode/src/checkpoints/resnet101_msra-6cc46731.pth 

backbone.layer4.2.conv1.weight - torch.Size([512, 2048, 1, 1]): 
PretrainedInit: load from TeamCode/src/checkpoints/resnet101_msra-6cc46731.pth 

backbone.layer4.2.bn1.weight - torch.Size([512]): 
PretrainedInit: load from TeamCode/src/checkpoints/resnet101_msra-6cc46731.pth 

backbone.layer4.2.bn1.bias - torch.Size([512]): 
PretrainedInit: load from TeamCode/src/checkpoints/resnet101_msra-6cc46731.pth 

backbone.layer4.2.conv2.weight - torch.Size([512, 512, 3, 3]): 
PretrainedInit: load from TeamCode/src/checkpoints/resnet101_msra-6cc46731.pth 

backbone.layer4.2.bn2.weight - torch.Size([512]): 
PretrainedInit: load from TeamCode/src/checkpoints/resnet101_msra-6cc46731.pth 

backbone.layer4.2.bn2.bias - torch.Size([512]): 
PretrainedInit: load from TeamCode/src/checkpoints/resnet101_msra-6cc46731.pth 

backbone.layer4.2.conv3.weight - torch.Size([2048, 512, 1, 1]): 
PretrainedInit: load from TeamCode/src/checkpoints/resnet101_msra-6cc46731.pth 

backbone.layer4.2.bn3.weight - torch.Size([2048]): 
PretrainedInit: load from TeamCode/src/checkpoints/resnet101_msra-6cc46731.pth 

backbone.layer4.2.bn3.bias - torch.Size([2048]): 
PretrainedInit: load from TeamCode/src/checkpoints/resnet101_msra-6cc46731.pth 

neck.lateral_convs.0.conv.weight - torch.Size([256, 256, 1, 1]): 
XavierInit: gain=1, distribution=uniform, bias=0 

neck.lateral_convs.0.conv.bias - torch.Size([256]): 
The value is the same before and after calling `init_weights` of MaskRCNN  

neck.lateral_convs.1.conv.weight - torch.Size([256, 512, 1, 1]): 
XavierInit: gain=1, distribution=uniform, bias=0 

neck.lateral_convs.1.conv.bias - torch.Size([256]): 
The value is the same before and after calling `init_weights` of MaskRCNN  

neck.lateral_convs.2.conv.weight - torch.Size([256, 1024, 1, 1]): 
XavierInit: gain=1, distribution=uniform, bias=0 

neck.lateral_convs.2.conv.bias - torch.Size([256]): 
The value is the same before and after calling `init_weights` of MaskRCNN  

neck.lateral_convs.3.conv.weight - torch.Size([256, 2048, 1, 1]): 
XavierInit: gain=1, distribution=uniform, bias=0 

neck.lateral_convs.3.conv.bias - torch.Size([256]): 
The value is the same before and after calling `init_weights` of MaskRCNN  

neck.fpn_convs.0.conv.weight - torch.Size([256, 256, 3, 3]): 
XavierInit: gain=1, distribution=uniform, bias=0 

neck.fpn_convs.0.conv.bias - torch.Size([256]): 
The value is the same before and after calling `init_weights` of MaskRCNN  

neck.fpn_convs.1.conv.weight - torch.Size([256, 256, 3, 3]): 
XavierInit: gain=1, distribution=uniform, bias=0 

neck.fpn_convs.1.conv.bias - torch.Size([256]): 
The value is the same before and after calling `init_weights` of MaskRCNN  

neck.fpn_convs.2.conv.weight - torch.Size([256, 256, 3, 3]): 
XavierInit: gain=1, distribution=uniform, bias=0 

neck.fpn_convs.2.conv.bias - torch.Size([256]): 
The value is the same before and after calling `init_weights` of MaskRCNN  

neck.fpn_convs.3.conv.weight - torch.Size([256, 256, 3, 3]): 
XavierInit: gain=1, distribution=uniform, bias=0 

neck.fpn_convs.3.conv.bias - torch.Size([256]): 
The value is the same before and after calling `init_weights` of MaskRCNN  

rpn_head.rpn_conv.weight - torch.Size([256, 256, 3, 3]): 
NormalInit: mean=0, std=0.01, bias=0 

rpn_head.rpn_conv.bias - torch.Size([256]): 
NormalInit: mean=0, std=0.01, bias=0 

rpn_head.rpn_cls.weight - torch.Size([5, 256, 1, 1]): 
NormalInit: mean=0, std=0.01, bias=0 

rpn_head.rpn_cls.bias - torch.Size([5]): 
NormalInit: mean=0, std=0.01, bias=0 

rpn_head.rpn_reg.weight - torch.Size([20, 256, 1, 1]): 
NormalInit: mean=0, std=0.01, bias=0 

rpn_head.rpn_reg.bias - torch.Size([20]): 
NormalInit: mean=0, std=0.01, bias=0 

roi_head.bbox_head.fc_cls.weight - torch.Size([2, 1024]): 
NormalInit: mean=0, std=0.01, bias=0 

roi_head.bbox_head.fc_cls.bias - torch.Size([2]): 
NormalInit: mean=0, std=0.01, bias=0 

roi_head.bbox_head.fc_reg.weight - torch.Size([4, 1024]): 
NormalInit: mean=0, std=0.001, bias=0 

roi_head.bbox_head.fc_reg.bias - torch.Size([4]): 
NormalInit: mean=0, std=0.001, bias=0 

roi_head.bbox_head.shared_fcs.0.weight - torch.Size([1024, 12544]): 
XavierInit: gain=1, distribution=uniform, bias=0 

roi_head.bbox_head.shared_fcs.0.bias - torch.Size([1024]): 
XavierInit: gain=1, distribution=uniform, bias=0 

roi_head.bbox_head.shared_fcs.1.weight - torch.Size([1024, 1024]): 
XavierInit: gain=1, distribution=uniform, bias=0 

roi_head.bbox_head.shared_fcs.1.bias - torch.Size([1024]): 
XavierInit: gain=1, distribution=uniform, bias=0 
2024/08/17 23:59:19 - mmengine - INFO - Load checkpoint from /scratch/hshang/moody/final_phase_submission/official-phase-mins-eth/TeamCode/src/checkpoints/mask_rcnn_r101_caffe_fpn_1x_coco_20200601_095758-805e06c1.pth
2024/08/17 23:59:19 - mmengine - WARNING - "FileClient" will be deprecated in future. Please use io functions in https://mmengine.readthedocs.io/en/latest/api/fileio.html#file-io
2024/08/17 23:59:19 - mmengine - WARNING - "HardDiskBackend" is the alias of "LocalBackend" and the former will be deprecated in future.
2024/08/17 23:59:19 - mmengine - INFO - Checkpoints will be saved to /scratch/hshang/moody/final_phase_submission/official-phase-mins-eth/model.
2024/08/17 23:59:43 - mmengine - INFO - Epoch(train)  [1][ 100/1000]  lr: 4.9800e-04  eta: 0:59:26  time: 0.2298  data_time: 0.0204  memory: 1884  loss: 0.6537  loss_rpn_cls: 0.3548  loss_rpn_bbox: 0.1215  loss_cls: 0.1652  acc: 93.3014  loss_bbox: 0.0122
2024/08/18 00:00:09 - mmengine - INFO - Epoch(train)  [1][ 200/1000]  lr: 9.9850e-04  eta: 1:01:20  time: 0.2936  data_time: 0.0219  memory: 1884  loss: 0.3840  loss_rpn_cls: 0.1081  loss_rpn_bbox: 0.1266  loss_cls: 0.1227  acc: 94.7368  loss_bbox: 0.0265
2024/08/18 00:00:40 - mmengine - INFO - Epoch(train)  [1][ 300/1000]  lr: 1.4990e-03  eta: 1:05:44  time: 0.3090  data_time: 0.0198  memory: 1883  loss: 0.2461  loss_rpn_cls: 0.0366  loss_rpn_bbox: 0.1050  loss_cls: 0.0657  acc: 98.4925  loss_bbox: 0.0388
2024/08/18 00:01:10 - mmengine - INFO - Epoch(train)  [1][ 400/1000]  lr: 1.9995e-03  eta: 1:07:36  time: 0.3114  data_time: 0.0189  memory: 1883  loss: 0.2336  loss_rpn_cls: 0.0242  loss_rpn_bbox: 0.1085  loss_cls: 0.0539  acc: 94.2308  loss_bbox: 0.0470
2024/08/18 00:01:42 - mmengine - INFO - Epoch(train)  [1][ 500/1000]  lr: 2.5000e-03  eta: 1:08:58  time: 0.3159  data_time: 0.0200  memory: 1884  loss: 0.2148  loss_rpn_cls: 0.0208  loss_rpn_bbox: 0.0967  loss_cls: 0.0427  acc: 96.0784  loss_bbox: 0.0545
2024/08/18 00:02:13 - mmengine - INFO - Epoch(train)  [1][ 600/1000]  lr: 2.5000e-03  eta: 1:09:28  time: 0.3094  data_time: 0.0195  memory: 1883  loss: 0.2147  loss_rpn_cls: 0.0162  loss_rpn_bbox: 0.0976  loss_cls: 0.0415  acc: 97.0874  loss_bbox: 0.0595
2024/08/18 00:02:44 - mmengine - INFO - Epoch(train)  [1][ 700/1000]  lr: 2.5000e-03  eta: 1:09:39  time: 0.3077  data_time: 0.0193  memory: 1883  loss: 0.2092  loss_rpn_cls: 0.0252  loss_rpn_bbox: 0.0934  loss_cls: 0.0456  acc: 97.0732  loss_bbox: 0.0450
2024/08/18 00:03:15 - mmengine - INFO - Epoch(train)  [1][ 800/1000]  lr: 2.5000e-03  eta: 1:09:49  time: 0.3174  data_time: 0.0198  memory: 1884  loss: 0.1901  loss_rpn_cls: 0.0171  loss_rpn_bbox: 0.0857  loss_cls: 0.0320  acc: 97.5610  loss_bbox: 0.0554
2024/08/18 00:03:47 - mmengine - INFO - Epoch(train)  [1][ 900/1000]  lr: 2.5000e-03  eta: 1:09:50  time: 0.3115  data_time: 0.0194  memory: 1884  loss: 0.1887  loss_rpn_cls: 0.0153  loss_rpn_bbox: 0.0713  loss_cls: 0.0341  acc: 97.4747  loss_bbox: 0.0680
2024/08/18 00:04:18 - mmengine - INFO - Exp name: maskrcnn_res101_20240817_235913
2024/08/18 00:04:18 - mmengine - INFO - Epoch(train)  [1][1000/1000]  lr: 2.5000e-03  eta: 1:09:49  time: 0.3161  data_time: 0.0210  memory: 1883  loss: 0.1726  loss_rpn_cls: 0.0093  loss_rpn_bbox: 0.0670  loss_cls: 0.0280  acc: 99.0291  loss_bbox: 0.0682
2024/08/18 00:04:51 - mmengine - INFO - Epoch(train)  [2][ 100/1000]  lr: 2.5000e-03  eta: 1:09:48  time: 0.3177  data_time: 0.0196  memory: 1884  loss: 0.1678  loss_rpn_cls: 0.0088  loss_rpn_bbox: 0.0690  loss_cls: 0.0206  acc: 97.5369  loss_bbox: 0.0694
2024/08/18 00:05:23 - mmengine - INFO - Epoch(train)  [2][ 200/1000]  lr: 2.5000e-03  eta: 1:09:38  time: 0.3215  data_time: 0.0200  memory: 1883  loss: 0.1610  loss_rpn_cls: 0.0065  loss_rpn_bbox: 0.0570  loss_cls: 0.0211  acc: 98.9848  loss_bbox: 0.0764
2024/08/18 00:05:54 - mmengine - INFO - Epoch(train)  [2][ 300/1000]  lr: 2.5000e-03  eta: 1:09:14  time: 0.3080  data_time: 0.0190  memory: 1883  loss: 0.1614  loss_rpn_cls: 0.0088  loss_rpn_bbox: 0.0611  loss_cls: 0.0289  acc: 97.9900  loss_bbox: 0.0626
2024/08/18 00:06:25 - mmengine - INFO - Epoch(train)  [2][ 400/1000]  lr: 2.5000e-03  eta: 1:08:52  time: 0.3066  data_time: 0.0189  memory: 1883  loss: 0.1626  loss_rpn_cls: 0.0069  loss_rpn_bbox: 0.0585  loss_cls: 0.0269  acc: 98.0952  loss_bbox: 0.0703
2024/08/18 00:06:56 - mmengine - INFO - Epoch(train)  [2][ 500/1000]  lr: 2.5000e-03  eta: 1:08:27  time: 0.3068  data_time: 0.0193  memory: 1883  loss: 0.1505  loss_rpn_cls: 0.0054  loss_rpn_bbox: 0.0599  loss_cls: 0.0220  acc: 99.0099  loss_bbox: 0.0632
2024/08/18 00:07:28 - mmengine - INFO - Epoch(train)  [2][ 600/1000]  lr: 2.5000e-03  eta: 1:08:10  time: 0.3220  data_time: 0.0223  memory: 1884  loss: 0.1617  loss_rpn_cls: 0.0072  loss_rpn_bbox: 0.0527  loss_cls: 0.0234  acc: 96.1538  loss_bbox: 0.0783
2024/08/18 00:07:59 - mmengine - INFO - Epoch(train)  [2][ 700/1000]  lr: 2.5000e-03  eta: 1:07:49  time: 0.3183  data_time: 0.0206  memory: 1884  loss: 0.1555  loss_rpn_cls: 0.0071  loss_rpn_bbox: 0.0584  loss_cls: 0.0196  acc: 99.0385  loss_bbox: 0.0704
2024/08/18 00:08:31 - mmengine - INFO - Epoch(train)  [2][ 800/1000]  lr: 2.5000e-03  eta: 1:07:24  time: 0.3116  data_time: 0.0197  memory: 1883  loss: 0.1507  loss_rpn_cls: 0.0075  loss_rpn_bbox: 0.0503  loss_cls: 0.0245  acc: 98.5507  loss_bbox: 0.0684
2024/08/18 00:09:03 - mmengine - INFO - Epoch(train)  [2][ 900/1000]  lr: 2.5000e-03  eta: 1:07:04  time: 0.3215  data_time: 0.0197  memory: 1883  loss: 0.1413  loss_rpn_cls: 0.0041  loss_rpn_bbox: 0.0451  loss_cls: 0.0180  acc: 99.5050  loss_bbox: 0.0741
2024/08/18 00:09:34 - mmengine - INFO - Exp name: maskrcnn_res101_20240817_235913
2024/08/18 00:09:34 - mmengine - INFO - Epoch(train)  [2][1000/1000]  lr: 2.5000e-03  eta: 1:06:37  time: 0.3090  data_time: 0.0186  memory: 1883  loss: 0.1531  loss_rpn_cls: 0.0054  loss_rpn_bbox: 0.0456  loss_cls: 0.0244  acc: 98.5075  loss_bbox: 0.0777
2024/08/18 00:10:06 - mmengine - INFO - Epoch(train)  [3][ 100/1000]  lr: 2.5000e-03  eta: 1:06:11  time: 0.3070  data_time: 0.0190  memory: 1884  loss: 0.1439  loss_rpn_cls: 0.0061  loss_rpn_bbox: 0.0481  loss_cls: 0.0177  acc: 99.5050  loss_bbox: 0.0720
2024/08/18 00:10:37 - mmengine - INFO - Epoch(train)  [3][ 200/1000]  lr: 2.5000e-03  eta: 1:05:45  time: 0.3248  data_time: 0.0199  memory: 1883  loss: 0.1378  loss_rpn_cls: 0.0040  loss_rpn_bbox: 0.0488  loss_cls: 0.0180  acc: 99.5074  loss_bbox: 0.0670
2024/08/18 00:11:10 - mmengine - INFO - Epoch(train)  [3][ 300/1000]  lr: 2.5000e-03  eta: 1:05:22  time: 0.3220  data_time: 0.0203  memory: 1883  loss: 0.1381  loss_rpn_cls: 0.0051  loss_rpn_bbox: 0.0496  loss_cls: 0.0192  acc: 99.0050  loss_bbox: 0.0641
2024/08/18 00:11:42 - mmengine - INFO - Epoch(train)  [3][ 400/1000]  lr: 2.5000e-03  eta: 1:04:58  time: 0.3287  data_time: 0.0203  memory: 1883  loss: 0.1425  loss_rpn_cls: 0.0044  loss_rpn_bbox: 0.0473  loss_cls: 0.0194  acc: 99.5146  loss_bbox: 0.0714
2024/08/18 00:12:07 - mmengine - INFO - Epoch(train)  [3][ 500/1000]  lr: 2.5000e-03  eta: 1:03:56  time: 0.2283  data_time: 0.0193  memory: 1884  loss: 0.1381  loss_rpn_cls: 0.0047  loss_rpn_bbox: 0.0451  loss_cls: 0.0145  acc: 100.0000  loss_bbox: 0.0738
2024/08/18 00:12:32 - mmengine - INFO - Epoch(train)  [3][ 600/1000]  lr: 2.5000e-03  eta: 1:02:58  time: 0.2494  data_time: 0.0200  memory: 1884  loss: 0.1475  loss_rpn_cls: 0.0049  loss_rpn_bbox: 0.0420  loss_cls: 0.0188  acc: 99.5238  loss_bbox: 0.0818
2024/08/18 00:12:56 - mmengine - INFO - Epoch(train)  [3][ 700/1000]  lr: 2.5000e-03  eta: 1:02:02  time: 0.2451  data_time: 0.0195  memory: 1884  loss: 0.1402  loss_rpn_cls: 0.0050  loss_rpn_bbox: 0.0486  loss_cls: 0.0178  acc: 99.0148  loss_bbox: 0.0688
2024/08/18 00:13:21 - mmengine - INFO - Epoch(train)  [3][ 800/1000]  lr: 2.5000e-03  eta: 1:01:08  time: 0.2528  data_time: 0.0196  memory: 1883  loss: 0.1322  loss_rpn_cls: 0.0036  loss_rpn_bbox: 0.0439  loss_cls: 0.0150  acc: 99.4792  loss_bbox: 0.0698
2024/08/18 00:13:46 - mmengine - INFO - Epoch(train)  [3][ 900/1000]  lr: 2.5000e-03  eta: 1:00:17  time: 0.2558  data_time: 0.0213  memory: 1884  loss: 0.1348  loss_rpn_cls: 0.0034  loss_rpn_bbox: 0.0433  loss_cls: 0.0182  acc: 93.0693  loss_bbox: 0.0698
2024/08/18 00:14:11 - mmengine - INFO - Exp name: maskrcnn_res101_20240817_235913
2024/08/18 00:14:11 - mmengine - INFO - Epoch(train)  [3][1000/1000]  lr: 2.5000e-03  eta: 0:59:26  time: 0.2464  data_time: 0.0185  memory: 1883  loss: 0.1427  loss_rpn_cls: 0.0044  loss_rpn_bbox: 0.0458  loss_cls: 0.0150  acc: 99.0291  loss_bbox: 0.0776
2024/08/18 00:14:11 - mmengine - INFO - Saving checkpoint at 3 epochs
2024/08/18 00:14:38 - mmengine - INFO - Epoch(train)  [4][ 100/1000]  lr: 2.5000e-03  eta: 0:58:38  time: 0.2436  data_time: 0.0186  memory: 1883  loss: 0.1411  loss_rpn_cls: 0.0038  loss_rpn_bbox: 0.0487  loss_cls: 0.0158  acc: 98.5149  loss_bbox: 0.0728
2024/08/18 00:15:03 - mmengine - INFO - Epoch(train)  [4][ 200/1000]  lr: 2.5000e-03  eta: 0:57:50  time: 0.2479  data_time: 0.0195  memory: 1884  loss: 0.1431  loss_rpn_cls: 0.0066  loss_rpn_bbox: 0.0403  loss_cls: 0.0151  acc: 99.4845  loss_bbox: 0.0812
2024/08/18 00:15:28 - mmengine - INFO - Epoch(train)  [4][ 300/1000]  lr: 2.5000e-03  eta: 0:57:03  time: 0.2493  data_time: 0.0194  memory: 1883  loss: 0.1416  loss_rpn_cls: 0.0051  loss_rpn_bbox: 0.0457  loss_cls: 0.0160  acc: 99.5169  loss_bbox: 0.0748
2024/08/18 00:15:52 - mmengine - INFO - Epoch(train)  [4][ 400/1000]  lr: 2.5000e-03  eta: 0:56:19  time: 0.2531  data_time: 0.0195  memory: 1883  loss: 0.1441  loss_rpn_cls: 0.0042  loss_rpn_bbox: 0.0461  loss_cls: 0.0176  acc: 98.5149  loss_bbox: 0.0761
2024/08/18 00:16:15 - mmengine - INFO - Epoch(train)  [4][ 500/1000]  lr: 2.5000e-03  eta: 0:55:29  time: 0.2206  data_time: 0.0191  memory: 1883  loss: 0.1375  loss_rpn_cls: 0.0034  loss_rpn_bbox: 0.0388  loss_cls: 0.0155  acc: 98.9899  loss_bbox: 0.0798
2024/08/18 00:16:46 - mmengine - INFO - Epoch(train)  [4][ 600/1000]  lr: 2.5000e-03  eta: 0:55:04  time: 0.3099  data_time: 0.0189  memory: 1883  loss: 0.1403  loss_rpn_cls: 0.0039  loss_rpn_bbox: 0.0406  loss_cls: 0.0163  acc: 99.0291  loss_bbox: 0.0796
2024/08/18 00:17:17 - mmengine - INFO - Epoch(train)  [4][ 700/1000]  lr: 2.5000e-03  eta: 0:54:44  time: 0.3108  data_time: 0.0192  memory: 1883  loss: 0.1393  loss_rpn_cls: 0.0038  loss_rpn_bbox: 0.0461  loss_cls: 0.0169  acc: 99.0099  loss_bbox: 0.0724
2024/08/18 00:17:49 - mmengine - INFO - Epoch(train)  [4][ 800/1000]  lr: 2.5000e-03  eta: 0:54:23  time: 0.3129  data_time: 0.0191  memory: 1884  loss: 0.1375  loss_rpn_cls: 0.0036  loss_rpn_bbox: 0.0409  loss_cls: 0.0144  acc: 99.5050  loss_bbox: 0.0786
2024/08/18 00:18:21 - mmengine - INFO - Epoch(train)  [4][ 900/1000]  lr: 2.5000e-03  eta: 0:54:00  time: 0.3130  data_time: 0.0193  memory: 1883  loss: 0.1265  loss_rpn_cls: 0.0035  loss_rpn_bbox: 0.0416  loss_cls: 0.0139  acc: 100.0000  loss_bbox: 0.0676
2024/08/18 00:18:52 - mmengine - INFO - Exp name: maskrcnn_res101_20240817_235913
2024/08/18 00:18:52 - mmengine - INFO - Epoch(train)  [4][1000/1000]  lr: 2.5000e-03  eta: 0:53:38  time: 0.3177  data_time: 0.0188  memory: 1883  loss: 0.1299  loss_rpn_cls: 0.0035  loss_rpn_bbox: 0.0366  loss_cls: 0.0157  acc: 98.0296  loss_bbox: 0.0742
2024/08/18 00:19:25 - mmengine - INFO - Epoch(train)  [5][ 100/1000]  lr: 2.5000e-03  eta: 0:53:17  time: 0.3213  data_time: 0.0193  memory: 1884  loss: 0.1268  loss_rpn_cls: 0.0029  loss_rpn_bbox: 0.0383  loss_cls: 0.0108  acc: 100.0000  loss_bbox: 0.0749
2024/08/18 00:19:56 - mmengine - INFO - Epoch(train)  [5][ 200/1000]  lr: 2.5000e-03  eta: 0:52:54  time: 0.3187  data_time: 0.0193  memory: 1883  loss: 0.1339  loss_rpn_cls: 0.0032  loss_rpn_bbox: 0.0369  loss_cls: 0.0091  acc: 100.0000  loss_bbox: 0.0848
2024/08/18 00:20:27 - mmengine - INFO - Epoch(train)  [5][ 300/1000]  lr: 2.5000e-03  eta: 0:52:29  time: 0.3052  data_time: 0.0184  memory: 1884  loss: 0.1401  loss_rpn_cls: 0.0035  loss_rpn_bbox: 0.0404  loss_cls: 0.0164  acc: 99.5025  loss_bbox: 0.0798
2024/08/18 00:20:59 - mmengine - INFO - Epoch(train)  [5][ 400/1000]  lr: 2.5000e-03  eta: 0:52:05  time: 0.3195  data_time: 0.0190  memory: 1884  loss: 0.1349  loss_rpn_cls: 0.0028  loss_rpn_bbox: 0.0402  loss_cls: 0.0148  acc: 99.5122  loss_bbox: 0.0771
2024/08/18 00:21:31 - mmengine - INFO - Epoch(train)  [5][ 500/1000]  lr: 2.5000e-03  eta: 0:51:40  time: 0.3183  data_time: 0.0196  memory: 1883  loss: 0.1337  loss_rpn_cls: 0.0031  loss_rpn_bbox: 0.0372  loss_cls: 0.0158  acc: 99.0385  loss_bbox: 0.0776
2024/08/18 00:22:03 - mmengine - INFO - Epoch(train)  [5][ 600/1000]  lr: 2.5000e-03  eta: 0:51:16  time: 0.3147  data_time: 0.0194  memory: 1883  loss: 0.1291  loss_rpn_cls: 0.0026  loss_rpn_bbox: 0.0421  loss_cls: 0.0104  acc: 99.5074  loss_bbox: 0.0740
2024/08/18 00:22:34 - mmengine - INFO - Epoch(train)  [5][ 700/1000]  lr: 2.5000e-03  eta: 0:50:51  time: 0.3135  data_time: 0.0198  memory: 1884  loss: 0.1290  loss_rpn_cls: 0.0046  loss_rpn_bbox: 0.0387  loss_cls: 0.0168  acc: 99.5074  loss_bbox: 0.0688
2024/08/18 00:23:06 - mmengine - INFO - Epoch(train)  [5][ 800/1000]  lr: 2.5000e-03  eta: 0:50:26  time: 0.3141  data_time: 0.0192  memory: 1884  loss: 0.1224  loss_rpn_cls: 0.0032  loss_rpn_bbox: 0.0401  loss_cls: 0.0147  acc: 99.0099  loss_bbox: 0.0644
2024/08/18 00:23:38 - mmengine - INFO - Epoch(train)  [5][ 900/1000]  lr: 2.5000e-03  eta: 0:50:01  time: 0.3244  data_time: 0.0201  memory: 1884  loss: 0.1220  loss_rpn_cls: 0.0028  loss_rpn_bbox: 0.0407  loss_cls: 0.0139  acc: 98.5366  loss_bbox: 0.0646
2024/08/18 00:24:10 - mmengine - INFO - Exp name: maskrcnn_res101_20240817_235913
2024/08/18 00:24:10 - mmengine - INFO - Epoch(train)  [5][1000/1000]  lr: 2.5000e-03  eta: 0:49:35  time: 0.3187  data_time: 0.0197  memory: 1884  loss: 0.1286  loss_rpn_cls: 0.0032  loss_rpn_bbox: 0.0360  loss_cls: 0.0142  acc: 99.0244  loss_bbox: 0.0752
2024/08/18 00:24:42 - mmengine - INFO - Epoch(train)  [6][ 100/1000]  lr: 2.5000e-03  eta: 0:49:09  time: 0.3190  data_time: 0.0196  memory: 1883  loss: 0.1234  loss_rpn_cls: 0.0025  loss_rpn_bbox: 0.0329  loss_cls: 0.0088  acc: 99.0338  loss_bbox: 0.0791
2024/08/18 00:25:13 - mmengine - INFO - Epoch(train)  [6][ 200/1000]  lr: 2.5000e-03  eta: 0:48:44  time: 0.3209  data_time: 0.0196  memory: 1883  loss: 0.1262  loss_rpn_cls: 0.0027  loss_rpn_bbox: 0.0375  loss_cls: 0.0092  acc: 100.0000  loss_bbox: 0.0768
